#
# A fatal error has been detected by the Java Runtime Environment:
#
#  SIGSEGV (0xb) at pc=0x00007fea0462c699, pid=3439, tid=3442
#
# JRE version: OpenJDK Runtime Environment (14.0.2+12) (build 14.0.2+12)
# Java VM: OpenJDK 64-Bit Server VM (14.0.2+12, mixed mode, tiered, compressed oops, g1 gc, linux-amd64)
# Problematic frame:
# C  [libjemalloc.so+0xb699]
#
# Core dump will be written. Default location: Core dumps may be processed with "/usr/lib/systemd/systemd-coredump %P %u %g %s %t %c %h" (or dumping to /home/franz/uni/geometriacomputazionale/lwjgl/core.3439)
#
# If you would like to submit a bug report, please visit:
#   https://bugreport.java.com/bugreport/crash.jsp
# The crash happened outside the Java Virtual Machine in native code.
# See problematic frame for where to report the bug.
#

---------------  S U M M A R Y ------------

Command Line: -Dfile.encoding=UTF-8 -Duser.country=US -Duser.language=en -Duser.variant IntroToModernOpenGL

Host: Intel(R) Core(TM) i7-7500U CPU @ 2.70GHz, 4 cores, 7G, Arch Linux
Time: Mon Dec 28 11:04:37 2020 CET elapsed time: 0 seconds (0d 0h 0m 0s)

---------------  T H R E A D  ---------------

Current thread (0x00007fea70019800):  JavaThread "main" [_thread_in_native, id=3442, stack(0x00007fea743e5000,0x00007fea744e6000)]

Stack: [0x00007fea743e5000,0x00007fea744e6000],  sp=0x00007fea744e4620,  free space=1021k
Native frames: (J=compiled Java code, A=aot compiled Java code, j=interpreted, Vv=VM code, C=native code)
C  [libjemalloc.so+0xb699]

Java frames: (J=compiled Java code, j=interpreted, Vv=VM code)
j  org.lwjgl.system.JNI.invokePV(JJ)V+0
j  org.lwjgl.system.jemalloc.JEmalloc.nje_free(J)V+6
j  org.lwjgl.system.jemalloc.JEmallocAllocator.free(J)V+1
j  org.lwjgl.system.MemoryUtil.nmemFree(J)V+4
j  org.lwjgl.system.MemoryUtil.memFree(Ljava/nio/Buffer;)V+14
j  IntroToModernOpenGL.main([Ljava/lang/String;)V+305
v  ~StubRoutines::call_stub

siginfo: si_signo: 11 (SIGSEGV), si_code: 1 (SEGV_MAPERR), si_addr: 0x00000000001852b0

Register to memory mapping:

RAX=0x00000000001852b0 is an unknown value
RBX=0x00007fea70905f70 points into unknown readable memory: 00 01 00 00 01 00 00 00
RCX=0x00007fea049822f8: <offset 0x00000000003612f8> in /tmp/lwjglfranz/3.2.3-build-13/libjemalloc.so at 0x00007fea04621000
RDX=0x0000000000000070 is an unknown value
RSP=0x00007fea744e4620 is pointing into the stack for thread: 0x00007fea70019800
RBP=0x00007fea70a56220 points into unknown readable memory: 00 01 02 01 02 03 02 03
RSI=0x00007fea709060a0 points into unknown readable memory: 01 00 00 00 00 00 00 00
RDI=0x00007fea709060b0 points into unknown readable memory: 01 00 00 00 00 00 00 00
R8 =0x0000000000000001 is an unknown value
R9 =0x00007fea70906030 points into unknown readable memory: 00 00 00 40 ea 7f 00 00
R10=0x00007fea5858e581 is at code_begin+897 in an Interpreter codelet
method entry point (kind = native)  [0x00007fea5858e200, 0x00007fea5858eb80]  2432 bytes
R11=0x0000000000000001 is an unknown value
R12=0x00007fea40000000 points into unknown readable memory: 20 00 00 40 ea 7f 00 00
R13=0x00007fea70906160 points into unknown readable memory: 00 00 00 00 00 00 00 00
R14=0x00007fea70905fa0 points into unknown readable memory: 01 00 00 00 00 00 00 00
R15=0x00007fea70906000 points into unknown readable memory: 01 00 00 00 00 00 00 00


Registers:
RAX=0x00000000001852b0, RBX=0x00007fea70905f70, RCX=0x00007fea049822f8, RDX=0x0000000000000070
RSP=0x00007fea744e4620, RBP=0x00007fea70a56220, RSI=0x00007fea709060a0, RDI=0x00007fea709060b0
R8 =0x0000000000000001, R9 =0x00007fea70906030, R10=0x00007fea5858e581, R11=0x0000000000000001
R12=0x00007fea40000000, R13=0x00007fea70906160, R14=0x00007fea70905fa0, R15=0x00007fea70906000
RIP=0x00007fea0462c699, EFLAGS=0x0000000000010206, CSGSFS=0x002b000000000033, ERR=0x0000000000000004
  TRAPNO=0x000000000000000e

Top of Stack: (sp=0x00007fea744e4620)
0x00007fea744e4620:   00007fe9f9d051a8 00007fea744e4790
0x00007fea744e4630:   00007fea70019800 00007fea3167284e
0x00007fea744e4640:   0000000000000020 00007fea50f8bb78
0x00007fea744e4650:   00007fea744e46e8 0000000000000000 

Instructions: (pc=0x00007fea0462c699)
0x00007fea0462c599:   00 00 00 00 70 4d 39 fd 77 70 4b 8d 4c 2d ff 41
0x00007fea0462c5a9:   b9 01 00 00 00 48 0f bd f9 41 89 fc b9 04 00 00
0x00007fea0462c5b9:   00 4d 8d 44 24 fd 49 83 fc 07 49 0f 43 c8 49 d3
0x00007fea0462c5c9:   e1 4d 8d 51 ff 4c 89 d2 4d 01 ea 48 f7 d2 4c 21
0x00007fea0462c5d9:   d2 31 c9 48 89 c6 48 89 ef e8 09 24 02 00 48 85
0x00007fea0462c5e9:   c0 49 89 c7 0f 85 d0 f6 ff ff e9 e8 f6 ff ff 45
0x00007fea0462c5f9:   31 c0 44 89 e1 4c 89 ea 31 f6 48 89 ef e8 55 83
0x00007fea0462c609:   00 00 49 89 c7 e9 c4 f6 ff ff 31 d2 eb c3 66 0f
0x00007fea0462c619:   1f 84 00 00 00 00 00 41 57 41 56 41 55 41 54 55
0x00007fea0462c629:   48 89 fd 53 48 83 ec 28 48 85 ff 0f 84 c0 00 00
0x00007fea0462c639:   00 66 48 8d 3d 9e c9 24 00 66 66 48 e8 26 a4 ff
0x00007fea0462c649:   ff 80 38 00 0f 85 b6 00 00 00 48 89 c3 48 89 e9
0x00007fea0462c659:   49 89 ec 4c 8d ab f0 01 00 00 48 c1 e9 1a 49 81
0x00007fea0462c669:   e4 00 00 00 c0 4c 8d 73 30 81 e1 f0 00 00 00 4c
0x00007fea0462c679:   8d 3c 0b 4d 8b 4f 30 4d 39 cc 0f 85 0e 02 00 00
0x00007fea0462c689:   48 89 e8 48 c1 e8 09 25 f8 ff 1f 00 49 03 47 38
0x00007fea0462c699:   4c 8b 00 4c 89 c7 48 c1 ef 30 41 83 e0 01 0f 84
0x00007fea0462c6a9:   81 01 00 00 48 8d 15 64 f9 45 00 48 8d 0c 7f 4d
0x00007fea0462c6b9:   8d 64 cd 10 4c 8b 0a 45 8b 44 24 04 4d 8d 3c b9
0x00007fea0462c6c9:   45 3b 07 0f 84 09 02 00 00 41 83 c0 01 4d 8b 74
0x00007fea0462c6d9:   24 10 45 89 44 24 04 4d 63 c0 49 c1 e0 03 4d 29
0x00007fea0462c6e9:   c6 49 89 2e 83 ab f8 01 00 00 01 0f 88 1f 01 00
0x00007fea0462c6f9:   00 48 83 c4 28 5b 5d 41 5c 41 5d 41 5e 41 5f c3
0x00007fea0462c709:   be 01 00 00 00 48 89 c7 e8 ca ba 03 00 80 38 00
0x00007fea0462c719:   48 89 c3 0f 84 34 ff ff ff 80 78 03 00 0f 85 24
0x00007fea0462c729:   05 00 00 45 31 ed 80 7b 01 00 48 8d 80 f0 01 00
0x00007fea0462c739:   00 4c 0f 45 e8 49 89 ec 31 c0 b9 06 00 00 00 49
0x00007fea0462c749:   c1 ec 1a 48 89 e7 48 89 e2 41 81 e4 f0 00 00 00
0x00007fea0462c759:   48 89 ee 49 89 ee f3 ab 49 01 dc 31 ff 48 89 2c
0x00007fea0462c769:   24 e8 e1 1b 02 00 4d 8b 44 24 30 49 81 e6 00 00
0x00007fea0462c779:   00 c0 4c 8d 7b 30 4d 39 c6 0f 85 83 04 00 00 48
0x00007fea0462c789:   89 e8 48 c1 e8 09 25 f8 ff 1f 00 49 03 44 24 38 


Stack slot to memory mapping:
stack at sp + 0 slots: {method} {0x00007fe9f9d051a8} 'nglTexImage2D' '(IIIIIIIIJ)V' in 'org/lwjgl/opengl/GL11C'
stack at sp + 1 slots: 0x00007fea744e4790 is pointing into the stack for thread: 0x00007fea70019800
stack at sp + 2 slots: 0x00007fea70019800 is a thread
stack at sp + 3 slots: 0x00007fea3167284e: <offset 0x000000000030184e> in /usr/lib/dri/iris_dri.so at 0x00007fea31371000
stack at sp + 4 slots: 0x0000000000000020 is an unknown value
stack at sp + 5 slots: {method} {0x00007fea50f8bb78} 'invokePV' '(JJ)V' in 'org/lwjgl/system/JNI'
stack at sp + 6 slots: 0x00007fea744e46e8 is pointing into the stack for thread: 0x00007fea70019800
stack at sp + 7 slots: 0x0 is NULL


---------------  P R O C E S S  ---------------

Threads class SMR info:
_java_thread_list=0x00007fea1812b490, length=11, elements={
0x00007fea70019800, 0x00007fea70169800, 0x00007fea7016b000, 0x00007fea70182800,
0x00007fea70184800, 0x00007fea70186800, 0x00007fea70188800, 0x00007fea70190000,
0x00007fea70213000, 0x00007fea70221000, 0x00007fea1812a000
}

Java Threads: ( => current thread )
=>0x00007fea70019800 JavaThread "main" [_thread_in_native, id=3442, stack(0x00007fea743e5000,0x00007fea744e6000)]
  0x00007fea70169800 JavaThread "Reference Handler" daemon [_thread_blocked, id=3455, stack(0x00007fea505c0000,0x00007fea506c1000)]
  0x00007fea7016b000 JavaThread "Finalizer" daemon [_thread_blocked, id=3456, stack(0x00007fea504bf000,0x00007fea505c0000)]
  0x00007fea70182800 JavaThread "Signal Dispatcher" daemon [_thread_blocked, id=3457, stack(0x00007fea503be000,0x00007fea504bf000)]
  0x00007fea70184800 JavaThread "Service Thread" daemon [_thread_blocked, id=3458, stack(0x00007fea502bd000,0x00007fea503be000)]
  0x00007fea70186800 JavaThread "C2 CompilerThread0" daemon [_thread_blocked, id=3459, stack(0x00007fea501bc000,0x00007fea502bd000)]
  0x00007fea70188800 JavaThread "C1 CompilerThread0" daemon [_thread_blocked, id=3460, stack(0x00007fea500bb000,0x00007fea501bc000)]
  0x00007fea70190000 JavaThread "Sweeper thread" daemon [_thread_blocked, id=3461, stack(0x00007fea339cc000,0x00007fea33acd000)]
  0x00007fea70213000 JavaThread "Notification Thread" daemon [_thread_blocked, id=3462, stack(0x00007fea338cb000,0x00007fea339cc000)]
  0x00007fea70221000 JavaThread "Common-Cleaner" daemon [_thread_blocked, id=3464, stack(0x00007fea336c8000,0x00007fea337c9000)]
  0x00007fea1812a000 JavaThread "C2 CompilerThread1" daemon [_thread_in_native, id=3465, stack(0x00007fea335c7000,0x00007fea336c8000)]

Other Threads:
  0x00007fea7015c000 VMThread "VM Thread" [stack: 0x00007fea506c3000,0x00007fea507c3000] [id=3454]
  0x00007fea70215800 WatcherThread [stack: 0x00007fea337cb000,0x00007fea338cb000] [id=3463]
  0x00007fea70059800 GCTaskThread "GC Thread#0" [stack: 0x00007fea538ad000,0x00007fea539ad000] [id=3446]
  0x00007fea34001000 GCTaskThread "GC Thread#1" [stack: 0x00007fea33275000,0x00007fea33375000] [id=3466]
  0x00007fea7006b000 ConcurrentGCThread "G1 Main Marker" [stack: 0x00007fea537ab000,0x00007fea538ab000] [id=3447]
  0x00007fea7006c800 ConcurrentGCThread "G1 Conc#0" [stack: 0x00007fea536a9000,0x00007fea537a9000] [id=3448]
  0x00007fea700e2800 ConcurrentGCThread "G1 Refine#0" [stack: 0x00007fea511a3000,0x00007fea512a3000] [id=3449]
  0x00007fea700e4800 ConcurrentGCThread "G1 Young RemSet Sampling" [stack: 0x00007fea510a1000,0x00007fea511a1000] [id=3450]

Threads with active compile tasks:
C2 CompilerThread1      562  646   !   4       jdk.internal.loader.URLClassPath$JarLoader::ensureOpen (36 bytes)

VM state:not at safepoint (normal execution)

VM Mutex/Monitor currently owned by a thread: None

Heap address: 0x0000000085600000, size: 1962 MB, Compressed Oops mode: 32-bit
Narrow klass base: 0x0000000000000000, Narrow klass shift: 3
Compressed class space size: 1073741824 Address: 0x0000000100000000

Heap:
 garbage-first heap   total 126976K, used 11334K [0x0000000085600000, 0x0000000100000000)
  region size 1024K, 11 young (11264K), 1 survivors (1024K)
 Metaspace       used 10849K, capacity 10996K, committed 11264K, reserved 1060864K
  class space    used 706K, capacity 754K, committed 768K, reserved 1048576K
Heap Regions: E=young(eden), S=young(survivor), O=old, HS=humongous(starts), HC=humongous(continues), CS=collection set, F=free, OA=open archive, CA=closed archive, TAMS=top-at-mark-start (previous, next)
|   0|0x0000000085600000, 0x0000000085700000, 0x0000000085700000|100%| O|  |TAMS 0x0000000085600000, 0x0000000085600000| Untracked 
|   1|0x0000000085700000, 0x0000000085783000, 0x0000000085800000| 51%| O|  |TAMS 0x0000000085700000, 0x0000000085700000| Untracked 
|   2|0x0000000085800000, 0x0000000085800000, 0x0000000085900000|  0%| F|  |TAMS 0x0000000085800000, 0x0000000085800000| Untracked 
|   3|0x0000000085900000, 0x0000000085900000, 0x0000000085a00000|  0%| F|  |TAMS 0x0000000085900000, 0x0000000085900000| Untracked 
|   4|0x0000000085a00000, 0x0000000085a00000, 0x0000000085b00000|  0%| F|  |TAMS 0x0000000085a00000, 0x0000000085a00000| Untracked 
|   5|0x0000000085b00000, 0x0000000085b00000, 0x0000000085c00000|  0%| F|  |TAMS 0x0000000085b00000, 0x0000000085b00000| Untracked 
|   6|0x0000000085c00000, 0x0000000085c00000, 0x0000000085d00000|  0%| F|  |TAMS 0x0000000085c00000, 0x0000000085c00000| Untracked 
|   7|0x0000000085d00000, 0x0000000085d00000, 0x0000000085e00000|  0%| F|  |TAMS 0x0000000085d00000, 0x0000000085d00000| Untracked 
|   8|0x0000000085e00000, 0x0000000085e00000, 0x0000000085f00000|  0%| F|  |TAMS 0x0000000085e00000, 0x0000000085e00000| Untracked 
|   9|0x0000000085f00000, 0x0000000085f00000, 0x0000000086000000|  0%| F|  |TAMS 0x0000000085f00000, 0x0000000085f00000| Untracked 
|  10|0x0000000086000000, 0x0000000086000000, 0x0000000086100000|  0%| F|  |TAMS 0x0000000086000000, 0x0000000086000000| Untracked 
|  11|0x0000000086100000, 0x0000000086100000, 0x0000000086200000|  0%| F|  |TAMS 0x0000000086100000, 0x0000000086100000| Untracked 
|  12|0x0000000086200000, 0x0000000086200000, 0x0000000086300000|  0%| F|  |TAMS 0x0000000086200000, 0x0000000086200000| Untracked 
|  13|0x0000000086300000, 0x0000000086300000, 0x0000000086400000|  0%| F|  |TAMS 0x0000000086300000, 0x0000000086300000| Untracked 
|  14|0x0000000086400000, 0x0000000086400000, 0x0000000086500000|  0%| F|  |TAMS 0x0000000086400000, 0x0000000086400000| Untracked 
|  15|0x0000000086500000, 0x0000000086500000, 0x0000000086600000|  0%| F|  |TAMS 0x0000000086500000, 0x0000000086500000| Untracked 
|  16|0x0000000086600000, 0x0000000086600000, 0x0000000086700000|  0%| F|  |TAMS 0x0000000086600000, 0x0000000086600000| Untracked 
|  17|0x0000000086700000, 0x0000000086700000, 0x0000000086800000|  0%| F|  |TAMS 0x0000000086700000, 0x0000000086700000| Untracked 
|  18|0x0000000086800000, 0x0000000086800000, 0x0000000086900000|  0%| F|  |TAMS 0x0000000086800000, 0x0000000086800000| Untracked 
|  19|0x0000000086900000, 0x0000000086900000, 0x0000000086a00000|  0%| F|  |TAMS 0x0000000086900000, 0x0000000086900000| Untracked 
|  20|0x0000000086a00000, 0x0000000086a00000, 0x0000000086b00000|  0%| F|  |TAMS 0x0000000086a00000, 0x0000000086a00000| Untracked 
|  21|0x0000000086b00000, 0x0000000086b00000, 0x0000000086c00000|  0%| F|  |TAMS 0x0000000086b00000, 0x0000000086b00000| Untracked 
|  22|0x0000000086c00000, 0x0000000086c00000, 0x0000000086d00000|  0%| F|  |TAMS 0x0000000086c00000, 0x0000000086c00000| Untracked 
|  23|0x0000000086d00000, 0x0000000086d00000, 0x0000000086e00000|  0%| F|  |TAMS 0x0000000086d00000, 0x0000000086d00000| Untracked 
|  24|0x0000000086e00000, 0x0000000086e00000, 0x0000000086f00000|  0%| F|  |TAMS 0x0000000086e00000, 0x0000000086e00000| Untracked 
|  25|0x0000000086f00000, 0x0000000086f00000, 0x0000000087000000|  0%| F|  |TAMS 0x0000000086f00000, 0x0000000086f00000| Untracked 
|  26|0x0000000087000000, 0x0000000087000000, 0x0000000087100000|  0%| F|  |TAMS 0x0000000087000000, 0x0000000087000000| Untracked 
|  27|0x0000000087100000, 0x0000000087100000, 0x0000000087200000|  0%| F|  |TAMS 0x0000000087100000, 0x0000000087100000| Untracked 
|  28|0x0000000087200000, 0x0000000087200000, 0x0000000087300000|  0%| F|  |TAMS 0x0000000087200000, 0x0000000087200000| Untracked 
|  29|0x0000000087300000, 0x0000000087300000, 0x0000000087400000|  0%| F|  |TAMS 0x0000000087300000, 0x0000000087300000| Untracked 
|  30|0x0000000087400000, 0x0000000087400000, 0x0000000087500000|  0%| F|  |TAMS 0x0000000087400000, 0x0000000087400000| Untracked 
|  31|0x0000000087500000, 0x0000000087500000, 0x0000000087600000|  0%| F|  |TAMS 0x0000000087500000, 0x0000000087500000| Untracked 
|  32|0x0000000087600000, 0x0000000087600000, 0x0000000087700000|  0%| F|  |TAMS 0x0000000087600000, 0x0000000087600000| Untracked 
|  33|0x0000000087700000, 0x0000000087700000, 0x0000000087800000|  0%| F|  |TAMS 0x0000000087700000, 0x0000000087700000| Untracked 
|  34|0x0000000087800000, 0x0000000087800000, 0x0000000087900000|  0%| F|  |TAMS 0x0000000087800000, 0x0000000087800000| Untracked 
|  35|0x0000000087900000, 0x0000000087900000, 0x0000000087a00000|  0%| F|  |TAMS 0x0000000087900000, 0x0000000087900000| Untracked 
|  36|0x0000000087a00000, 0x0000000087a00000, 0x0000000087b00000|  0%| F|  |TAMS 0x0000000087a00000, 0x0000000087a00000| Untracked 
|  37|0x0000000087b00000, 0x0000000087b00000, 0x0000000087c00000|  0%| F|  |TAMS 0x0000000087b00000, 0x0000000087b00000| Untracked 
|  38|0x0000000087c00000, 0x0000000087c00000, 0x0000000087d00000|  0%| F|  |TAMS 0x0000000087c00000, 0x0000000087c00000| Untracked 
|  39|0x0000000087d00000, 0x0000000087d00000, 0x0000000087e00000|  0%| F|  |TAMS 0x0000000087d00000, 0x0000000087d00000| Untracked 
|  40|0x0000000087e00000, 0x0000000087e00000, 0x0000000087f00000|  0%| F|  |TAMS 0x0000000087e00000, 0x0000000087e00000| Untracked 
|  41|0x0000000087f00000, 0x0000000087f00000, 0x0000000088000000|  0%| F|  |TAMS 0x0000000087f00000, 0x0000000087f00000| Untracked 
|  42|0x0000000088000000, 0x0000000088000000, 0x0000000088100000|  0%| F|  |TAMS 0x0000000088000000, 0x0000000088000000| Untracked 
|  43|0x0000000088100000, 0x0000000088100000, 0x0000000088200000|  0%| F|  |TAMS 0x0000000088100000, 0x0000000088100000| Untracked 
|  44|0x0000000088200000, 0x0000000088200000, 0x0000000088300000|  0%| F|  |TAMS 0x0000000088200000, 0x0000000088200000| Untracked 
|  45|0x0000000088300000, 0x0000000088300000, 0x0000000088400000|  0%| F|  |TAMS 0x0000000088300000, 0x0000000088300000| Untracked 
|  46|0x0000000088400000, 0x0000000088400000, 0x0000000088500000|  0%| F|  |TAMS 0x0000000088400000, 0x0000000088400000| Untracked 
|  47|0x0000000088500000, 0x0000000088500000, 0x0000000088600000|  0%| F|  |TAMS 0x0000000088500000, 0x0000000088500000| Untracked 
|  48|0x0000000088600000, 0x0000000088600000, 0x0000000088700000|  0%| F|  |TAMS 0x0000000088600000, 0x0000000088600000| Untracked 
|  49|0x0000000088700000, 0x0000000088700000, 0x0000000088800000|  0%| F|  |TAMS 0x0000000088700000, 0x0000000088700000| Untracked 
|  50|0x0000000088800000, 0x0000000088800000, 0x0000000088900000|  0%| F|  |TAMS 0x0000000088800000, 0x0000000088800000| Untracked 
|  51|0x0000000088900000, 0x0000000088900000, 0x0000000088a00000|  0%| F|  |TAMS 0x0000000088900000, 0x0000000088900000| Untracked 
|  52|0x0000000088a00000, 0x0000000088a00000, 0x0000000088b00000|  0%| F|  |TAMS 0x0000000088a00000, 0x0000000088a00000| Untracked 
|  53|0x0000000088b00000, 0x0000000088b00000, 0x0000000088c00000|  0%| F|  |TAMS 0x0000000088b00000, 0x0000000088b00000| Untracked 
|  54|0x0000000088c00000, 0x0000000088c00000, 0x0000000088d00000|  0%| F|  |TAMS 0x0000000088c00000, 0x0000000088c00000| Untracked 
|  55|0x0000000088d00000, 0x0000000088d00000, 0x0000000088e00000|  0%| F|  |TAMS 0x0000000088d00000, 0x0000000088d00000| Untracked 
|  56|0x0000000088e00000, 0x0000000088e00000, 0x0000000088f00000|  0%| F|  |TAMS 0x0000000088e00000, 0x0000000088e00000| Untracked 
|  57|0x0000000088f00000, 0x0000000088f00000, 0x0000000089000000|  0%| F|  |TAMS 0x0000000088f00000, 0x0000000088f00000| Untracked 
|  58|0x0000000089000000, 0x0000000089000000, 0x0000000089100000|  0%| F|  |TAMS 0x0000000089000000, 0x0000000089000000| Untracked 
|  59|0x0000000089100000, 0x0000000089100000, 0x0000000089200000|  0%| F|  |TAMS 0x0000000089100000, 0x0000000089100000| Untracked 
|  60|0x0000000089200000, 0x0000000089200000, 0x0000000089300000|  0%| F|  |TAMS 0x0000000089200000, 0x0000000089200000| Untracked 
|  61|0x0000000089300000, 0x0000000089300000, 0x0000000089400000|  0%| F|  |TAMS 0x0000000089300000, 0x0000000089300000| Untracked 
|  62|0x0000000089400000, 0x0000000089400000, 0x0000000089500000|  0%| F|  |TAMS 0x0000000089400000, 0x0000000089400000| Untracked 
|  63|0x0000000089500000, 0x0000000089500000, 0x0000000089600000|  0%| F|  |TAMS 0x0000000089500000, 0x0000000089500000| Untracked 
|  64|0x0000000089600000, 0x0000000089600000, 0x0000000089700000|  0%| F|  |TAMS 0x0000000089600000, 0x0000000089600000| Untracked 
|  65|0x0000000089700000, 0x0000000089700000, 0x0000000089800000|  0%| F|  |TAMS 0x0000000089700000, 0x0000000089700000| Untracked 
|  66|0x0000000089800000, 0x0000000089800000, 0x0000000089900000|  0%| F|  |TAMS 0x0000000089800000, 0x0000000089800000| Untracked 
|  67|0x0000000089900000, 0x0000000089900000, 0x0000000089a00000|  0%| F|  |TAMS 0x0000000089900000, 0x0000000089900000| Untracked 
|  68|0x0000000089a00000, 0x0000000089a00000, 0x0000000089b00000|  0%| F|  |TAMS 0x0000000089a00000, 0x0000000089a00000| Untracked 
|  69|0x0000000089b00000, 0x0000000089b00000, 0x0000000089c00000|  0%| F|  |TAMS 0x0000000089b00000, 0x0000000089b00000| Untracked 
|  70|0x0000000089c00000, 0x0000000089c00000, 0x0000000089d00000|  0%| F|  |TAMS 0x0000000089c00000, 0x0000000089c00000| Untracked 
|  71|0x0000000089d00000, 0x0000000089d00000, 0x0000000089e00000|  0%| F|  |TAMS 0x0000000089d00000, 0x0000000089d00000| Untracked 
|  72|0x0000000089e00000, 0x0000000089e00000, 0x0000000089f00000|  0%| F|  |TAMS 0x0000000089e00000, 0x0000000089e00000| Untracked 
|  73|0x0000000089f00000, 0x0000000089f00000, 0x000000008a000000|  0%| F|  |TAMS 0x0000000089f00000, 0x0000000089f00000| Untracked 
|  74|0x000000008a000000, 0x000000008a000000, 0x000000008a100000|  0%| F|  |TAMS 0x000000008a000000, 0x000000008a000000| Untracked 
|  75|0x000000008a100000, 0x000000008a100000, 0x000000008a200000|  0%| F|  |TAMS 0x000000008a100000, 0x000000008a100000| Untracked 
|  76|0x000000008a200000, 0x000000008a200000, 0x000000008a300000|  0%| F|  |TAMS 0x000000008a200000, 0x000000008a200000| Untracked 
|  77|0x000000008a300000, 0x000000008a300000, 0x000000008a400000|  0%| F|  |TAMS 0x000000008a300000, 0x000000008a300000| Untracked 
|  78|0x000000008a400000, 0x000000008a400000, 0x000000008a500000|  0%| F|  |TAMS 0x000000008a400000, 0x000000008a400000| Untracked 
|  79|0x000000008a500000, 0x000000008a500000, 0x000000008a600000|  0%| F|  |TAMS 0x000000008a500000, 0x000000008a500000| Untracked 
|  80|0x000000008a600000, 0x000000008a600000, 0x000000008a700000|  0%| F|  |TAMS 0x000000008a600000, 0x000000008a600000| Untracked 
|  81|0x000000008a700000, 0x000000008a700000, 0x000000008a800000|  0%| F|  |TAMS 0x000000008a700000, 0x000000008a700000| Untracked 
|  82|0x000000008a800000, 0x000000008a800000, 0x000000008a900000|  0%| F|  |TAMS 0x000000008a800000, 0x000000008a800000| Untracked 
|  83|0x000000008a900000, 0x000000008a900000, 0x000000008aa00000|  0%| F|  |TAMS 0x000000008a900000, 0x000000008a900000| Untracked 
|  84|0x000000008aa00000, 0x000000008aa00000, 0x000000008ab00000|  0%| F|  |TAMS 0x000000008aa00000, 0x000000008aa00000| Untracked 
|  85|0x000000008ab00000, 0x000000008ab00000, 0x000000008ac00000|  0%| F|  |TAMS 0x000000008ab00000, 0x000000008ab00000| Untracked 
|  86|0x000000008ac00000, 0x000000008ac00000, 0x000000008ad00000|  0%| F|  |TAMS 0x000000008ac00000, 0x000000008ac00000| Untracked 
|  87|0x000000008ad00000, 0x000000008ad00000, 0x000000008ae00000|  0%| F|  |TAMS 0x000000008ad00000, 0x000000008ad00000| Untracked 
|  88|0x000000008ae00000, 0x000000008ae00000, 0x000000008af00000|  0%| F|  |TAMS 0x000000008ae00000, 0x000000008ae00000| Untracked 
|  89|0x000000008af00000, 0x000000008af00000, 0x000000008b000000|  0%| F|  |TAMS 0x000000008af00000, 0x000000008af00000| Untracked 
|  90|0x000000008b000000, 0x000000008b000000, 0x000000008b100000|  0%| F|  |TAMS 0x000000008b000000, 0x000000008b000000| Untracked 
|  91|0x000000008b100000, 0x000000008b100000, 0x000000008b200000|  0%| F|  |TAMS 0x000000008b100000, 0x000000008b100000| Untracked 
|  92|0x000000008b200000, 0x000000008b200000, 0x000000008b300000|  0%| F|  |TAMS 0x000000008b200000, 0x000000008b200000| Untracked 
|  93|0x000000008b300000, 0x000000008b300000, 0x000000008b400000|  0%| F|  |TAMS 0x000000008b300000, 0x000000008b300000| Untracked 
|  94|0x000000008b400000, 0x000000008b400000, 0x000000008b500000|  0%| F|  |TAMS 0x000000008b400000, 0x000000008b400000| Untracked 
|  95|0x000000008b500000, 0x000000008b500000, 0x000000008b600000|  0%| F|  |TAMS 0x000000008b500000, 0x000000008b500000| Untracked 
|  96|0x000000008b600000, 0x000000008b600000, 0x000000008b700000|  0%| F|  |TAMS 0x000000008b600000, 0x000000008b600000| Untracked 
|  97|0x000000008b700000, 0x000000008b700000, 0x000000008b800000|  0%| F|  |TAMS 0x000000008b700000, 0x000000008b700000| Untracked 
|  98|0x000000008b800000, 0x000000008b800000, 0x000000008b900000|  0%| F|  |TAMS 0x000000008b800000, 0x000000008b800000| Untracked 
|  99|0x000000008b900000, 0x000000008b900000, 0x000000008ba00000|  0%| F|  |TAMS 0x000000008b900000, 0x000000008b900000| Untracked 
| 100|0x000000008ba00000, 0x000000008ba00000, 0x000000008bb00000|  0%| F|  |TAMS 0x000000008ba00000, 0x000000008ba00000| Untracked 
| 101|0x000000008bb00000, 0x000000008bb00000, 0x000000008bc00000|  0%| F|  |TAMS 0x000000008bb00000, 0x000000008bb00000| Untracked 
| 102|0x000000008bc00000, 0x000000008bc00000, 0x000000008bd00000|  0%| F|  |TAMS 0x000000008bc00000, 0x000000008bc00000| Untracked 
| 103|0x000000008bd00000, 0x000000008bd00000, 0x000000008be00000|  0%| F|  |TAMS 0x000000008bd00000, 0x000000008bd00000| Untracked 
| 104|0x000000008be00000, 0x000000008be8e9b8, 0x000000008bf00000| 55%| S|CS|TAMS 0x000000008be00000, 0x000000008be00000| Complete 
| 105|0x000000008bf00000, 0x000000008bf00000, 0x000000008c000000|  0%| F|  |TAMS 0x000000008bf00000, 0x000000008bf00000| Untracked 
| 106|0x000000008c000000, 0x000000008c000000, 0x000000008c100000|  0%| F|  |TAMS 0x000000008c000000, 0x000000008c000000| Untracked 
| 107|0x000000008c100000, 0x000000008c100000, 0x000000008c200000|  0%| F|  |TAMS 0x000000008c100000, 0x000000008c100000| Untracked 
| 108|0x000000008c200000, 0x000000008c200000, 0x000000008c300000|  0%| F|  |TAMS 0x000000008c200000, 0x000000008c200000| Untracked 
| 109|0x000000008c300000, 0x000000008c300000, 0x000000008c400000|  0%| F|  |TAMS 0x000000008c300000, 0x000000008c300000| Untracked 
| 110|0x000000008c400000, 0x000000008c400000, 0x000000008c500000|  0%| F|  |TAMS 0x000000008c400000, 0x000000008c400000| Untracked 
| 111|0x000000008c500000, 0x000000008c500000, 0x000000008c600000|  0%| F|  |TAMS 0x000000008c500000, 0x000000008c500000| Untracked 
| 112|0x000000008c600000, 0x000000008c600000, 0x000000008c700000|  0%| F|  |TAMS 0x000000008c600000, 0x000000008c600000| Untracked 
| 113|0x000000008c700000, 0x000000008c700000, 0x000000008c800000|  0%| F|  |TAMS 0x000000008c700000, 0x000000008c700000| Untracked 
| 114|0x000000008c800000, 0x000000008c880800, 0x000000008c900000| 50%| E|  |TAMS 0x000000008c800000, 0x000000008c800000| Complete 
| 115|0x000000008c900000, 0x000000008ca00000, 0x000000008ca00000|100%| E|CS|TAMS 0x000000008c900000, 0x000000008c900000| Complete 
| 116|0x000000008ca00000, 0x000000008cb00000, 0x000000008cb00000|100%| E|CS|TAMS 0x000000008ca00000, 0x000000008ca00000| Complete 
| 117|0x000000008cb00000, 0x000000008cc00000, 0x000000008cc00000|100%| E|CS|TAMS 0x000000008cb00000, 0x000000008cb00000| Complete 
| 118|0x000000008cc00000, 0x000000008cd00000, 0x000000008cd00000|100%| E|CS|TAMS 0x000000008cc00000, 0x000000008cc00000| Complete 
| 119|0x000000008cd00000, 0x000000008ce00000, 0x000000008ce00000|100%| E|CS|TAMS 0x000000008cd00000, 0x000000008cd00000| Complete 
| 120|0x000000008ce00000, 0x000000008cf00000, 0x000000008cf00000|100%| E|CS|TAMS 0x000000008ce00000, 0x000000008ce00000| Complete 
| 121|0x000000008cf00000, 0x000000008d000000, 0x000000008d000000|100%| E|CS|TAMS 0x000000008cf00000, 0x000000008cf00000| Complete 
| 122|0x000000008d000000, 0x000000008d100000, 0x000000008d100000|100%| E|CS|TAMS 0x000000008d000000, 0x000000008d000000| Complete 
| 123|0x000000008d100000, 0x000000008d200000, 0x000000008d200000|100%| E|CS|TAMS 0x000000008d100000, 0x000000008d100000| Complete 

Card table byte_map: [0x00007fea57ad2000,0x00007fea57ea7000] _byte_map_base: 0x00007fea576a7000

Marking Bits (Prev, Next): (CMBitMap*) 0x00007fea7005a6f8, (CMBitMap*) 0x00007fea7005a738
 Prev Bits: [0x00007fea55855000, 0x00007fea576fd000)
 Next Bits: [0x00007fea539ad000, 0x00007fea55855000)

Polling page: 0x00007fea75cb4000

Metaspace:

Usage:
  Non-class:     10.00 MB capacity,     9.91 MB (>99%) used,    88.99 KB ( <1%) free+waste,     9.75 KB ( <1%) overhead. 
      Class:    754.00 KB capacity,   706.31 KB ( 94%) used,    44.38 KB (  6%) free+waste,     3.31 KB ( <1%) overhead. 
       Both:     10.74 MB capacity,    10.60 MB ( 99%) used,   133.37 KB (  1%) free+waste,    13.06 KB ( <1%) overhead. 

Virtual space:
  Non-class space:       12.00 MB reserved,      10.25 MB ( 85%) committed 
      Class space:        1.00 GB reserved,     768.00 KB ( <1%) committed 
             Both:        1.01 GB reserved,      11.00 MB (  1%) committed 

Chunk freelists:
   Non-Class:  194.00 KB
       Class:  14.00 KB
        Both:  208.00 KB

MaxMetaspaceSize: unlimited
CompressedClassSpaceSize: 1.00 GB

CodeHeap 'non-profiled nmethods': size=120032Kb used=251Kb max_used=251Kb free=119780Kb
 bounds [0x00007fea60047000, 0x00007fea602b7000, 0x00007fea6757f000]
CodeHeap 'profiled nmethods': size=120028Kb used=1354Kb max_used=1354Kb free=118673Kb
 bounds [0x00007fea58b10000, 0x00007fea58d80000, 0x00007fea60047000]
CodeHeap 'non-nmethods': size=5700Kb used=1538Kb max_used=1555Kb free=4161Kb
 bounds [0x00007fea5857f000, 0x00007fea587ef000, 0x00007fea58b10000]
 total_blobs=1651 nmethods=736 adapters=829
 compilation: enabled
              stopped_count=0, restarted_count=0
 full_count=0

Compilation events (20 events):
Event: 0.534 Thread 0x00007fea70188800  725       3       org.lwjgl.system.Checks::check (17 bytes)
Event: 0.534 Thread 0x00007fea70188800 nmethod 725 0x00007fea58c5e110 code [0x00007fea58c5e2e0, 0x00007fea58c5e600]
Event: 0.534 Thread 0x00007fea70188800  726       3       org.lwjgl.system.CheckIntrinsics::checkIndex (6 bytes)
Event: 0.534 Thread 0x00007fea70186800  730       4       java.lang.String::isEmpty (14 bytes)
Event: 0.534 Thread 0x00007fea70188800 nmethod 726 0x00007fea58c5e790 code [0x00007fea58c5e980, 0x00007fea58c5f020]
Event: 0.535 Thread 0x00007fea70186800 nmethod 730 0x00007fea60085610 code [0x00007fea60085780, 0x00007fea60085818]
Event: 0.537 Thread 0x00007fea70188800  731   !   3       java.nio.DirectByteBuffer::put (35 bytes)
Event: 0.537 Thread 0x00007fea70186800  733       4       jdk.internal.misc.Unsafe::putByte (8 bytes)
Event: 0.537 Thread 0x00007fea70188800 nmethod 731 0x00007fea58c5f290 code [0x00007fea58c5f480, 0x00007fea58c5f990]
Event: 0.537 Thread 0x00007fea70186800 nmethod 733 0x00007fea60085910 code [0x00007fea60085a80, 0x00007fea60085af8]
Event: 0.537 Thread 0x00007fea70188800  735       3       java.nio.ByteBuffer::put (56 bytes)
Event: 0.538 Thread 0x00007fea70188800 nmethod 735 0x00007fea58c5fc90 code [0x00007fea58c5fe80, 0x00007fea58c60440]
Event: 0.538 Thread 0x00007fea70186800  737       4       java.nio.Buffer::remaining (10 bytes)
Event: 0.538 Thread 0x00007fea70188800  732       3       java.nio.Buffer::nextPutIndex (30 bytes)
Event: 0.538 Thread 0x00007fea70188800 nmethod 732 0x00007fea58c60690 code [0x00007fea58c60840, 0x00007fea58c60a40]
Event: 0.538 Thread 0x00007fea70188800  736   !   3       java.nio.DirectByteBuffer::put (156 bytes)
Event: 0.538 Thread 0x00007fea70186800 nmethod 737 0x00007fea60085c10 code [0x00007fea60085d80, 0x00007fea60085df8]
Event: 0.539 Thread 0x00007fea70188800 nmethod 736 0x00007fea58c60b10 code [0x00007fea58c60e40, 0x00007fea58c61ef0]
Event: 0.539 Thread 0x00007fea70188800  734       3       java.nio.ByteBuffer::put (9 bytes)
Event: 0.539 Thread 0x00007fea70188800 nmethod 734 0x00007fea58c62790 code [0x00007fea58c62920, 0x00007fea58c62ae0]

GC Heap History (4 events):
Event: 0.254 GC heap before
{Heap before GC invocations=0 (full 0):
 garbage-first heap   total 126976K, used 13312K [0x0000000085600000, 0x0000000100000000)
  region size 1024K, 13 young (13312K), 0 survivors (0K)
 Metaspace       used 7225K, capacity 7316K, committed 7680K, reserved 1056768K
  class space    used 601K, capacity 654K, committed 768K, reserved 1048576K
}
Event: 0.256 GC heap after
{Heap after GC invocations=1 (full 0):
 garbage-first heap   total 126976K, used 1593K [0x0000000085600000, 0x0000000100000000)
  region size 1024K, 2 young (2048K), 2 survivors (2048K)
 Metaspace       used 7225K, capacity 7316K, committed 7680K, reserved 1056768K
  class space    used 601K, capacity 654K, committed 768K, reserved 1048576K
}
Event: 0.476 GC heap before
{Heap before GC invocations=1 (full 0):
 garbage-first heap   total 126976K, used 19001K [0x0000000085600000, 0x0000000100000000)
  region size 1024K, 19 young (19456K), 2 survivors (2048K)
 Metaspace       used 9890K, capacity 10004K, committed 10240K, reserved 1058816K
  class space    used 668K, capacity 722K, committed 768K, reserved 1048576K
}
Event: 0.481 GC heap after
{Heap after GC invocations=2 (full 0):
 garbage-first heap   total 126976K, used 2118K [0x0000000085600000, 0x0000000100000000)
  region size 1024K, 1 young (1024K), 1 survivors (1024K)
 Metaspace       used 9890K, capacity 10004K, committed 10240K, reserved 1058816K
  class space    used 668K, capacity 722K, committed 768K, reserved 1048576K
}

Deoptimization events (20 events):
Event: 0.347 Thread 0x00007fea70019800 Uncommon trap: trap_request=0xffffffde fr.pc=0x00007fea6006b580 relative=0x00000000000004e0
Event: 0.347 Thread 0x00007fea70019800 Uncommon trap: reason=class_check action=maybe_recompile pc=0x00007fea6006b580 method=java.util.HashMap.getNode(ILjava/lang/Object;)Ljava/util/HashMap$Node; @ 59 c2
Event: 0.347 Thread 0x00007fea70019800 DEOPT PACKING pc=0x00007fea6006b580 sp=0x00007fea744e3910
Event: 0.347 Thread 0x00007fea70019800 DEOPT UNPACKING pc=0x00007fea585c7e25 sp=0x00007fea744e3848 mode 2
Event: 0.391 Thread 0x00007fea70019800 Uncommon trap: trap_request=0xffffffde fr.pc=0x00007fea6006b580 relative=0x00000000000004e0
Event: 0.391 Thread 0x00007fea70019800 Uncommon trap: reason=class_check action=maybe_recompile pc=0x00007fea6006b580 method=java.util.HashMap.getNode(ILjava/lang/Object;)Ljava/util/HashMap$Node; @ 59 c2
Event: 0.391 Thread 0x00007fea70019800 DEOPT PACKING pc=0x00007fea6006b580 sp=0x00007fea744e1f10
Event: 0.391 Thread 0x00007fea70019800 DEOPT UNPACKING pc=0x00007fea585c7e25 sp=0x00007fea744e1e48 mode 2
Event: 0.399 Thread 0x00007fea70019800 Uncommon trap: trap_request=0xffffff54 fr.pc=0x00007fea60075960 relative=0x0000000000000060
Event: 0.399 Thread 0x00007fea70019800 Uncommon trap: reason=speculate_null_assert action=make_not_entrant pc=0x00007fea60075960 method=sun.misc.Unsafe.putLong(Ljava/lang/Object;JJ)V @ 7 c2
Event: 0.399 Thread 0x00007fea70019800 DEOPT PACKING pc=0x00007fea60075960 sp=0x00007fea744e4530
Event: 0.399 Thread 0x00007fea70019800 DEOPT UNPACKING pc=0x00007fea585c7e25 sp=0x00007fea744e44c8 mode 2
Event: 0.400 Thread 0x00007fea70019800 Uncommon trap: trap_request=0xffffff45 fr.pc=0x00007fea60072510 relative=0x0000000000000970
Event: 0.400 Thread 0x00007fea70019800 Uncommon trap: reason=unstable_if action=reinterpret pc=0x00007fea60072510 method=java.util.jar.JarFile.getVersionedEntry(Ljava/lang/String;Ljava/util/jar/JarEntry;)Ljava/util/jar/JarEntry; @ 67 c2
Event: 0.400 Thread 0x00007fea70019800 DEOPT PACKING pc=0x00007fea60072510 sp=0x00007fea744e3840
Event: 0.400 Thread 0x00007fea70019800 DEOPT UNPACKING pc=0x00007fea585c7e25 sp=0x00007fea744e3828 mode 2
Event: 0.537 Thread 0x00007fea70019800 Uncommon trap: trap_request=0xffffff54 fr.pc=0x00007fea6007a858 relative=0x0000000000000058
Event: 0.537 Thread 0x00007fea70019800 Uncommon trap: reason=speculate_null_assert action=make_not_entrant pc=0x00007fea6007a858 method=sun.misc.Unsafe.getLong(Ljava/lang/Object;J)J @ 5 c2
Event: 0.537 Thread 0x00007fea70019800 DEOPT PACKING pc=0x00007fea6007a858 sp=0x00007fea744e4820
Event: 0.537 Thread 0x00007fea70019800 DEOPT UNPACKING pc=0x00007fea585c7e25 sp=0x00007fea744e47c8 mode 2

Classes unloaded (0 events):
No events

Classes redefined (0 events):
No events

Internal exceptions (7 events):
Event: 0.199 Thread 0x00007fea70019800 Exception <a 'java/lang/NoSuchMethodError'{0x000000008c9633a0}: 'void java.lang.invoke.DelegatingMethodHandle$Holder.delegate(java.lang.Object, java.lang.Object, int, java.lang.Object)'> (0x000000008c9633a0) 
thrown [src/hotspot/share/interpreter/linkResolver.cpp, line 765]
Event: 0.200 Thread 0x00007fea70019800 Exception <a 'java/lang/NoSuchMethodError'{0x000000008c969df8}: 'java.lang.Object java.lang.invoke.DirectMethodHandle$Holder.invokeStaticInit(java.lang.Object, java.lang.Object, java.lang.Object)'> (0x000000008c969df8) 
thrown [src/hotspot/share/interpreter/linkResolver.cpp, line 765]
Event: 0.237 Thread 0x00007fea70019800 Exception <a 'sun/nio/fs/UnixException'{0x000000008c620b88}> (0x000000008c620b88) 
thrown [src/hotspot/share/prims/jni.cpp, line 599]
Event: 0.245 Thread 0x00007fea70019800 Exception <a 'sun/nio/fs/UnixException'{0x000000008c672428}> (0x000000008c672428) 
thrown [src/hotspot/share/prims/jni.cpp, line 599]
Event: 0.350 Thread 0x00007fea70019800 Exception <a 'sun/nio/fs/UnixException'{0x000000008cfd2ce0}> (0x000000008cfd2ce0) 
thrown [src/hotspot/share/prims/jni.cpp, line 599]
Event: 0.352 Thread 0x00007fea70019800 Exception <a 'sun/nio/fs/UnixException'{0x000000008ce42db0}> (0x000000008ce42db0) 
thrown [src/hotspot/share/prims/jni.cpp, line 599]
Event: 0.395 Thread 0x00007fea70019800 Exception <a 'sun/nio/fs/UnixException'{0x000000008cb13a98}> (0x000000008cb13a98) 
thrown [src/hotspot/share/prims/jni.cpp, line 599]

Events (20 events):
Event: 0.262 loading class java/lang/IndexOutOfBoundsException
Event: 0.262 loading class java/lang/IndexOutOfBoundsException done
Event: 0.341 Executing VM operation: HandshakeOneThread
Event: 0.341 Executing VM operation: HandshakeOneThread done
Event: 0.341 Executing VM operation: HandshakeOneThread
Event: 0.341 Executing VM operation: HandshakeOneThread done
Event: 0.350 Loaded shared library /tmp/lwjglfranz/3.2.3-build-13/liblwjgl_opengl.so
Event: 0.360 loading class java/util/LinkedHashSet
Event: 0.360 loading class java/util/LinkedHashSet done
Event: 0.361 Executing VM operation: HandshakeAllThreads
Event: 0.372 Executing VM operation: HandshakeAllThreads done
Event: 0.412 Loaded shared library /tmp/lwjglfranz/3.2.3-build-13/liblwjgl.so
Event: 0.476 Executing VM operation: G1CollectForAllocation
Event: 0.481 Executing VM operation: G1CollectForAllocation done
Event: 0.522 loading class jdk/internal/reflect/UnsafeQualifiedLongFieldAccessorImpl
Event: 0.522 loading class jdk/internal/reflect/UnsafeQualifiedFieldAccessorImpl
Event: 0.522 loading class jdk/internal/reflect/UnsafeQualifiedFieldAccessorImpl done
Event: 0.522 loading class jdk/internal/reflect/UnsafeQualifiedLongFieldAccessorImpl done
Event: 0.529 loading class java/util/function/BiFunction
Event: 0.530 loading class java/util/function/BiFunction done


Dynamic libraries:
85600000-8d200000 rw-p 00000000 00:00 0 
8d200000-100000000 ---p 00000000 00:00 0 
100000000-1000c0000 rw-p 00000000 00:00 0 
1000c0000-140000000 ---p 00000000 00:00 0 
55d0e5cd0000-55d0e5cd1000 r--p 00000000 08:03 5645854                    /usr/lib/jvm/java-14-openjdk/bin/java
55d0e5cd1000-55d0e5cd2000 r-xp 00001000 08:03 5645854                    /usr/lib/jvm/java-14-openjdk/bin/java
55d0e5cd2000-55d0e5cd3000 r--p 00002000 08:03 5645854                    /usr/lib/jvm/java-14-openjdk/bin/java
55d0e5cd3000-55d0e5cd4000 r--p 00002000 08:03 5645854                    /usr/lib/jvm/java-14-openjdk/bin/java
55d0e5cd4000-55d0e5cd5000 rw-p 00003000 08:03 5645854                    /usr/lib/jvm/java-14-openjdk/bin/java
55d0e6a0a000-55d0e6a2b000 rw-p 00000000 00:00 0                          [heap]
7fe9e4000000-7fe9e4021000 rw-p 00000000 00:00 0 
7fe9e4021000-7fe9e8000000 ---p 00000000 00:00 0 
7fe9ec000000-7fe9ec021000 rw-p 00000000 00:00 0 
7fe9ec021000-7fe9f0000000 ---p 00000000 00:00 0 
7fe9f0000000-7fe9f0021000 rw-p 00000000 00:00 0 
7fe9f0021000-7fe9f4000000 ---p 00000000 00:00 0 
7fe9f4000000-7fe9f4021000 rw-p 00000000 00:00 0 
7fe9f4021000-7fe9f8000000 ---p 00000000 00:00 0 
7fe9f9cdf000-7fe9f9d1f000 rw-p 00000000 00:00 0 
7fe9f9d1f000-7fe9f9edf000 ---p 00000000 00:00 0 
7fe9fa000000-7fe9fa400000 rw-p 00000000 00:00 0 
7fe9fa5a1000-7fe9fadf9000 r--p 00000000 08:03 5537882                    /usr/lib/libLLVM-11.so
7fe9fadf9000-7fe9fdf58000 r-xp 00858000 08:03 5537882                    /usr/lib/libLLVM-11.so
7fe9fdf58000-7fe9ffb40000 r--p 039b7000 08:03 5537882                    /usr/lib/libLLVM-11.so
7fe9ffb40000-7fe9ffb41000 ---p 0559f000 08:03 5537882                    /usr/lib/libLLVM-11.so
7fe9ffb41000-7fe9fff88000 r--p 0559f000 08:03 5537882                    /usr/lib/libLLVM-11.so
7fe9fff88000-7fe9fff92000 rw-p 059e6000 08:03 5537882                    /usr/lib/libLLVM-11.so
7fe9fff92000-7fea00000000 rw-p 00000000 00:00 0 
7fea00000000-7fea00021000 rw-p 00000000 00:00 0 
7fea00021000-7fea04000000 ---p 00000000 00:00 0 
7fea04000000-7fea04200000 rw-p 00000000 00:00 0 
7fea04200000-7fea04600000 rw-p 00000000 00:00 0 
7fea04621000-7fea04674000 r-xp 00000000 00:30 52                         /tmp/lwjglfranz/3.2.3-build-13/libjemalloc.so
7fea04674000-7fea04874000 ---p 00053000 00:30 52                         /tmp/lwjglfranz/3.2.3-build-13/libjemalloc.so
7fea04874000-7fea04879000 r--p 00053000 00:30 52                         /tmp/lwjglfranz/3.2.3-build-13/libjemalloc.so
7fea04879000-7fea0487a000 rw-p 00058000 00:30 52                         /tmp/lwjglfranz/3.2.3-build-13/libjemalloc.so
7fea0487a000-7fea04a8d000 rw-p 00000000 00:00 0 
7fea04a8d000-7fea04ae5000 r-xp 00000000 00:30 51                         /tmp/lwjglfranz/3.2.3-build-13/liblwjgl_opengl.so
7fea04ae5000-7fea04ce4000 ---p 00058000 00:30 51                         /tmp/lwjglfranz/3.2.3-build-13/liblwjgl_opengl.so
7fea04ce4000-7fea04ce5000 r--p 00057000 00:30 51                         /tmp/lwjglfranz/3.2.3-build-13/liblwjgl_opengl.so
7fea04ce5000-7fea04ce6000 rw-p 00058000 00:30 51                         /tmp/lwjglfranz/3.2.3-build-13/liblwjgl_opengl.so
7fea04ce6000-7fea04ce7000 ---p 00000000 00:00 0 
7fea04ce7000-7fea054e7000 rw-p 00000000 00:00 0 
7fea054e7000-7fea054e8000 ---p 00000000 00:00 0 
7fea054e8000-7fea05ce8000 rw-p 00000000 00:00 0 
7fea05ce8000-7fea05ce9000 ---p 00000000 00:00 0 
7fea05ce9000-7fea064e9000 rw-p 00000000 00:00 0 
7fea064e9000-7fea07fff000 r--p 00000000 08:03 5521587                    /usr/lib/libicudata.so.67.1
7fea07fff000-7fea08000000 r--p 01b15000 08:03 5521587                    /usr/lib/libicudata.so.67.1
7fea08000000-7fea08021000 rw-p 00000000 00:00 0 
7fea08021000-7fea0c000000 ---p 00000000 00:00 0 
7fea0c000000-7fea0c471000 rw-p 00000000 00:00 0 
7fea0c471000-7fea10000000 ---p 00000000 00:00 0 
7fea10000000-7fea10021000 rw-p 00000000 00:00 0 
7fea10021000-7fea14000000 ---p 00000000 00:00 0 
7fea14000000-7fea14021000 rw-p 00000000 00:00 0 
7fea14021000-7fea18000000 ---p 00000000 00:00 0 
7fea18000000-7fea1835c000 rw-p 00000000 00:00 0 
7fea1835c000-7fea1c000000 ---p 00000000 00:00 0 
7fea1c000000-7fea1c021000 rw-p 00000000 00:00 0 
7fea1c021000-7fea20000000 ---p 00000000 00:00 0 
7fea20000000-7fea20021000 rw-p 00000000 00:00 0 
7fea20021000-7fea24000000 ---p 00000000 00:00 0 
7fea24000000-7fea24512000 rw-p 00000000 00:00 0 
7fea24512000-7fea28000000 ---p 00000000 00:00 0 
7fea28000000-7fea28021000 rw-p 00000000 00:00 0 
7fea28021000-7fea2c000000 ---p 00000000 00:00 0 
7fea2c000000-7fea2c021000 rw-p 00000000 00:00 0 
7fea2c021000-7fea30000000 ---p 00000000 00:00 0 
7fea3003d000-7fea3003e000 rw-s 1031fe000 00:0d 10527                     anon_inode:i915.gem
7fea3003e000-7fea30040000 rw-s 1031fc000 00:0d 10527                     anon_inode:i915.gem
7fea30040000-7fea30050000 rw-s 1031ea000 00:0d 10527                     anon_inode:i915.gem
7fea30050000-7fea30060000 rw-s 1031da000 00:0d 10527                     anon_inode:i915.gem
7fea30060000-7fea30064000 rw-s 1031d6000 00:0d 10527                     anon_inode:i915.gem
7fea30064000-7fea30164000 rw-s 1030d6000 00:0d 10527                     anon_inode:i915.gem
7fea30164000-7fea30168000 rw-s 1030d2000 00:0d 10527                     anon_inode:i915.gem
7fea30168000-7fea303e8000 rw-s 102e52000 00:0d 10527                     anon_inode:i915.gem
7fea303e8000-7fea30468000 rw-s 102dd2000 00:0d 10527                     anon_inode:i915.gem
7fea30468000-7fea30478000 rw-s 102dc2000 00:0d 10527                     anon_inode:i915.gem
7fea30478000-7fea30479000 ---p 00000000 00:00 0 
7fea30479000-7fea30c79000 rw-p 00000000 00:00 0 
7fea30c79000-7fea30dba000 rw-s 00000000 08:03 10747917                   /home/franz/.cache/mesa_shader_cache/index
7fea30dba000-7fea30dbd000 r--p 00000000 08:03 5518120                    /usr/lib/liblzma.so.5.2.5
7fea30dbd000-7fea30dd4000 r-xp 00003000 08:03 5518120                    /usr/lib/liblzma.so.5.2.5
7fea30dd4000-7fea30ddf000 r--p 0001a000 08:03 5518120                    /usr/lib/liblzma.so.5.2.5
7fea30ddf000-7fea30de0000 ---p 00025000 08:03 5518120                    /usr/lib/liblzma.so.5.2.5
7fea30de0000-7fea30de1000 r--p 00025000 08:03 5518120                    /usr/lib/liblzma.so.5.2.5
7fea30de1000-7fea30de2000 rw-p 00026000 08:03 5518120                    /usr/lib/liblzma.so.5.2.5
7fea30de2000-7fea30e46000 r--p 00000000 08:03 5521607                    /usr/lib/libicuuc.so.67.1
7fea30e46000-7fea30f2c000 r-xp 00064000 08:03 5521607                    /usr/lib/libicuuc.so.67.1
7fea30f2c000-7fea30fb3000 r--p 0014a000 08:03 5521607                    /usr/lib/libicuuc.so.67.1
7fea30fb3000-7fea30fb4000 ---p 001d1000 08:03 5521607                    /usr/lib/libicuuc.so.67.1
7fea30fb4000-7fea30fc6000 r--p 001d1000 08:03 5521607                    /usr/lib/libicuuc.so.67.1
7fea30fc6000-7fea30fc7000 rw-p 001e3000 08:03 5521607                    /usr/lib/libicuuc.so.67.1
7fea30fc7000-7fea30fc9000 rw-p 00000000 00:00 0 
7fea30fc9000-7fea30ff7000 r--p 00000000 08:03 5526779                    /usr/lib/libxml2.so.2.9.10
7fea30ff7000-7fea310e0000 r-xp 0002e000 08:03 5526779                    /usr/lib/libxml2.so.2.9.10
7fea310e0000-7fea3112b000 r--p 00117000 08:03 5526779                    /usr/lib/libxml2.so.2.9.10
7fea3112b000-7fea31134000 r--p 00161000 08:03 5526779                    /usr/lib/libxml2.so.2.9.10
7fea31134000-7fea31135000 rw-p 0016a000 08:03 5526779                    /usr/lib/libxml2.so.2.9.10
7fea31135000-7fea31137000 rw-p 00000000 00:00 0 
7fea31137000-7fea3114e000 r--p 00000000 08:03 5509263                    /usr/lib/libncursesw.so.6.2
7fea3114e000-7fea3118a000 r-xp 00017000 08:03 5509263                    /usr/lib/libncursesw.so.6.2
7fea3118a000-7fea311a2000 r--p 00053000 08:03 5509263                    /usr/lib/libncursesw.so.6.2
7fea311a2000-7fea311a7000 r--p 0006a000 08:03 5509263                    /usr/lib/libncursesw.so.6.2
7fea311a7000-7fea311a8000 rw-p 0006f000 08:03 5509263                    /usr/lib/libncursesw.so.6.2
7fea311a8000-7fea311b1000 r--p 00000000 08:03 5533630                    /usr/lib/libedit.so.0.0.63
7fea311b1000-7fea311ce000 r-xp 00009000 08:03 5533630                    /usr/lib/libedit.so.0.0.63
7fea311ce000-7fea311dc000 r--p 00026000 08:03 5533630                    /usr/lib/libedit.so.0.0.63
7fea311dc000-7fea311dd000 ---p 00034000 08:03 5533630                    /usr/lib/libedit.so.0.0.63
7fea311dd000-7fea311df000 r--p 00034000 08:03 5533630                    /usr/lib/libedit.so.0.0.63
7fea311df000-7fea311e0000 rw-p 00036000 08:03 5533630                    /usr/lib/libedit.so.0.0.63
7fea311e0000-7fea311e3000 rw-p 00000000 00:00 0 
7fea311e3000-7fea311e5000 r--p 00000000 08:03 5520516                    /usr/lib/libffi.so.7.1.0
7fea311e5000-7fea311eb000 r-xp 00002000 08:03 5520516                    /usr/lib/libffi.so.7.1.0
7fea311eb000-7fea311ed000 r--p 00008000 08:03 5520516                    /usr/lib/libffi.so.7.1.0
7fea311ed000-7fea311ee000 r--p 00009000 08:03 5520516                    /usr/lib/libffi.so.7.1.0
7fea311ee000-7fea311ef000 rw-p 0000a000 08:03 5520516                    /usr/lib/libffi.so.7.1.0
7fea311ef000-7fea31204000 r--p 00000000 08:03 5550937                    /usr/lib/libvulkan.so.1.2.164
7fea31204000-7fea31236000 r-xp 00015000 08:03 5550937                    /usr/lib/libvulkan.so.1.2.164
7fea31236000-7fea3124a000 r--p 00047000 08:03 5550937                    /usr/lib/libvulkan.so.1.2.164
7fea3124a000-7fea3124d000 r--p 0005a000 08:03 5550937                    /usr/lib/libvulkan.so.1.2.164
7fea3124d000-7fea3124e000 rw-p 0005d000 08:03 5550937                    /usr/lib/libvulkan.so.1.2.164
7fea3124e000-7fea31250000 r--p 00000000 08:03 5533858                    /usr/lib/libdrm_nouveau.so.2.0.0
7fea31250000-7fea31254000 r-xp 00002000 08:03 5533858                    /usr/lib/libdrm_nouveau.so.2.0.0
7fea31254000-7fea31256000 r--p 00006000 08:03 5533858                    /usr/lib/libdrm_nouveau.so.2.0.0
7fea31256000-7fea31257000 r--p 00007000 08:03 5533858                    /usr/lib/libdrm_nouveau.so.2.0.0
7fea31257000-7fea31258000 rw-p 00008000 08:03 5533858                    /usr/lib/libdrm_nouveau.so.2.0.0
7fea31258000-7fea3125b000 r--p 00000000 08:03 5533679                    /usr/lib/libdrm_amdgpu.so.1.0.0
7fea3125b000-7fea31260000 r-xp 00003000 08:03 5533679                    /usr/lib/libdrm_amdgpu.so.1.0.0
7fea31260000-7fea31262000 r--p 00008000 08:03 5533679                    /usr/lib/libdrm_amdgpu.so.1.0.0
7fea31262000-7fea31263000 r--p 00009000 08:03 5533679                    /usr/lib/libdrm_amdgpu.so.1.0.0
7fea31263000-7fea31264000 rw-p 0000a000 08:03 5533679                    /usr/lib/libdrm_amdgpu.so.1.0.0
7fea31264000-7fea31267000 r--p 00000000 08:03 5546694                    /usr/lib/libelf-0.181.so
7fea31267000-7fea31277000 r-xp 00003000 08:03 5546694                    /usr/lib/libelf-0.181.so
7fea31277000-7fea3127b000 r--p 00013000 08:03 5546694                    /usr/lib/libelf-0.181.so
7fea3127b000-7fea3127c000 ---p 00017000 08:03 5546694                    /usr/lib/libelf-0.181.so
7fea3127c000-7fea3127d000 r--p 00017000 08:03 5546694                    /usr/lib/libelf-0.181.so
7fea3127d000-7fea3127e000 rw-p 00018000 08:03 5546694                    /usr/lib/libelf-0.181.so
7fea3127e000-7fea31280000 r--p 00000000 08:03 5533861                    /usr/lib/libdrm_radeon.so.1.0.1
7fea31280000-7fea31287000 r-xp 00002000 08:03 5533861                    /usr/lib/libdrm_radeon.so.1.0.1
7fea31287000-7fea3128b000 r--p 00009000 08:03 5533861                    /usr/lib/libdrm_radeon.so.1.0.1
7fea3128b000-7fea3128c000 r--p 0000c000 08:03 5533861                    /usr/lib/libdrm_radeon.so.1.0.1
7fea3128c000-7fea3128d000 rw-p 0000d000 08:03 5533861                    /usr/lib/libdrm_radeon.so.1.0.1
7fea3128d000-7fea31290000 r--p 00000000 08:03 5535097                    /usr/lib/libsensors.so.5.0.0
7fea31290000-7fea31297000 r-xp 00003000 08:03 5535097                    /usr/lib/libsensors.so.5.0.0
7fea31297000-7fea3129c000 r--p 0000a000 08:03 5535097                    /usr/lib/libsensors.so.5.0.0
7fea3129c000-7fea3129d000 ---p 0000f000 08:03 5535097                    /usr/lib/libsensors.so.5.0.0
7fea3129d000-7fea3129e000 r--p 0000f000 08:03 5535097                    /usr/lib/libsensors.so.5.0.0
7fea3129e000-7fea3129f000 rw-p 00010000 08:03 5535097                    /usr/lib/libsensors.so.5.0.0
7fea3129f000-7fea312a4000 r--p 00000000 08:03 5522060                    /usr/lib/libzstd.so.1.4.5
7fea312a4000-7fea3135d000 r-xp 00005000 08:03 5522060                    /usr/lib/libzstd.so.1.4.5
7fea3135d000-7fea3136f000 r--p 000be000 08:03 5522060                    /usr/lib/libzstd.so.1.4.5
7fea3136f000-7fea31370000 r--p 000cf000 08:03 5522060                    /usr/lib/libzstd.so.1.4.5
7fea31370000-7fea31371000 rw-p 000d0000 08:03 5522060                    /usr/lib/libzstd.so.1.4.5
7fea31371000-7fea31485000 r--p 00000000 08:03 5904121                    /usr/lib/dri/iris_dri.so
7fea31485000-7fea3235e000 r-xp 00114000 08:03 5904121                    /usr/lib/dri/iris_dri.so
7fea3235e000-7fea3277d000 r--p 00fed000 08:03 5904121                    /usr/lib/dri/iris_dri.so
7fea3277d000-7fea32875000 r--p 0140b000 08:03 5904121                    /usr/lib/dri/iris_dri.so
7fea32875000-7fea32909000 rw-p 01503000 08:03 5904121                    /usr/lib/dri/iris_dri.so
7fea32909000-7fea32b3f000 rw-p 00000000 00:00 0 
7fea32b3f000-7fea32b40000 r--p 00000000 08:03 5533687                    /usr/lib/libxshmfence.so.1.0.0
7fea32b40000-7fea32b41000 r-xp 00001000 08:03 5533687                    /usr/lib/libxshmfence.so.1.0.0
7fea32b41000-7fea32b42000 r--p 00002000 08:03 5533687                    /usr/lib/libxshmfence.so.1.0.0
7fea32b42000-7fea32b43000 r--p 00002000 08:03 5533687                    /usr/lib/libxshmfence.so.1.0.0
7fea32b43000-7fea32b44000 rw-p 00003000 08:03 5533687                    /usr/lib/libxshmfence.so.1.0.0
7fea32b44000-7fea32b47000 r--p 00000000 08:03 5529965                    /usr/lib/libxcb-sync.so.1.0.0
7fea32b47000-7fea32b4a000 r-xp 00003000 08:03 5529965                    /usr/lib/libxcb-sync.so.1.0.0
7fea32b4a000-7fea32b4b000 r--p 00006000 08:03 5529965                    /usr/lib/libxcb-sync.so.1.0.0
7fea32b4b000-7fea32b4c000 ---p 00007000 08:03 5529965                    /usr/lib/libxcb-sync.so.1.0.0
7fea32b4c000-7fea32b4d000 r--p 00007000 08:03 5529965                    /usr/lib/libxcb-sync.so.1.0.0
7fea32b4d000-7fea32b4e000 rw-p 00008000 08:03 5529965                    /usr/lib/libxcb-sync.so.1.0.0
7fea32b4e000-7fea32b4f000 r--p 00000000 08:03 5526792                    /usr/lib/libxcb-present.so.0.0.0
7fea32b4f000-7fea32b50000 r-xp 00001000 08:03 5526792                    /usr/lib/libxcb-present.so.0.0.0
7fea32b50000-7fea32b51000 r--p 00002000 08:03 5526792                    /usr/lib/libxcb-present.so.0.0.0
7fea32b51000-7fea32b52000 r--p 00002000 08:03 5526792                    /usr/lib/libxcb-present.so.0.0.0
7fea32b52000-7fea32b53000 rw-p 00003000 08:03 5526792                    /usr/lib/libxcb-present.so.0.0.0
7fea32b53000-7fea32b55000 r--p 00000000 08:03 5526786                    /usr/lib/libxcb-dri3.so.0.0.0
7fea32b55000-7fea32b56000 r-xp 00002000 08:03 5526786                    /usr/lib/libxcb-dri3.so.0.0.0
7fea32b56000-7fea32b57000 r--p 00003000 08:03 5526786                    /usr/lib/libxcb-dri3.so.0.0.0
7fea32b57000-7fea32b58000 r--p 00003000 08:03 5526786                    /usr/lib/libxcb-dri3.so.0.0.0
7fea32b58000-7fea32b59000 rw-p 00004000 08:03 5526786                    /usr/lib/libxcb-dri3.so.0.0.0
7fea32b59000-7fea32b5d000 r--p 00000000 08:03 5536577                    /usr/lib/libexpat.so.1.6.12
7fea32b5d000-7fea32b7a000 r-xp 00004000 08:03 5536577                    /usr/lib/libexpat.so.1.6.12
7fea32b7a000-7fea32b84000 r--p 00021000 08:03 5536577                    /usr/lib/libexpat.so.1.6.12
7fea32b84000-7fea32b85000 ---p 0002b000 08:03 5536577                    /usr/lib/libexpat.so.1.6.12
7fea32b85000-7fea32b87000 r--p 0002b000 08:03 5536577                    /usr/lib/libexpat.so.1.6.12
7fea32b87000-7fea32b88000 rw-p 0002d000 08:03 5536577                    /usr/lib/libexpat.so.1.6.12
7fea32b88000-7fea32b89000 r--p 00000000 08:03 5528091                    /usr/lib/libxcb-shm.so.0.0.0
7fea32b89000-7fea32b8a000 r-xp 00001000 08:03 5528091                    /usr/lib/libxcb-shm.so.0.0.0
7fea32b8a000-7fea32b8b000 r--p 00002000 08:03 5528091                    /usr/lib/libxcb-shm.so.0.0.0
7fea32b8b000-7fea32b8c000 r--p 00002000 08:03 5528091                    /usr/lib/libxcb-shm.so.0.0.0
7fea32b8c000-7fea32b8d000 rw-p 00003000 08:03 5528091                    /usr/lib/libxcb-shm.so.0.0.0
7fea32b8d000-7fea32b99000 r--p 00000000 08:03 5526789                    /usr/lib/libxcb-glx.so.0.0.0
7fea32b99000-7fea32ba2000 r-xp 0000c000 08:03 5526789                    /usr/lib/libxcb-glx.so.0.0.0
7fea32ba2000-7fea32ba7000 r--p 00015000 08:03 5526789                    /usr/lib/libxcb-glx.so.0.0.0
7fea32ba7000-7fea32ba8000 ---p 0001a000 08:03 5526789                    /usr/lib/libxcb-glx.so.0.0.0
7fea32ba8000-7fea32baa000 r--p 0001a000 08:03 5526789                    /usr/lib/libxcb-glx.so.0.0.0
7fea32baa000-7fea32bab000 rw-p 0001c000 08:03 5526789                    /usr/lib/libxcb-glx.so.0.0.0
7fea32bab000-7fea32bb7000 r--p 00000000 08:03 5551048                    /usr/lib/libglapi.so.0.0.0
7fea32bb7000-7fea32bc5000 r-xp 0000c000 08:03 5551048                    /usr/lib/libglapi.so.0.0.0
7fea32bc5000-7fea32bde000 r--p 0001a000 08:03 5551048                    /usr/lib/libglapi.so.0.0.0
7fea32bde000-7fea32bdf000 ---p 00033000 08:03 5551048                    /usr/lib/libglapi.so.0.0.0
7fea32bdf000-7fea32be3000 r--p 00033000 08:03 5551048                    /usr/lib/libglapi.so.0.0.0
7fea32be3000-7fea32be4000 rw-p 00037000 08:03 5551048                    /usr/lib/libglapi.so.0.0.0
7fea32be4000-7fea32be5000 rw-p 00000000 00:00 0 
7fea32be5000-7fea32bfe000 r--p 00000000 08:03 5551037                    /usr/lib/libGLX_mesa.so.0.0.0
7fea32bfe000-7fea32c45000 r-xp 00019000 08:03 5551037                    /usr/lib/libGLX_mesa.so.0.0.0
7fea32c45000-7fea32c5d000 r--p 00060000 08:03 5551037                    /usr/lib/libGLX_mesa.so.0.0.0
7fea32c5d000-7fea32c5e000 ---p 00078000 08:03 5551037                    /usr/lib/libGLX_mesa.so.0.0.0
7fea32c5e000-7fea32c61000 r--p 00078000 08:03 5551037                    /usr/lib/libGLX_mesa.so.0.0.0
7fea32c61000-7fea32c62000 rw-p 0007b000 08:03 5551037                    /usr/lib/libGLX_mesa.so.0.0.0
7fea32c62000-7fea32ca2000 r--p 00000000 08:03 5540529                    /usr/lib/libGLdispatch.so.0.0.0
7fea32ca2000-7fea32ce0000 r-xp 00040000 08:03 5540529                    /usr/lib/libGLdispatch.so.0.0.0
7fea32ce0000-7fea32cf3000 r--p 0007e000 08:03 5540529                    /usr/lib/libGLdispatch.so.0.0.0
7fea32cf3000-7fea32cf4000 ---p 00091000 08:03 5540529                    /usr/lib/libGLdispatch.so.0.0.0
7fea32cf4000-7fea32d10000 r--p 00091000 08:03 5540529                    /usr/lib/libGLdispatch.so.0.0.0
7fea32d10000-7fea32d11000 rw-p 000ad000 08:03 5540529                    /usr/lib/libGLdispatch.so.0.0.0
7fea32d11000-7fea32d19000 rw-p 00000000 00:00 0 
7fea32d19000-7fea32d8d000 rw-p 00000000 00:00 0 
7fea32d8d000-7fea32d8e000 rw-s 1031fb000 00:0d 10527                     anon_inode:i915.gem
7fea32d8e000-7fea32d8f000 r--p 00000000 08:03 5546340                    /usr/lib/libXdamage.so.1.1.0
7fea32d8f000-7fea32d90000 r-xp 00001000 08:03 5546340                    /usr/lib/libXdamage.so.1.1.0
7fea32d90000-7fea32d91000 r--p 00002000 08:03 5546340                    /usr/lib/libXdamage.so.1.1.0
7fea32d91000-7fea32d92000 r--p 00002000 08:03 5546340                    /usr/lib/libXdamage.so.1.1.0
7fea32d92000-7fea32d93000 rw-p 00003000 08:03 5546340                    /usr/lib/libXdamage.so.1.1.0
7fea32d93000-7fea32d95000 r--p 00000000 08:03 5526783                    /usr/lib/libxcb-dri2.so.0.0.0
7fea32d95000-7fea32d97000 r-xp 00002000 08:03 5526783                    /usr/lib/libxcb-dri2.so.0.0.0
7fea32d97000-7fea32d98000 r--p 00004000 08:03 5526783                    /usr/lib/libxcb-dri2.so.0.0.0
7fea32d98000-7fea32d99000 r--p 00004000 08:03 5526783                    /usr/lib/libxcb-dri2.so.0.0.0
7fea32d99000-7fea32d9a000 rw-p 00005000 08:03 5526783                    /usr/lib/libxcb-dri2.so.0.0.0
7fea32d9a000-7fea32d9f000 r--p 00000000 08:03 5533667                    /usr/lib/libdrm.so.2.4.0
7fea32d9f000-7fea32da9000 r-xp 00005000 08:03 5533667                    /usr/lib/libdrm.so.2.4.0
7fea32da9000-7fea32dad000 r--p 0000f000 08:03 5533667                    /usr/lib/libdrm.so.2.4.0
7fea32dad000-7fea32dae000 r--p 00012000 08:03 5533667                    /usr/lib/libdrm.so.2.4.0
7fea32dae000-7fea32daf000 rw-p 00013000 08:03 5533667                    /usr/lib/libdrm.so.2.4.0
7fea32daf000-7fea32db2000 r--p 00000000 08:03 5540430                    /usr/lib/libGLX.so.0.0.0
7fea32db2000-7fea32dcc000 r-xp 00003000 08:03 5540430                    /usr/lib/libGLX.so.0.0.0
7fea32dcc000-7fea32dcf000 r--p 0001d000 08:03 5540430                    /usr/lib/libGLX.so.0.0.0
7fea32dcf000-7fea32dd0000 ---p 00020000 08:03 5540430                    /usr/lib/libGLX.so.0.0.0
7fea32dd0000-7fea32dd1000 r--p 00020000 08:03 5540430                    /usr/lib/libGLX.so.0.0.0
7fea32dd1000-7fea32dd2000 rw-p 00021000 08:03 5540430                    /usr/lib/libGLX.so.0.0.0
7fea32dd2000-7fea32de2000 rw-p 00000000 00:00 0 
7fea32de2000-7fea32e24000 r--p 00000000 08:03 5536825                    /usr/lib/libGL.so.1.7.0
7fea32e24000-7fea32e43000 r-xp 00042000 08:03 5536825                    /usr/lib/libGL.so.1.7.0
7fea32e43000-7fea32e58000 r--p 00061000 08:03 5536825                    /usr/lib/libGL.so.1.7.0
7fea32e58000-7fea32e66000 r--p 00075000 08:03 5536825                    /usr/lib/libGL.so.1.7.0
7fea32e66000-7fea32e67000 rw-p 00083000 08:03 5536825                    /usr/lib/libGL.so.1.7.0
7fea32e67000-7fea32e68000 rw-p 00000000 00:00 0 
7fea32e68000-7fea32e69000 r--p 00000000 08:03 5532682                    /usr/lib/libX11-xcb.so.1.0.0
7fea32e69000-7fea32e6a000 r-xp 00001000 08:03 5532682                    /usr/lib/libX11-xcb.so.1.0.0
7fea32e6a000-7fea32e6b000 r--p 00002000 08:03 5532682                    /usr/lib/libX11-xcb.so.1.0.0
7fea32e6b000-7fea32e6c000 r--p 00002000 08:03 5532682                    /usr/lib/libX11-xcb.so.1.0.0
7fea32e6c000-7fea32e6d000 rw-p 00003000 08:03 5532682                    /usr/lib/libX11-xcb.so.1.0.0
7fea32e6d000-7fea32e6f000 r--p 00000000 08:03 5534293                    /usr/lib/libXfixes.so.3.1.0
7fea32e6f000-7fea32e72000 r-xp 00002000 08:03 5534293                    /usr/lib/libXfixes.so.3.1.0
7fea32e72000-7fea32e73000 r--p 00005000 08:03 5534293                    /usr/lib/libXfixes.so.3.1.0
7fea32e73000-7fea32e74000 ---p 00006000 08:03 5534293                    /usr/lib/libXfixes.so.3.1.0
7fea32e74000-7fea32e75000 r--p 00006000 08:03 5534293                    /usr/lib/libXfixes.so.3.1.0
7fea32e75000-7fea32e76000 rw-p 00007000 08:03 5534293                    /usr/lib/libXfixes.so.3.1.0
7fea32e76000-7fea32e79000 r--p 00000000 08:03 5534485                    /usr/lib/libXcursor.so.1.0.2
7fea32e79000-7fea32e7e000 r-xp 00003000 08:03 5534485                    /usr/lib/libXcursor.so.1.0.2
7fea32e7e000-7fea32e80000 r--p 00008000 08:03 5534485                    /usr/lib/libXcursor.so.1.0.2
7fea32e80000-7fea32e81000 r--p 00009000 08:03 5534485                    /usr/lib/libXcursor.so.1.0.2
7fea32e81000-7fea32e82000 rw-p 0000a000 08:03 5534485                    /usr/lib/libXcursor.so.1.0.2
7fea32e82000-7fea32e84000 r--p 00000000 08:03 5546327                    /usr/lib/libXrender.so.1.3.0
7fea32e84000-7fea32e8b000 r-xp 00002000 08:03 5546327                    /usr/lib/libXrender.so.1.3.0
7fea32e8b000-7fea32e8d000 r--p 00009000 08:03 5546327                    /usr/lib/libXrender.so.1.3.0
7fea32e8d000-7fea32e8e000 r--p 0000a000 08:03 5546327                    /usr/lib/libXrender.so.1.3.0
7fea32e8e000-7fea32e8f000 rw-p 0000b000 08:03 5546327                    /usr/lib/libXrender.so.1.3.0
7fea32e8f000-7fea32e92000 r--p 00000000 08:03 5534216                    /usr/lib/libXi.so.6.1.0
7fea32e92000-7fea32e9d000 r-xp 00003000 08:03 5534216                    /usr/lib/libXi.so.6.1.0
7fea32e9d000-7fea32ea0000 r--p 0000e000 08:03 5534216                    /usr/lib/libXi.so.6.1.0
7fea32ea0000-7fea32ea1000 r--p 00010000 08:03 5534216                    /usr/lib/libXi.so.6.1.0
7fea32ea1000-7fea32ea2000 rw-p 00011000 08:03 5534216                    /usr/lib/libXi.so.6.1.0
7fea32ea2000-7fea32eae000 r--p 00000000 08:03 5530325                    /usr/lib/libxcb.so.1.1.0
7fea32eae000-7fea32ec1000 r-xp 0000c000 08:03 5530325                    /usr/lib/libxcb.so.1.1.0
7fea32ec1000-7fea32eca000 r--p 0001f000 08:03 5530325                    /usr/lib/libxcb.so.1.1.0
7fea32eca000-7fea32ecb000 r--p 00027000 08:03 5530325                    /usr/lib/libxcb.so.1.1.0
7fea32ecb000-7fea32ecc000 rw-p 00028000 08:03 5530325                    /usr/lib/libxcb.so.1.1.0
7fea32ecc000-7fea32ee8000 r--p 00000000 08:03 5532687                    /usr/lib/libX11.so.6.4.0
7fea32ee8000-7fea32f72000 r-xp 0001c000 08:03 5532687                    /usr/lib/libX11.so.6.4.0
7fea32f72000-7fea33006000 r--p 000a6000 08:03 5532687                    /usr/lib/libX11.so.6.4.0
7fea33006000-7fea33009000 r--p 00139000 08:03 5532687                    /usr/lib/libX11.so.6.4.0
7fea33009000-7fea3300d000 rw-p 0013c000 08:03 5532687                    /usr/lib/libX11.so.6.4.0
7fea3300d000-7fea33050000 r-xp 00000000 00:30 50                         /tmp/lwjglfranz/3.2.3-build-13/libglfw.so
7fea33050000-7fea3324f000 ---p 00043000 00:30 50                         /tmp/lwjglfranz/3.2.3-build-13/libglfw.so
7fea3324f000-7fea33250000 r--p 00042000 00:30 50                         /tmp/lwjglfranz/3.2.3-build-13/libglfw.so
7fea33250000-7fea33252000 rw-p 00043000 00:30 50                         /tmp/lwjglfranz/3.2.3-build-13/libglfw.so
7fea33252000-7fea33273000 rw-p 00000000 00:00 0 
7fea33273000-7fea33274000 ---p 00000000 00:00 0 
7fea33274000-7fea33375000 rw-p 00000000 00:00 0 
7fea33375000-7fea333c6000 r-xp 00000000 00:30 49                         /tmp/lwjglfranz/3.2.3-build-13/liblwjgl.so
7fea333c6000-7fea335c5000 ---p 00051000 00:30 49                         /tmp/lwjglfranz/3.2.3-build-13/liblwjgl.so
7fea335c5000-7fea335c6000 r--p 00050000 00:30 49                         /tmp/lwjglfranz/3.2.3-build-13/liblwjgl.so
7fea335c6000-7fea335c7000 rw-p 00051000 00:30 49                         /tmp/lwjglfranz/3.2.3-build-13/liblwjgl.so
7fea335c7000-7fea335cb000 ---p 00000000 00:00 0 
7fea335cb000-7fea336c8000 rw-p 00000000 00:00 0 
7fea336c8000-7fea336cc000 ---p 00000000 00:00 0 
7fea336cc000-7fea337c9000 rw-p 00000000 00:00 0 
7fea337c9000-7fea337ca000 ---p 00000000 00:00 0 
7fea337ca000-7fea338cb000 rw-p 00000000 00:00 0 
7fea338cb000-7fea338cf000 ---p 00000000 00:00 0 
7fea338cf000-7fea339cc000 rw-p 00000000 00:00 0 
7fea339cc000-7fea339d0000 ---p 00000000 00:00 0 
7fea339d0000-7fea33acd000 rw-p 00000000 00:00 0 
7fea33acd000-7fea34000000 r--p 00000000 08:03 5597548                    /usr/lib/locale/locale-archive
7fea34000000-7fea34021000 rw-p 00000000 00:00 0 
7fea34021000-7fea38000000 ---p 00000000 00:00 0 
7fea38000000-7fea38021000 rw-p 00000000 00:00 0 
7fea38021000-7fea3c000000 ---p 00000000 00:00 0 
7fea3c000000-7fea3c021000 rw-p 00000000 00:00 0 
7fea3c021000-7fea40000000 ---p 00000000 00:00 0 
7fea40000000-7fea40021000 rw-p 00000000 00:00 0 
7fea40021000-7fea44000000 ---p 00000000 00:00 0 
7fea44000000-7fea44021000 rw-p 00000000 00:00 0 
7fea44021000-7fea48000000 ---p 00000000 00:00 0 
7fea48000000-7fea48021000 rw-p 00000000 00:00 0 
7fea48021000-7fea4c000000 ---p 00000000 00:00 0 
7fea4c000000-7fea4c021000 rw-p 00000000 00:00 0 
7fea4c021000-7fea50000000 ---p 00000000 00:00 0 
7fea50000000-7fea50001000 rw-s 1031fa000 00:0d 10527                     anon_inode:i915.gem
7fea50001000-7fea50002000 rw-s 00000000 00:01 4564                       /memfd:xshmfence (deleted)
7fea50002000-7fea50003000 rw-s 00000000 00:01 4563                       /memfd:xshmfence (deleted)
7fea50003000-7fea50005000 r--p 00000000 08:03 5534532                    /usr/lib/libXrandr.so.2.2.0
7fea50005000-7fea5000c000 r-xp 00002000 08:03 5534532                    /usr/lib/libXrandr.so.2.2.0
7fea5000c000-7fea5000e000 r--p 00009000 08:03 5534532                    /usr/lib/libXrandr.so.2.2.0
7fea5000e000-7fea5000f000 r--p 0000a000 08:03 5534532                    /usr/lib/libXrandr.so.2.2.0
7fea5000f000-7fea50010000 rw-p 0000b000 08:03 5534532                    /usr/lib/libXrandr.so.2.2.0
7fea50010000-7fea50014000 r--p 00000000 08:03 5533760                    /usr/lib/libXext.so.6.4.0
7fea50014000-7fea5001f000 r-xp 00004000 08:03 5533760                    /usr/lib/libXext.so.6.4.0
7fea5001f000-7fea50023000 r--p 0000f000 08:03 5533760                    /usr/lib/libXext.so.6.4.0
7fea50023000-7fea50024000 r--p 00012000 08:03 5533760                    /usr/lib/libXext.so.6.4.0
7fea50024000-7fea50025000 rw-p 00013000 08:03 5533760                    /usr/lib/libXext.so.6.4.0
7fea50025000-7fea50026000 rwxp 00000000 00:00 0 
7fea50026000-7fea50027000 rw-s 102dc1000 00:0d 10527                     anon_inode:i915.gem
7fea50027000-7fea50037000 rw-s 102db1000 00:0d 10527                     anon_inode:i915.gem
7fea50037000-7fea50038000 rw-s 102db0000 00:0d 10527                     anon_inode:i915.gem
7fea50038000-7fea5003c000 rw-s 102dac000 00:0d 10527                     anon_inode:i915.gem
7fea5003c000-7fea5004c000 rw-s 102d9c000 00:0d 10527                     anon_inode:i915.gem
7fea5004c000-7fea5005c000 rw-s 102d8c000 00:0d 10527                     anon_inode:i915.gem
7fea5005c000-7fea5008d000 rw-p 00000000 00:00 0 
7fea5008d000-7fea50091000 r--p 00000000 08:03 5647009                    /usr/lib/jvm/java-14-openjdk/lib/libnet.so
7fea50091000-7fea5009f000 r-xp 00004000 08:03 5647009                    /usr/lib/jvm/java-14-openjdk/lib/libnet.so
7fea5009f000-7fea500a3000 r--p 00012000 08:03 5647009                    /usr/lib/jvm/java-14-openjdk/lib/libnet.so
7fea500a3000-7fea500a4000 r--p 00015000 08:03 5647009                    /usr/lib/jvm/java-14-openjdk/lib/libnet.so
7fea500a4000-7fea500a5000 rw-p 00016000 08:03 5647009                    /usr/lib/jvm/java-14-openjdk/lib/libnet.so
7fea500a5000-7fea500ac000 r--p 00000000 08:03 5647012                    /usr/lib/jvm/java-14-openjdk/lib/libnio.so
7fea500ac000-7fea500b4000 r-xp 00007000 08:03 5647012                    /usr/lib/jvm/java-14-openjdk/lib/libnio.so
7fea500b4000-7fea500b8000 r--p 0000f000 08:03 5647012                    /usr/lib/jvm/java-14-openjdk/lib/libnio.so
7fea500b8000-7fea500b9000 ---p 00013000 08:03 5647012                    /usr/lib/jvm/java-14-openjdk/lib/libnio.so
7fea500b9000-7fea500ba000 r--p 00013000 08:03 5647012                    /usr/lib/jvm/java-14-openjdk/lib/libnio.so
7fea500ba000-7fea500bb000 rw-p 00014000 08:03 5647012                    /usr/lib/jvm/java-14-openjdk/lib/libnio.so
7fea500bb000-7fea500bf000 ---p 00000000 00:00 0 
7fea500bf000-7fea501bc000 rw-p 00000000 00:00 0 
7fea501bc000-7fea501c0000 ---p 00000000 00:00 0 
7fea501c0000-7fea502bd000 rw-p 00000000 00:00 0 
7fea502bd000-7fea502c1000 ---p 00000000 00:00 0 
7fea502c1000-7fea503be000 rw-p 00000000 00:00 0 
7fea503be000-7fea503c2000 ---p 00000000 00:00 0 
7fea503c2000-7fea504bf000 rw-p 00000000 00:00 0 
7fea504bf000-7fea504c3000 ---p 00000000 00:00 0 
7fea504c3000-7fea505c0000 rw-p 00000000 00:00 0 
7fea505c0000-7fea505c4000 ---p 00000000 00:00 0 
7fea505c4000-7fea506c1000 rw-p 00000000 00:00 0 
7fea506c1000-7fea506c2000 ---p 00000000 00:00 0 
7fea506c2000-7fea5109f000 rw-p 00000000 00:00 0 
7fea5109f000-7fea510a0000 ---p 00000000 00:00 0 
7fea510a0000-7fea511a1000 rw-p 00000000 00:00 0 
7fea511a1000-7fea511a2000 ---p 00000000 00:00 0 
7fea511a2000-7fea536a7000 rw-p 00000000 00:00 0 
7fea536a7000-7fea536a8000 ---p 00000000 00:00 0 
7fea536a8000-7fea537a9000 rw-p 00000000 00:00 0 
7fea537a9000-7fea537aa000 ---p 00000000 00:00 0 
7fea537aa000-7fea538ab000 rw-p 00000000 00:00 0 
7fea538ab000-7fea538ac000 ---p 00000000 00:00 0 
7fea538ac000-7fea53b9d000 rw-p 00000000 00:00 0 
7fea53b9d000-7fea55855000 ---p 00000000 00:00 0 
7fea55855000-7fea55a45000 rw-p 00000000 00:00 0 
7fea55a45000-7fea576fd000 ---p 00000000 00:00 0 
7fea576fd000-7fea5773b000 rw-p 00000000 00:00 0 
7fea5773b000-7fea57ad2000 ---p 00000000 00:00 0 
7fea57ad2000-7fea57b10000 rw-p 00000000 00:00 0 
7fea57b10000-7fea57ea7000 ---p 00000000 00:00 0 
7fea57ea7000-7fea57ee5000 rw-p 00000000 00:00 0 
7fea57ee5000-7fea5827c000 ---p 00000000 00:00 0 
7fea5827c000-7fea5857f000 rw-p 00000000 00:00 0 
7fea5857f000-7fea587ef000 rwxp 00000000 00:00 0 
7fea587ef000-7fea58b10000 ---p 00000000 00:00 0 
7fea58b10000-7fea58d80000 rwxp 00000000 00:00 0 
7fea58d80000-7fea60047000 ---p 00000000 00:00 0 
7fea60047000-7fea602b7000 rwxp 00000000 00:00 0 
7fea602b7000-7fea6757f000 ---p 00000000 00:00 0 
7fea6757f000-7fea70000000 r--s 00000000 08:03 5647026                    /usr/lib/jvm/java-14-openjdk/lib/modules
7fea70000000-7fea70a89000 rw-p 00000000 00:00 0 
7fea70a89000-7fea74000000 ---p 00000000 00:00 0 
7fea74000000-7fea74001000 rw-s 102d8b000 00:0d 10527                     anon_inode:i915.gem
7fea74001000-7fea74002000 r--p 00000000 08:03 5534522                    /usr/lib/libXinerama.so.1.0.0
7fea74002000-7fea74003000 r-xp 00001000 08:03 5534522                    /usr/lib/libXinerama.so.1.0.0
7fea74003000-7fea74004000 r--p 00002000 08:03 5534522                    /usr/lib/libXinerama.so.1.0.0
7fea74004000-7fea74005000 r--p 00002000 08:03 5534522                    /usr/lib/libXinerama.so.1.0.0
7fea74005000-7fea74006000 rw-p 00003000 08:03 5534522                    /usr/lib/libXinerama.so.1.0.0
7fea74006000-7fea74007000 r--p 00000000 08:03 5534967                    /usr/lib/libXxf86vm.so.1.0.0
7fea74007000-7fea7400a000 r-xp 00001000 08:03 5534967                    /usr/lib/libXxf86vm.so.1.0.0
7fea7400a000-7fea7400b000 r--p 00004000 08:03 5534967                    /usr/lib/libXxf86vm.so.1.0.0
7fea7400b000-7fea7400c000 r--p 00004000 08:03 5534967                    /usr/lib/libXxf86vm.so.1.0.0
7fea7400c000-7fea7400d000 rw-p 00005000 08:03 5534967                    /usr/lib/libXxf86vm.so.1.0.0
7fea7400d000-7fea7400f000 r--p 00000000 08:03 5540027                    /usr/lib/libXdmcp.so.6.0.0
7fea7400f000-7fea74011000 r-xp 00002000 08:03 5540027                    /usr/lib/libXdmcp.so.6.0.0
7fea74011000-7fea74013000 r--p 00004000 08:03 5540027                    /usr/lib/libXdmcp.so.6.0.0
7fea74013000-7fea74014000 r--p 00005000 08:03 5540027                    /usr/lib/libXdmcp.so.6.0.0
7fea74014000-7fea74015000 rw-p 00006000 08:03 5540027                    /usr/lib/libXdmcp.so.6.0.0
7fea74015000-7fea741e0000 rw-p 00000000 00:00 0 
7fea741e0000-7fea742c6000 ---p 00000000 00:00 0 
7fea742c6000-7fea742cb000 rw-p 00000000 00:00 0 
7fea742cb000-7fea743b1000 ---p 00000000 00:00 0 
7fea743b1000-7fea743b6000 rw-p 00000000 00:00 0 
7fea743b6000-7fea743bd000 ---p 00000000 00:00 0 
7fea743bd000-7fea743ca000 r--p 00000000 08:03 5646082                    /usr/lib/jvm/java-14-openjdk/lib/libjava.so
7fea743ca000-7fea743dc000 r-xp 0000d000 08:03 5646082                    /usr/lib/jvm/java-14-openjdk/lib/libjava.so
7fea743dc000-7fea743e2000 r--p 0001f000 08:03 5646082                    /usr/lib/jvm/java-14-openjdk/lib/libjava.so
7fea743e2000-7fea743e3000 r--p 00024000 08:03 5646082                    /usr/lib/jvm/java-14-openjdk/lib/libjava.so
7fea743e3000-7fea743e4000 rw-p 00025000 08:03 5646082                    /usr/lib/jvm/java-14-openjdk/lib/libjava.so
7fea743e4000-7fea743e5000 rw-p 00000000 00:00 0 
7fea743e5000-7fea743e9000 ---p 00000000 00:00 0 
7fea743e9000-7fea744e6000 rw-p 00000000 00:00 0 
7fea744e6000-7fea744e9000 r--p 00000000 08:03 5509186                    /usr/lib/libgcc_s.so.1
7fea744e9000-7fea744fa000 r-xp 00003000 08:03 5509186                    /usr/lib/libgcc_s.so.1
7fea744fa000-7fea744fe000 r--p 00014000 08:03 5509186                    /usr/lib/libgcc_s.so.1
7fea744fe000-7fea744ff000 r--p 00017000 08:03 5509186                    /usr/lib/libgcc_s.so.1
7fea744ff000-7fea74500000 rw-p 00018000 08:03 5509186                    /usr/lib/libgcc_s.so.1
7fea74500000-7fea7450f000 r--p 00000000 08:03 5508539                    /usr/lib/libm-2.32.so
7fea7450f000-7fea745ab000 r-xp 0000f000 08:03 5508539                    /usr/lib/libm-2.32.so
7fea745ab000-7fea74644000 r--p 000ab000 08:03 5508539                    /usr/lib/libm-2.32.so
7fea74644000-7fea74645000 r--p 00143000 08:03 5508539                    /usr/lib/libm-2.32.so
7fea74645000-7fea74646000 rw-p 00144000 08:03 5508539                    /usr/lib/libm-2.32.so
7fea74646000-7fea746dc000 r--p 00000000 08:03 5536922                    /usr/lib/libstdc++.so.6.0.28
7fea746dc000-7fea747c8000 r-xp 00096000 08:03 5536922                    /usr/lib/libstdc++.so.6.0.28
7fea747c8000-7fea74811000 r--p 00182000 08:03 5536922                    /usr/lib/libstdc++.so.6.0.28
7fea74811000-7fea74812000 ---p 001cb000 08:03 5536922                    /usr/lib/libstdc++.so.6.0.28
7fea74812000-7fea7481f000 r--p 001cb000 08:03 5536922                    /usr/lib/libstdc++.so.6.0.28
7fea7481f000-7fea74820000 rw-p 001d8000 08:03 5536922                    /usr/lib/libstdc++.so.6.0.28
7fea74820000-7fea74823000 rw-p 00000000 00:00 0 
7fea74823000-7fea74a50000 r--p 00000000 08:03 5647036                    /usr/lib/jvm/java-14-openjdk/lib/server/libjvm.so
7fea74a50000-7fea756bc000 r-xp 0022d000 08:03 5647036                    /usr/lib/jvm/java-14-openjdk/lib/server/libjvm.so
7fea756bc000-7fea7591a000 r--p 00e99000 08:03 5647036                    /usr/lib/jvm/java-14-openjdk/lib/server/libjvm.so
7fea7591a000-7fea7591b000 ---p 010f7000 08:03 5647036                    /usr/lib/jvm/java-14-openjdk/lib/server/libjvm.so
7fea7591b000-7fea759c2000 r--p 010f7000 08:03 5647036                    /usr/lib/jvm/java-14-openjdk/lib/server/libjvm.so
7fea759c2000-7fea759fb000 rw-p 0119e000 08:03 5647036                    /usr/lib/jvm/java-14-openjdk/lib/server/libjvm.so
7fea759fb000-7fea75a7e000 rw-p 00000000 00:00 0 
7fea75a7e000-7fea75a85000 r--p 00000000 08:03 5508595                    /usr/lib/libpthread-2.32.so
7fea75a85000-7fea75a95000 r-xp 00007000 08:03 5508595                    /usr/lib/libpthread-2.32.so
7fea75a95000-7fea75a9a000 r--p 00017000 08:03 5508595                    /usr/lib/libpthread-2.32.so
7fea75a9a000-7fea75a9b000 r--p 0001b000 08:03 5508595                    /usr/lib/libpthread-2.32.so
7fea75a9b000-7fea75a9c000 rw-p 0001c000 08:03 5508595                    /usr/lib/libpthread-2.32.so
7fea75a9c000-7fea75aa0000 rw-p 00000000 00:00 0 
7fea75aa0000-7fea75aa1000 r--p 00000000 08:03 5508523                    /usr/lib/libdl-2.32.so
7fea75aa1000-7fea75aa3000 r-xp 00001000 08:03 5508523                    /usr/lib/libdl-2.32.so
7fea75aa3000-7fea75aa4000 r--p 00003000 08:03 5508523                    /usr/lib/libdl-2.32.so
7fea75aa4000-7fea75aa5000 r--p 00003000 08:03 5508523                    /usr/lib/libdl-2.32.so
7fea75aa5000-7fea75aa6000 rw-p 00004000 08:03 5508523                    /usr/lib/libdl-2.32.so
7fea75aa6000-7fea75aa9000 r--p 00000000 08:03 5518548                    /usr/lib/libz.so.1.2.11
7fea75aa9000-7fea75ab7000 r-xp 00003000 08:03 5518548                    /usr/lib/libz.so.1.2.11
7fea75ab7000-7fea75abd000 r--p 00011000 08:03 5518548                    /usr/lib/libz.so.1.2.11
7fea75abd000-7fea75abe000 ---p 00017000 08:03 5518548                    /usr/lib/libz.so.1.2.11
7fea75abe000-7fea75abf000 r--p 00017000 08:03 5518548                    /usr/lib/libz.so.1.2.11
7fea75abf000-7fea75ac0000 rw-p 00018000 08:03 5518548                    /usr/lib/libz.so.1.2.11
7fea75ac0000-7fea75ae6000 r--p 00000000 08:03 5508476                    /usr/lib/libc-2.32.so
7fea75ae6000-7fea75c33000 r-xp 00026000 08:03 5508476                    /usr/lib/libc-2.32.so
7fea75c33000-7fea75c7f000 r--p 00173000 08:03 5508476                    /usr/lib/libc-2.32.so
7fea75c7f000-7fea75c82000 r--p 001be000 08:03 5508476                    /usr/lib/libc-2.32.so
7fea75c82000-7fea75c85000 rw-p 001c1000 08:03 5508476                    /usr/lib/libc-2.32.so
7fea75c85000-7fea75c89000 rw-p 00000000 00:00 0 
7fea75c89000-7fea75c8a000 r--p 00000000 08:03 5530289                    /usr/lib/libXau.so.6.0.0
7fea75c8a000-7fea75c8b000 r-xp 00001000 08:03 5530289                    /usr/lib/libXau.so.6.0.0
7fea75c8b000-7fea75c8c000 r--p 00002000 08:03 5530289                    /usr/lib/libXau.so.6.0.0
7fea75c8c000-7fea75c8d000 r--p 00002000 08:03 5530289                    /usr/lib/libXau.so.6.0.0
7fea75c8d000-7fea75c8e000 rw-p 00003000 08:03 5530289                    /usr/lib/libXau.so.6.0.0
7fea75c8e000-7fea75c90000 r--p 00000000 08:03 5647025                    /usr/lib/jvm/java-14-openjdk/lib/libzip.so
7fea75c90000-7fea75c94000 r-xp 00002000 08:03 5647025                    /usr/lib/jvm/java-14-openjdk/lib/libzip.so
7fea75c94000-7fea75c96000 r--p 00006000 08:03 5647025                    /usr/lib/jvm/java-14-openjdk/lib/libzip.so
7fea75c96000-7fea75c97000 r--p 00007000 08:03 5647025                    /usr/lib/jvm/java-14-openjdk/lib/libzip.so
7fea75c97000-7fea75c98000 rw-p 00008000 08:03 5647025                    /usr/lib/jvm/java-14-openjdk/lib/libzip.so
7fea75c98000-7fea75ca0000 rw-s 00000000 00:30 141                        /tmp/hsperfdata_franz/3439
7fea75ca0000-7fea75ca3000 r--p 00000000 08:03 5508585                    /usr/lib/libnss_files-2.32.so
7fea75ca3000-7fea75caa000 r-xp 00003000 08:03 5508585                    /usr/lib/libnss_files-2.32.so
7fea75caa000-7fea75cac000 r--p 0000a000 08:03 5508585                    /usr/lib/libnss_files-2.32.so
7fea75cac000-7fea75cad000 r--p 0000b000 08:03 5508585                    /usr/lib/libnss_files-2.32.so
7fea75cad000-7fea75cae000 rw-p 0000c000 08:03 5508585                    /usr/lib/libnss_files-2.32.so
7fea75cae000-7fea75cb4000 rw-p 00000000 00:00 0 
7fea75cb4000-7fea75cb5000 ---p 00000000 00:00 0 
7fea75cb5000-7fea75cb6000 r--p 00000000 00:00 0 
7fea75cb6000-7fea75cb7000 ---p 00000000 00:00 0 
7fea75cb7000-7fea75cb9000 r--p 00000000 08:03 5646993                    /usr/lib/jvm/java-14-openjdk/lib/libjimage.so
7fea75cb9000-7fea75cbc000 r-xp 00002000 08:03 5646993                    /usr/lib/jvm/java-14-openjdk/lib/libjimage.so
7fea75cbc000-7fea75cbd000 r--p 00005000 08:03 5646993                    /usr/lib/jvm/java-14-openjdk/lib/libjimage.so
7fea75cbd000-7fea75cbe000 ---p 00006000 08:03 5646993                    /usr/lib/jvm/java-14-openjdk/lib/libjimage.so
7fea75cbe000-7fea75cbf000 r--p 00006000 08:03 5646993                    /usr/lib/jvm/java-14-openjdk/lib/libjimage.so
7fea75cbf000-7fea75cc0000 rw-p 00007000 08:03 5646993                    /usr/lib/jvm/java-14-openjdk/lib/libjimage.so
7fea75cc0000-7fea75cc3000 r--p 00000000 08:03 5646995                    /usr/lib/jvm/java-14-openjdk/lib/libjli.so
7fea75cc3000-7fea75ccd000 r-xp 00003000 08:03 5646995                    /usr/lib/jvm/java-14-openjdk/lib/libjli.so
7fea75ccd000-7fea75cd0000 r--p 0000d000 08:03 5646995                    /usr/lib/jvm/java-14-openjdk/lib/libjli.so
7fea75cd0000-7fea75cd1000 ---p 00010000 08:03 5646995                    /usr/lib/jvm/java-14-openjdk/lib/libjli.so
7fea75cd1000-7fea75cd2000 r--p 00010000 08:03 5646995                    /usr/lib/jvm/java-14-openjdk/lib/libjli.so
7fea75cd2000-7fea75cd3000 rw-p 00011000 08:03 5646995                    /usr/lib/jvm/java-14-openjdk/lib/libjli.so
7fea75cd3000-7fea75cd5000 rw-p 00000000 00:00 0 
7fea75cd5000-7fea75cd7000 r--p 00000000 08:03 5508418                    /usr/lib/ld-2.32.so
7fea75cd7000-7fea75cf8000 r-xp 00002000 08:03 5508418                    /usr/lib/ld-2.32.so
7fea75cf8000-7fea75d01000 r--p 00023000 08:03 5508418                    /usr/lib/ld-2.32.so
7fea75d01000-7fea75d02000 r--p 0002b000 08:03 5508418                    /usr/lib/ld-2.32.so
7fea75d02000-7fea75d04000 rw-p 0002c000 08:03 5508418                    /usr/lib/ld-2.32.so
7ffe6c422000-7ffe6c445000 rw-p 00000000 00:00 0                          [stack]
7ffe6c5d7000-7ffe6c5db000 r--p 00000000 00:00 0                          [vvar]
7ffe6c5db000-7ffe6c5dd000 r-xp 00000000 00:00 0                          [vdso]
ffffffffff600000-ffffffffff601000 --xp 00000000 00:00 0                  [vsyscall]


VM Arguments:
jvm_args: -Dfile.encoding=UTF-8 -Duser.country=US -Duser.language=en -Duser.variant 
java_command: IntroToModernOpenGL
java_class_path (initial): /home/franz/uni/geometriacomputazionale/lwjgl/build/classes/java/main:/home/franz/uni/geometriacomputazionale/lwjgl/build/resources/main:/home/franz/.gradle/caches/modules-2/files-2.1/org.lwjgl/lwjgl-assimp/3.2.3/f62aa07a20afbdd3097efc296c4841e0d29700eb/lwjgl-assimp-3.2.3.jar:/home/franz/.gradle/caches/modules-2/files-2.1/org.lwjgl/lwjgl-assimp/3.2.3/9ecc218db17c49f2819a5a80dee7efea65a9ac4f/lwjgl-assimp-3.2.3-natives-linux.jar:/home/franz/.gradle/caches/modules-2/files-2.1/org.lwjgl/lwjgl-bgfx/3.2.3/433883c4040fa8df47244dffa1d42c96ce2143de/lwjgl-bgfx-3.2.3.jar:/home/franz/.gradle/caches/modules-2/files-2.1/org.lwjgl/lwjgl-bgfx/3.2.3/b30a656e8833ab98cc9434686c17390dbfa12531/lwjgl-bgfx-3.2.3-natives-linux.jar:/home/franz/.gradle/caches/modules-2/files-2.1/org.lwjgl/lwjgl-cuda/3.2.3/fb91f3aaa29e69eee7f1314a63d3e3068ad138e4/lwjgl-cuda-3.2.3.jar:/home/franz/.gradle/caches/modules-2/files-2.1/org.lwjgl/lwjgl-egl/3.2.3/45ad689a4346fac69d4e8696fa02aaa98f0ea196/lwjgl-egl-3.2.3.jar:/home/franz/.gradle/caches/modules-2/files-2.1/org.lwjgl/lwjgl-glfw/3.2.3/5e520d5c290c8b012545a8d34fa5db5ab051ea53/lwjgl-glfw-3.2.3.jar:/home/franz/.gradle/caches/modules-2/files-2.1/org.lwjgl/lwjgl-glfw/3.2.3/62b044d9b0a057444bef2ab70b9afc288ec09dba/lwjgl-glfw-3.2.3-natives-linux.jar:/home/franz/.gradle/caches/modules-2/files-2.1/org.lwjgl/lwjgl-jawt/3.2.3/b93ceb43c55c28651e178af42e1f344e1e9d8bf3/lwjgl-jawt-3.2.3.jar:/home/franz/.gradle/caches/modules-2/files-2.1/org.lwjgl/lwjgl-jemalloc/3.2.3/b6fd0932171ba3f2eaa4547beddca3a3e645342d/lwjgl-jemalloc-3.2.3.jar:/home/franz/.gradle/caches/modules-2/files-2.1/org.lwjgl/lwjgl-jemalloc/3.2.3/8d2dca364c11781de596fbcdee6782752e318cfb/lwjgl-jemalloc-3.2.3-natives-linux.jar:/home/franz/.gradle/caches/modules-2/files-2.1/org.lwjgl/lwjgl-libdivide/3.2.3/58c515f934b8b3fd64897d436a9aaea518ac180a/lwjgl-libdivide-3.2.3.jar:/home/franz/.gradle/caches/modules-2/files-2.1/org.lwjgl/lwjgl-libdivide/3.2.3/ad8330a8227d52a9fe3350ca8ebf47f6b17
Launcher Type: SUN_STANDARD

[Global flags]
     intx CICompilerCount                          = 3                                         {product} {ergonomic}
     uint ConcGCThreads                            = 1                                         {product} {ergonomic}
     uint G1ConcRefinementThreads                  = 4                                         {product} {ergonomic}
   size_t G1HeapRegionSize                         = 1048576                                   {product} {ergonomic}
    uintx GCDrainStackTargetSize                   = 64                                        {product} {ergonomic}
   size_t InitialHeapSize                          = 130023424                                 {product} {ergonomic}
   size_t MarkStackSize                            = 4194304                                   {product} {ergonomic}
   size_t MaxHeapSize                              = 2057306112                                {product} {ergonomic}
   size_t MaxNewSize                               = 1234173952                                {product} {ergonomic}
   size_t MinHeapDeltaBytes                        = 1048576                                   {product} {ergonomic}
   size_t MinHeapSize                              = 8388608                                   {product} {ergonomic}
    uintx NonNMethodCodeHeapSize                   = 5832780                                {pd product} {ergonomic}
    uintx NonProfiledCodeHeapSize                  = 122912730                              {pd product} {ergonomic}
    uintx ProfiledCodeHeapSize                     = 122912730                              {pd product} {ergonomic}
    uintx ReservedCodeCacheSize                    = 251658240                              {pd product} {ergonomic}
     bool SegmentedCodeCache                       = true                                      {product} {ergonomic}
   size_t SoftMaxHeapSize                          = 2057306112                             {manageable} {ergonomic}
     bool UseCompressedClassPointers               = true                                 {lp64_product} {ergonomic}
     bool UseCompressedOops                        = true                                 {lp64_product} {ergonomic}
     bool UseG1GC                                  = true                                      {product} {ergonomic}

Logging:
Log output configuration:
 #0: stdout all=warning uptime,level,tags
 #1: stderr all=off uptime,level,tags

Environment Variables:
PATH=/usr/local/sbin:/usr/local/bin:/usr/bin:/usr/lib/jvm/default/bin:/usr/bin/site_perl:/usr/bin/vendor_perl:/usr/bin/core_perl
SHELL=/bin/bash
DISPLAY=:0

Signal Handlers:
SIGSEGV: [libjvm.so+0xe28980], sa_mask[0]=11111111011111111101111111111110, sa_flags=SA_RESTART|SA_SIGINFO
SIGBUS: [libjvm.so+0xe28980], sa_mask[0]=11111111011111111101111111111110, sa_flags=SA_RESTART|SA_SIGINFO
SIGFPE: [libjvm.so+0xe28980], sa_mask[0]=11111111011111111101111111111110, sa_flags=SA_RESTART|SA_SIGINFO
SIGPIPE: [libjvm.so+0xb86c20], sa_mask[0]=11111111011111111101111111111110, sa_flags=SA_RESTART|SA_SIGINFO
SIGXFSZ: [libjvm.so+0xb86c20], sa_mask[0]=11111111011111111101111111111110, sa_flags=SA_RESTART|SA_SIGINFO
SIGILL: [libjvm.so+0xe28980], sa_mask[0]=11111111011111111101111111111110, sa_flags=SA_RESTART|SA_SIGINFO
SIGUSR2: [libjvm.so+0xb86ab0], sa_mask[0]=00100000000000000000000000000000, sa_flags=SA_RESTART|SA_SIGINFO
SIGHUP: [libjvm.so+0xb87330], sa_mask[0]=11111111011111111101111111111110, sa_flags=SA_RESTART|SA_SIGINFO
SIGINT: [libjvm.so+0xb87330], sa_mask[0]=11111111011111111101111111111110, sa_flags=SA_RESTART|SA_SIGINFO
SIGTERM: [libjvm.so+0xb87330], sa_mask[0]=11111111011111111101111111111110, sa_flags=SA_RESTART|SA_SIGINFO
SIGQUIT: [libjvm.so+0xb87330], sa_mask[0]=11111111011111111101111111111110, sa_flags=SA_RESTART|SA_SIGINFO


---------------  S Y S T E M  ---------------

OS:LSB_VERSION=1.4
DISTRIB_ID=Arch
DISTRIB_RELEASE=rolling
DISTRIB_DESCRIPTION="Arch Linux"
uname:Linux 5.9.14-arch1-1 #1 SMP PREEMPT Sat, 12 Dec 2020 14:37:12 +0000 x86_64
OS uptime: 0 days 1:29 hours
libc:glibc 2.32 NPTL 2.32 
rlimit: STACK 8192k, CORE infinity, NPROC 31311, NOFILE 524288, AS infinity, DATA infinity, FSIZE infinity
load average:0.79 0.66 0.58

/proc/meminfo:
MemTotal:        8029432 kB
MemFree:         3320848 kB
MemAvailable:    4492460 kB
Buffers:          120408 kB
Cached:          1547156 kB
SwapCached:            0 kB
Active:           574584 kB
Inactive:        3742172 kB
Active(anon):       4908 kB
Inactive(anon):  2958804 kB
Active(file):     569676 kB
Inactive(file):   783368 kB
Unevictable:      102972 kB
Mlocked:               0 kB
SwapTotal:       8388604 kB
SwapFree:        8388604 kB
Dirty:              7936 kB
Writeback:             0 kB
AnonPages:       2752260 kB
Mapped:           648448 kB
Shmem:            319796 kB
KReclaimable:      85732 kB
Slab:             136872 kB
SReclaimable:      85732 kB
SUnreclaim:        51140 kB
KernelStack:       10784 kB
PageTables:        18004 kB
NFS_Unstable:          0 kB
Bounce:                0 kB
WritebackTmp:          0 kB
CommitLimit:    12403320 kB
Committed_AS:    4869572 kB
VmallocTotal:   34359738367 kB
VmallocUsed:       66252 kB
VmallocChunk:          0 kB
Percpu:             2064 kB
HardwareCorrupted:     0 kB
AnonHugePages:         0 kB
ShmemHugePages:        0 kB
ShmemPmdMapped:        0 kB
FileHugePages:         0 kB
FilePmdMapped:         0 kB
HugePages_Total:       0
HugePages_Free:        0
HugePages_Rsvd:        0
HugePages_Surp:        0
Hugepagesize:       2048 kB
Hugetlb:               0 kB
DirectMap4k:      208284 kB
DirectMap2M:     5963776 kB
DirectMap1G:     2097152 kB


/proc/sys/kernel/threads-max (system-wide limit on the number of threads):
62623


/proc/sys/vm/max_map_count (maximum number of memory map areas a process may have):
65530


/proc/sys/kernel/pid_max (system-wide limit on number of process identifiers):
4194304



container (cgroup) information:
container_type: cgroupv1
cpu_cpuset_cpus: 0-3
cpu_memory_nodes: 0
active_processor_count: 4
cpu_quota: no quota
cpu_period: 100000
cpu_shares: no shares
memory_limit_in_bytes: unlimited
memory_and_swap_limit_in_bytes: unlimited
memory_soft_limit_in_bytes: unlimited
memory_usage_in_bytes: 4187009024
memory_max_usage_in_bytes: 4276748288

Steal ticks since vm start: 0
Steal ticks percentage since vm start:  0.000

CPU:total 4 (initial active 4) (2 cores per cpu, 2 threads per core) family 6 model 142 stepping 9, cmov, cx8, fxsr, mmx, sse, sse2, sse3, ssse3, sse4.1, sse4.2, popcnt, avx, avx2, aes, clmul, erms, 3dnowpref, lzcnt, ht, tsc, tscinvbit, bmi1, bmi2, adx, fma
CPU Model and flags from /proc/cpuinfo:
model name	: Intel(R) Core(TM) i7-7500U CPU @ 2.70GHz
flags		: fpu vme de pse tsc msr pae mce cx8 apic sep mtrr pge mca cmov pat pse36 clflush dts acpi mmx fxsr sse sse2 ss ht tm pbe syscall nx pdpe1gb rdtscp lm constant_tsc art arch_perfmon pebs bts rep_good nopl xtopology nonstop_tsc cpuid aperfmperf pni pclmulqdq dtes64 monitor ds_cpl vmx est tm2 ssse3 sdbg fma cx16 xtpr pdcm pcid sse4_1 sse4_2 x2apic movbe popcnt tsc_deadline_timer aes xsave avx f16c rdrand lahf_lm abm 3dnowprefetch cpuid_fault epb invpcid_single pti tpr_shadow vnmi flexpriority ept vpid ept_ad fsgsbase tsc_adjust bmi1 avx2 smep bmi2 erms invpcid mpx rdseed adx smap clflushopt intel_pt xsaveopt xsavec xgetbv1 xsaves dtherm ida arat pln pts hwp hwp_notify hwp_act_window hwp_epp

Memory: 4k page, physical 8029432k(3320848k free), swap 8388604k(8388604k free)

vm_info: OpenJDK 64-Bit Server VM (14.0.2+12) for linux-amd64 JRE (14.0.2+12), built on Jul 16 2020 20:46:47 by "builduser" with gcc 10.1.0

END.
