#
# A fatal error has been detected by the Java Runtime Environment:
#
#  SIGSEGV (0xb) at pc=0x00007fe63729fb59, pid=21658, tid=21660
#
# JRE version: OpenJDK Runtime Environment (14.0.2+12) (build 14.0.2+12)
# Java VM: OpenJDK 64-Bit Server VM (14.0.2+12, mixed mode, tiered, compressed oops, g1 gc, linux-amd64)
# Problematic frame:
# C  [libc.so.6+0x165b59]  __memmove_avx_unaligned_erms+0xd9
#
# Core dump will be written. Default location: Core dumps may be processed with "/usr/lib/systemd/systemd-coredump %P %u %g %s %t %c %h" (or dumping to /home/franz/uni/geometriacomputazionale/lwjgl/core.21658)
#
# If you would like to submit a bug report, please visit:
#   https://bugreport.java.com/bugreport/crash.jsp
# The crash happened outside the Java Virtual Machine in native code.
# See problematic frame for where to report the bug.
#

---------------  S U M M A R Y ------------

Command Line: -Dfile.encoding=UTF-8 -Duser.country=US -Duser.language=en -Duser.variant openGLTutorial.Peano2D

Host: Intel(R) Core(TM) i7-7500U CPU @ 2.70GHz, 4 cores, 7G, Arch Linux
Time: Sat Jan  2 22:17:26 2021 CET elapsed time: 0 seconds (0d 0h 0m 0s)

---------------  T H R E A D  ---------------

Current thread (0x00007fe630019800):  JavaThread "main" [_thread_in_native, id=21660, stack(0x00007fe635a5f000,0x00007fe635b60000)]

Stack: [0x00007fe635a5f000,0x00007fe635b60000],  sp=0x00007fe635b5e408,  free space=1021k
Native frames: (J=compiled Java code, A=aot compiled Java code, j=interpreted, Vv=VM code, C=native code)
C  [libc.so.6+0x165b59]  __memmove_avx_unaligned_erms+0xd9

Java frames: (J=compiled Java code, j=interpreted, Vv=VM code)
j  org.lwjgl.opengl.GL11C.glDrawArrays(III)V+0
j  org.lwjgl.opengl.GL11.glDrawArrays(III)V+3
j  myGL.GLApp.loop(IJ)V+168
j  myGL.GLApp.run()V+68
j  openGLTutorial.Peano2D.main([Ljava/lang/String;)V+7
v  ~StubRoutines::call_stub

siginfo: si_signo: 11 (SIGSEGV), si_code: 1 (SEGV_MAPERR), si_addr: 0x000000000000000c

Register to memory mapping:

RAX=0x00007fe5afc8024c points into unknown readable memory: 00 00 00 00
RBX=0x00007fe63113817c points into unknown readable memory: 00 00 20 04
RCX=0x00007fe635b5e460 is pointing into the stack for thread: 0x00007fe630019800
RDX=0x00000000000000b4 is an unknown value
RSP=0x00007fe635b5e408 is pointing into the stack for thread: 0x00007fe630019800
RBP=0x00007fe6309b47b0 points into unknown readable memory: 00 00 00 00 01 00 00 00
RSI=0x000000000000000c is an unknown value
RDI=0x00007fe5afc8024c points into unknown readable memory: 00 00 00 00
R8 =0x0000000000100000 is an unknown value
R9 =0x00007fe6309b5000 points into unknown readable memory: a0 60 79 30 e6 7f 00 00
R10=0x0000000000200000 is an unknown value
R11=0x00000000000000b4 is an unknown value
R12=0x00007fe631138278 points into unknown readable memory: 0c 00 00 00 04 00 00 00
R13=0x00007fe6309b47b0 points into unknown readable memory: 00 00 00 00 01 00 00 00
R14=0x0 is NULL
R15=0x00000000000000b4 is an unknown value


Registers:
RAX=0x00007fe5afc8024c, RBX=0x00007fe63113817c, RCX=0x00007fe635b5e460, RDX=0x00000000000000b4
RSP=0x00007fe635b5e408, RBP=0x00007fe6309b47b0, RSI=0x000000000000000c, RDI=0x00007fe5afc8024c
R8 =0x0000000000100000, R9 =0x00007fe6309b5000, R10=0x0000000000200000, R11=0x00000000000000b4
R12=0x00007fe631138278, R13=0x00007fe6309b47b0, R14=0x0000000000000000, R15=0x00000000000000b4
RIP=0x00007fe63729fb59, EFLAGS=0x0000000000010202, CSGSFS=0x002b000000000033, ERR=0x0000000000000004
  TRAPNO=0x000000000000000e

Top of Stack: (sp=0x00007fe635b5e408)
0x00007fe635b5e408:   00007fe5c63c13a6 00007fe6309b1510
0x00007fe635b5e418:   00007fe63094ad10 00007fe63113818c
0x00007fe635b5e428:   000000013094ad10 0000000000000008
0x00007fe635b5e438:   000000000000000c 00007fe600000000 

Instructions: (pc=0x00007fe63729fb59)
0x00007fe63729fa59:   63 88 fa ff 0f 1f 00 f3 0f 1e fa 48 89 f8 48 01
0x00007fe63729fa69:   d0 eb 1b 0f 1f 40 00 f3 0f 1e fa 48 39 d1 0f 82
0x00007fe63729fa79:   43 88 fa ff 0f 1f 00 f3 0f 1e fa 48 89 f8 48 83
0x00007fe63729fa89:   fa 20 72 49 48 83 fa 40 0f 87 9f 00 00 00 c5 fe
0x00007fe63729fa99:   6f 06 c5 fe 6f 4c 16 e0 c5 fe 7f 07 c5 fe 7f 4c
0x00007fe63729faa9:   17 e0 c5 f8 77 c3 48 3b 15 42 03 06 00 0f 83 25
0x00007fe63729fab9:   01 00 00 48 39 f7 72 0f 74 12 4c 8d 0c 16 4c 39
0x00007fe63729fac9:   cf 0f 82 c5 01 00 00 48 89 d1 f3 a4 c3 80 fa 10
0x00007fe63729fad9:   73 17 80 fa 08 73 27 80 fa 04 73 33 80 fa 01 77
0x00007fe63729fae9:   3b 72 05 0f b6 0e 88 0f c3 c5 fa 6f 06 c5 fa 6f
0x00007fe63729faf9:   4c 16 f0 c5 fa 7f 07 c5 fa 7f 4c 17 f0 c3 48 8b
0x00007fe63729fb09:   4c 16 f8 48 8b 36 48 89 4c 17 f8 48 89 37 c3 8b
0x00007fe63729fb19:   4c 16 fc 8b 36 89 4c 17 fc 89 37 c3 0f b7 4c 16
0x00007fe63729fb29:   fe 0f b7 36 66 89 4c 17 fe 66 89 37 c3 48 3b 15
0x00007fe63729fb39:   23 c6 05 00 0f 87 6c ff ff ff 48 81 fa 00 01 00
0x00007fe63729fb49:   00 0f 87 91 00 00 00 48 81 fa 80 00 00 00 72 5a
0x00007fe63729fb59:   c5 fe 6f 06 c5 fe 6f 4e 20 c5 fe 6f 56 40 c5 fe
0x00007fe63729fb69:   6f 5e 60 c5 fe 6f 64 16 e0 c5 fe 6f 6c 16 c0 c5
0x00007fe63729fb79:   fe 6f 74 16 a0 c5 fe 6f 7c 16 80 c5 fe 7f 07 c5
0x00007fe63729fb89:   fe 7f 4f 20 c5 fe 7f 57 40 c5 fe 7f 5f 60 c5 fe
0x00007fe63729fb99:   7f 64 17 e0 c5 fe 7f 6c 17 c0 c5 fe 7f 74 17 a0
0x00007fe63729fba9:   c5 fe 7f 7c 17 80 c5 f8 77 c3 c5 fe 6f 06 c5 fe
0x00007fe63729fbb9:   6f 4e 20 c5 fe 6f 54 16 e0 c5 fe 6f 5c 16 c0 c5
0x00007fe63729fbc9:   fe 7f 07 c5 fe 7f 4f 20 c5 fe 7f 54 17 e0 c5 fe
0x00007fe63729fbd9:   7f 5c 17 c0 c5 f8 77 c3 48 39 f7 0f 87 ab 00 00
0x00007fe63729fbe9:   00 0f 84 e5 fe ff ff c5 fe 6f 26 c5 fe 6f 6c 16
0x00007fe63729fbf9:   e0 c5 fe 6f 74 16 c0 c5 fe 6f 7c 16 a0 c5 7e 6f
0x00007fe63729fc09:   44 16 80 49 89 fb 48 8d 4c 17 e0 49 89 f8 49 83
0x00007fe63729fc19:   e0 1f 49 83 e8 20 4c 29 c6 4c 29 c7 4c 01 c2 48
0x00007fe63729fc29:   3b 15 c9 01 06 00 0f 87 07 01 00 00 c5 fe 6f 06
0x00007fe63729fc39:   c5 fe 6f 4e 20 c5 fe 6f 56 40 c5 fe 6f 5e 60 48
0x00007fe63729fc49:   81 c6 80 00 00 00 48 81 ea 80 00 00 00 c5 fd 7f 


Stack slot to memory mapping:
stack at sp + 0 slots: 0x00007fe5c63c13a6: <offset 0x000000000064d3a6> in /usr/lib/dri/iris_dri.so at 0x00007fe5c5d74000
stack at sp + 1 slots: 0x00007fe6309b1510 points into unknown readable memory: c0 b7 7e 30 e6 7f 00 00
stack at sp + 2 slots: 0x00007fe63094ad10 points into unknown readable memory: a0 e0 7e 30 e6 7f 00 00
stack at sp + 3 slots: 0x00007fe63113818c points into unknown readable memory: 00 00 00 00
stack at sp + 4 slots: 0x000000013094ad10 is an unknown value
stack at sp + 5 slots: 0x0000000000000008 is an unknown value
stack at sp + 6 slots: 0x000000000000000c is an unknown value
stack at sp + 7 slots: 0x00007fe600000000 points into unknown readable memory: 20 00 00 00 e6 7f 00 00


---------------  P R O C E S S  ---------------

Threads class SMR info:
_java_thread_list=0x00007fe5e4108320, length=11, elements={
0x00007fe630019800, 0x00007fe630169800, 0x00007fe63016b000, 0x00007fe630182800,
0x00007fe630184800, 0x00007fe630186800, 0x00007fe630188800, 0x00007fe630190000,
0x00007fe63021a800, 0x00007fe630228800, 0x00007fe5e4107000
}

Java Threads: ( => current thread )
=>0x00007fe630019800 JavaThread "main" [_thread_in_native, id=21660, stack(0x00007fe635a5f000,0x00007fe635b60000)]
  0x00007fe630169800 JavaThread "Reference Handler" daemon [_thread_blocked, id=21667, stack(0x00007fe61444e000,0x00007fe61454f000)]
  0x00007fe63016b000 JavaThread "Finalizer" daemon [_thread_blocked, id=21668, stack(0x00007fe61434d000,0x00007fe61444e000)]
  0x00007fe630182800 JavaThread "Signal Dispatcher" daemon [_thread_blocked, id=21669, stack(0x00007fe61424c000,0x00007fe61434d000)]
  0x00007fe630184800 JavaThread "Service Thread" daemon [_thread_blocked, id=21670, stack(0x00007fe61414b000,0x00007fe61424c000)]
  0x00007fe630186800 JavaThread "C2 CompilerThread0" daemon [_thread_in_native, id=21671, stack(0x00007fe61404a000,0x00007fe61414b000)]
  0x00007fe630188800 JavaThread "C1 CompilerThread0" daemon [_thread_blocked, id=21672, stack(0x00007fe6051cc000,0x00007fe6052cd000)]
  0x00007fe630190000 JavaThread "Sweeper thread" daemon [_thread_blocked, id=21673, stack(0x00007fe6050cb000,0x00007fe6051cc000)]
  0x00007fe63021a800 JavaThread "Notification Thread" daemon [_thread_blocked, id=21674, stack(0x00007fe604fca000,0x00007fe6050cb000)]
  0x00007fe630228800 JavaThread "Common-Cleaner" daemon [_thread_blocked, id=21676, stack(0x00007fe604dc7000,0x00007fe604ec8000)]
  0x00007fe5e4107000 JavaThread "C2 CompilerThread1" daemon [_thread_blocked, id=21677, stack(0x00007fe604c95000,0x00007fe604d96000)]

Other Threads:
  0x00007fe63015c000 VMThread "VM Thread" [stack: 0x00007fe614551000,0x00007fe614651000] [id=21666]
  0x00007fe63021d000 WatcherThread [stack: 0x00007fe604eca000,0x00007fe604fca000] [id=21675]
  0x00007fe630059800 GCTaskThread "GC Thread#0" [stack: 0x00007fe634790000,0x00007fe634890000] [id=21661]
  0x00007fe5fc001000 GCTaskThread "GC Thread#1" [stack: 0x00007fe604943000,0x00007fe604a43000] [id=21678]
  0x00007fe63006b000 ConcurrentGCThread "G1 Main Marker" [stack: 0x00007fe63468e000,0x00007fe63478e000] [id=21662]
  0x00007fe63006c800 ConcurrentGCThread "G1 Conc#0" [stack: 0x00007fe63458c000,0x00007fe63468c000] [id=21663]
  0x00007fe6300e2800 ConcurrentGCThread "G1 Refine#0" [stack: 0x00007fe634086000,0x00007fe634186000] [id=21664]
  0x00007fe6300e4800 ConcurrentGCThread "G1 Young RemSet Sampling" [stack: 0x00007fe61472f000,0x00007fe61482f000] [id=21665]

Threads with active compile tasks:
C2 CompilerThread0      729  799   !   4       jdk.internal.loader.URLClassPath$JarLoader::getResource (65 bytes)

VM state:not at safepoint (normal execution)

VM Mutex/Monitor currently owned by a thread: None

Heap address: 0x0000000085600000, size: 1962 MB, Compressed Oops mode: 32-bit
Narrow klass base: 0x0000000000000000, Narrow klass shift: 3
Compressed class space size: 1073741824 Address: 0x0000000100000000

Heap:
 garbage-first heap   total 126976K, used 15633K [0x0000000085600000, 0x0000000100000000)
  region size 1024K, 15 young (15360K), 1 survivors (1024K)
 Metaspace       used 11383K, capacity 11507K, committed 11904K, reserved 1060864K
  class space    used 761K, capacity 800K, committed 896K, reserved 1048576K
Heap Regions: E=young(eden), S=young(survivor), O=old, HS=humongous(starts), HC=humongous(continues), CS=collection set, F=free, OA=open archive, CA=closed archive, TAMS=top-at-mark-start (previous, next)
|   0|0x0000000085600000, 0x0000000085700000, 0x0000000085700000|100%| O|  |TAMS 0x0000000085600000, 0x0000000085600000| Untracked 
|   1|0x0000000085700000, 0x000000008578d800, 0x0000000085800000| 55%| O|  |TAMS 0x0000000085700000, 0x0000000085700000| Untracked 
|   2|0x0000000085800000, 0x0000000085800000, 0x0000000085900000|  0%| F|  |TAMS 0x0000000085800000, 0x0000000085800000| Untracked 
|   3|0x0000000085900000, 0x0000000085900000, 0x0000000085a00000|  0%| F|  |TAMS 0x0000000085900000, 0x0000000085900000| Untracked 
|   4|0x0000000085a00000, 0x0000000085a00000, 0x0000000085b00000|  0%| F|  |TAMS 0x0000000085a00000, 0x0000000085a00000| Untracked 
|   5|0x0000000085b00000, 0x0000000085b00000, 0x0000000085c00000|  0%| F|  |TAMS 0x0000000085b00000, 0x0000000085b00000| Untracked 
|   6|0x0000000085c00000, 0x0000000085c00000, 0x0000000085d00000|  0%| F|  |TAMS 0x0000000085c00000, 0x0000000085c00000| Untracked 
|   7|0x0000000085d00000, 0x0000000085d00000, 0x0000000085e00000|  0%| F|  |TAMS 0x0000000085d00000, 0x0000000085d00000| Untracked 
|   8|0x0000000085e00000, 0x0000000085e00000, 0x0000000085f00000|  0%| F|  |TAMS 0x0000000085e00000, 0x0000000085e00000| Untracked 
|   9|0x0000000085f00000, 0x0000000085f00000, 0x0000000086000000|  0%| F|  |TAMS 0x0000000085f00000, 0x0000000085f00000| Untracked 
|  10|0x0000000086000000, 0x0000000086000000, 0x0000000086100000|  0%| F|  |TAMS 0x0000000086000000, 0x0000000086000000| Untracked 
|  11|0x0000000086100000, 0x0000000086100000, 0x0000000086200000|  0%| F|  |TAMS 0x0000000086100000, 0x0000000086100000| Untracked 
|  12|0x0000000086200000, 0x0000000086200000, 0x0000000086300000|  0%| F|  |TAMS 0x0000000086200000, 0x0000000086200000| Untracked 
|  13|0x0000000086300000, 0x0000000086300000, 0x0000000086400000|  0%| F|  |TAMS 0x0000000086300000, 0x0000000086300000| Untracked 
|  14|0x0000000086400000, 0x0000000086400000, 0x0000000086500000|  0%| F|  |TAMS 0x0000000086400000, 0x0000000086400000| Untracked 
|  15|0x0000000086500000, 0x0000000086500000, 0x0000000086600000|  0%| F|  |TAMS 0x0000000086500000, 0x0000000086500000| Untracked 
|  16|0x0000000086600000, 0x0000000086600000, 0x0000000086700000|  0%| F|  |TAMS 0x0000000086600000, 0x0000000086600000| Untracked 
|  17|0x0000000086700000, 0x0000000086700000, 0x0000000086800000|  0%| F|  |TAMS 0x0000000086700000, 0x0000000086700000| Untracked 
|  18|0x0000000086800000, 0x0000000086800000, 0x0000000086900000|  0%| F|  |TAMS 0x0000000086800000, 0x0000000086800000| Untracked 
|  19|0x0000000086900000, 0x0000000086900000, 0x0000000086a00000|  0%| F|  |TAMS 0x0000000086900000, 0x0000000086900000| Untracked 
|  20|0x0000000086a00000, 0x0000000086a00000, 0x0000000086b00000|  0%| F|  |TAMS 0x0000000086a00000, 0x0000000086a00000| Untracked 
|  21|0x0000000086b00000, 0x0000000086b00000, 0x0000000086c00000|  0%| F|  |TAMS 0x0000000086b00000, 0x0000000086b00000| Untracked 
|  22|0x0000000086c00000, 0x0000000086c00000, 0x0000000086d00000|  0%| F|  |TAMS 0x0000000086c00000, 0x0000000086c00000| Untracked 
|  23|0x0000000086d00000, 0x0000000086d00000, 0x0000000086e00000|  0%| F|  |TAMS 0x0000000086d00000, 0x0000000086d00000| Untracked 
|  24|0x0000000086e00000, 0x0000000086e00000, 0x0000000086f00000|  0%| F|  |TAMS 0x0000000086e00000, 0x0000000086e00000| Untracked 
|  25|0x0000000086f00000, 0x0000000086f00000, 0x0000000087000000|  0%| F|  |TAMS 0x0000000086f00000, 0x0000000086f00000| Untracked 
|  26|0x0000000087000000, 0x0000000087000000, 0x0000000087100000|  0%| F|  |TAMS 0x0000000087000000, 0x0000000087000000| Untracked 
|  27|0x0000000087100000, 0x0000000087100000, 0x0000000087200000|  0%| F|  |TAMS 0x0000000087100000, 0x0000000087100000| Untracked 
|  28|0x0000000087200000, 0x0000000087200000, 0x0000000087300000|  0%| F|  |TAMS 0x0000000087200000, 0x0000000087200000| Untracked 
|  29|0x0000000087300000, 0x0000000087300000, 0x0000000087400000|  0%| F|  |TAMS 0x0000000087300000, 0x0000000087300000| Untracked 
|  30|0x0000000087400000, 0x0000000087400000, 0x0000000087500000|  0%| F|  |TAMS 0x0000000087400000, 0x0000000087400000| Untracked 
|  31|0x0000000087500000, 0x0000000087500000, 0x0000000087600000|  0%| F|  |TAMS 0x0000000087500000, 0x0000000087500000| Untracked 
|  32|0x0000000087600000, 0x0000000087600000, 0x0000000087700000|  0%| F|  |TAMS 0x0000000087600000, 0x0000000087600000| Untracked 
|  33|0x0000000087700000, 0x0000000087700000, 0x0000000087800000|  0%| F|  |TAMS 0x0000000087700000, 0x0000000087700000| Untracked 
|  34|0x0000000087800000, 0x0000000087800000, 0x0000000087900000|  0%| F|  |TAMS 0x0000000087800000, 0x0000000087800000| Untracked 
|  35|0x0000000087900000, 0x0000000087900000, 0x0000000087a00000|  0%| F|  |TAMS 0x0000000087900000, 0x0000000087900000| Untracked 
|  36|0x0000000087a00000, 0x0000000087a00000, 0x0000000087b00000|  0%| F|  |TAMS 0x0000000087a00000, 0x0000000087a00000| Untracked 
|  37|0x0000000087b00000, 0x0000000087b00000, 0x0000000087c00000|  0%| F|  |TAMS 0x0000000087b00000, 0x0000000087b00000| Untracked 
|  38|0x0000000087c00000, 0x0000000087c00000, 0x0000000087d00000|  0%| F|  |TAMS 0x0000000087c00000, 0x0000000087c00000| Untracked 
|  39|0x0000000087d00000, 0x0000000087d00000, 0x0000000087e00000|  0%| F|  |TAMS 0x0000000087d00000, 0x0000000087d00000| Untracked 
|  40|0x0000000087e00000, 0x0000000087e00000, 0x0000000087f00000|  0%| F|  |TAMS 0x0000000087e00000, 0x0000000087e00000| Untracked 
|  41|0x0000000087f00000, 0x0000000087f00000, 0x0000000088000000|  0%| F|  |TAMS 0x0000000087f00000, 0x0000000087f00000| Untracked 
|  42|0x0000000088000000, 0x0000000088000000, 0x0000000088100000|  0%| F|  |TAMS 0x0000000088000000, 0x0000000088000000| Untracked 
|  43|0x0000000088100000, 0x0000000088100000, 0x0000000088200000|  0%| F|  |TAMS 0x0000000088100000, 0x0000000088100000| Untracked 
|  44|0x0000000088200000, 0x0000000088200000, 0x0000000088300000|  0%| F|  |TAMS 0x0000000088200000, 0x0000000088200000| Untracked 
|  45|0x0000000088300000, 0x0000000088300000, 0x0000000088400000|  0%| F|  |TAMS 0x0000000088300000, 0x0000000088300000| Untracked 
|  46|0x0000000088400000, 0x0000000088400000, 0x0000000088500000|  0%| F|  |TAMS 0x0000000088400000, 0x0000000088400000| Untracked 
|  47|0x0000000088500000, 0x0000000088500000, 0x0000000088600000|  0%| F|  |TAMS 0x0000000088500000, 0x0000000088500000| Untracked 
|  48|0x0000000088600000, 0x0000000088600000, 0x0000000088700000|  0%| F|  |TAMS 0x0000000088600000, 0x0000000088600000| Untracked 
|  49|0x0000000088700000, 0x0000000088700000, 0x0000000088800000|  0%| F|  |TAMS 0x0000000088700000, 0x0000000088700000| Untracked 
|  50|0x0000000088800000, 0x0000000088800000, 0x0000000088900000|  0%| F|  |TAMS 0x0000000088800000, 0x0000000088800000| Untracked 
|  51|0x0000000088900000, 0x0000000088900000, 0x0000000088a00000|  0%| F|  |TAMS 0x0000000088900000, 0x0000000088900000| Untracked 
|  52|0x0000000088a00000, 0x0000000088a00000, 0x0000000088b00000|  0%| F|  |TAMS 0x0000000088a00000, 0x0000000088a00000| Untracked 
|  53|0x0000000088b00000, 0x0000000088b00000, 0x0000000088c00000|  0%| F|  |TAMS 0x0000000088b00000, 0x0000000088b00000| Untracked 
|  54|0x0000000088c00000, 0x0000000088c00000, 0x0000000088d00000|  0%| F|  |TAMS 0x0000000088c00000, 0x0000000088c00000| Untracked 
|  55|0x0000000088d00000, 0x0000000088d00000, 0x0000000088e00000|  0%| F|  |TAMS 0x0000000088d00000, 0x0000000088d00000| Untracked 
|  56|0x0000000088e00000, 0x0000000088e00000, 0x0000000088f00000|  0%| F|  |TAMS 0x0000000088e00000, 0x0000000088e00000| Untracked 
|  57|0x0000000088f00000, 0x0000000088f00000, 0x0000000089000000|  0%| F|  |TAMS 0x0000000088f00000, 0x0000000088f00000| Untracked 
|  58|0x0000000089000000, 0x0000000089000000, 0x0000000089100000|  0%| F|  |TAMS 0x0000000089000000, 0x0000000089000000| Untracked 
|  59|0x0000000089100000, 0x0000000089100000, 0x0000000089200000|  0%| F|  |TAMS 0x0000000089100000, 0x0000000089100000| Untracked 
|  60|0x0000000089200000, 0x0000000089200000, 0x0000000089300000|  0%| F|  |TAMS 0x0000000089200000, 0x0000000089200000| Untracked 
|  61|0x0000000089300000, 0x0000000089300000, 0x0000000089400000|  0%| F|  |TAMS 0x0000000089300000, 0x0000000089300000| Untracked 
|  62|0x0000000089400000, 0x0000000089400000, 0x0000000089500000|  0%| F|  |TAMS 0x0000000089400000, 0x0000000089400000| Untracked 
|  63|0x0000000089500000, 0x0000000089500000, 0x0000000089600000|  0%| F|  |TAMS 0x0000000089500000, 0x0000000089500000| Untracked 
|  64|0x0000000089600000, 0x0000000089600000, 0x0000000089700000|  0%| F|  |TAMS 0x0000000089600000, 0x0000000089600000| Untracked 
|  65|0x0000000089700000, 0x0000000089700000, 0x0000000089800000|  0%| F|  |TAMS 0x0000000089700000, 0x0000000089700000| Untracked 
|  66|0x0000000089800000, 0x0000000089800000, 0x0000000089900000|  0%| F|  |TAMS 0x0000000089800000, 0x0000000089800000| Untracked 
|  67|0x0000000089900000, 0x0000000089900000, 0x0000000089a00000|  0%| F|  |TAMS 0x0000000089900000, 0x0000000089900000| Untracked 
|  68|0x0000000089a00000, 0x0000000089a00000, 0x0000000089b00000|  0%| F|  |TAMS 0x0000000089a00000, 0x0000000089a00000| Untracked 
|  69|0x0000000089b00000, 0x0000000089b00000, 0x0000000089c00000|  0%| F|  |TAMS 0x0000000089b00000, 0x0000000089b00000| Untracked 
|  70|0x0000000089c00000, 0x0000000089c00000, 0x0000000089d00000|  0%| F|  |TAMS 0x0000000089c00000, 0x0000000089c00000| Untracked 
|  71|0x0000000089d00000, 0x0000000089d00000, 0x0000000089e00000|  0%| F|  |TAMS 0x0000000089d00000, 0x0000000089d00000| Untracked 
|  72|0x0000000089e00000, 0x0000000089e00000, 0x0000000089f00000|  0%| F|  |TAMS 0x0000000089e00000, 0x0000000089e00000| Untracked 
|  73|0x0000000089f00000, 0x0000000089f00000, 0x000000008a000000|  0%| F|  |TAMS 0x0000000089f00000, 0x0000000089f00000| Untracked 
|  74|0x000000008a000000, 0x000000008a000000, 0x000000008a100000|  0%| F|  |TAMS 0x000000008a000000, 0x000000008a000000| Untracked 
|  75|0x000000008a100000, 0x000000008a100000, 0x000000008a200000|  0%| F|  |TAMS 0x000000008a100000, 0x000000008a100000| Untracked 
|  76|0x000000008a200000, 0x000000008a200000, 0x000000008a300000|  0%| F|  |TAMS 0x000000008a200000, 0x000000008a200000| Untracked 
|  77|0x000000008a300000, 0x000000008a300000, 0x000000008a400000|  0%| F|  |TAMS 0x000000008a300000, 0x000000008a300000| Untracked 
|  78|0x000000008a400000, 0x000000008a400000, 0x000000008a500000|  0%| F|  |TAMS 0x000000008a400000, 0x000000008a400000| Untracked 
|  79|0x000000008a500000, 0x000000008a500000, 0x000000008a600000|  0%| F|  |TAMS 0x000000008a500000, 0x000000008a500000| Untracked 
|  80|0x000000008a600000, 0x000000008a600000, 0x000000008a700000|  0%| F|  |TAMS 0x000000008a600000, 0x000000008a600000| Untracked 
|  81|0x000000008a700000, 0x000000008a700000, 0x000000008a800000|  0%| F|  |TAMS 0x000000008a700000, 0x000000008a700000| Untracked 
|  82|0x000000008a800000, 0x000000008a800000, 0x000000008a900000|  0%| F|  |TAMS 0x000000008a800000, 0x000000008a800000| Untracked 
|  83|0x000000008a900000, 0x000000008a900000, 0x000000008aa00000|  0%| F|  |TAMS 0x000000008a900000, 0x000000008a900000| Untracked 
|  84|0x000000008aa00000, 0x000000008aa00000, 0x000000008ab00000|  0%| F|  |TAMS 0x000000008aa00000, 0x000000008aa00000| Untracked 
|  85|0x000000008ab00000, 0x000000008ab00000, 0x000000008ac00000|  0%| F|  |TAMS 0x000000008ab00000, 0x000000008ab00000| Untracked 
|  86|0x000000008ac00000, 0x000000008ac00000, 0x000000008ad00000|  0%| F|  |TAMS 0x000000008ac00000, 0x000000008ac00000| Untracked 
|  87|0x000000008ad00000, 0x000000008ad00000, 0x000000008ae00000|  0%| F|  |TAMS 0x000000008ad00000, 0x000000008ad00000| Untracked 
|  88|0x000000008ae00000, 0x000000008ae00000, 0x000000008af00000|  0%| F|  |TAMS 0x000000008ae00000, 0x000000008ae00000| Untracked 
|  89|0x000000008af00000, 0x000000008af00000, 0x000000008b000000|  0%| F|  |TAMS 0x000000008af00000, 0x000000008af00000| Untracked 
|  90|0x000000008b000000, 0x000000008b000000, 0x000000008b100000|  0%| F|  |TAMS 0x000000008b000000, 0x000000008b000000| Untracked 
|  91|0x000000008b100000, 0x000000008b100000, 0x000000008b200000|  0%| F|  |TAMS 0x000000008b100000, 0x000000008b100000| Untracked 
|  92|0x000000008b200000, 0x000000008b200000, 0x000000008b300000|  0%| F|  |TAMS 0x000000008b200000, 0x000000008b200000| Untracked 
|  93|0x000000008b300000, 0x000000008b300000, 0x000000008b400000|  0%| F|  |TAMS 0x000000008b300000, 0x000000008b300000| Untracked 
|  94|0x000000008b400000, 0x000000008b400000, 0x000000008b500000|  0%| F|  |TAMS 0x000000008b400000, 0x000000008b400000| Untracked 
|  95|0x000000008b500000, 0x000000008b500000, 0x000000008b600000|  0%| F|  |TAMS 0x000000008b500000, 0x000000008b500000| Untracked 
|  96|0x000000008b600000, 0x000000008b600000, 0x000000008b700000|  0%| F|  |TAMS 0x000000008b600000, 0x000000008b600000| Untracked 
|  97|0x000000008b700000, 0x000000008b700000, 0x000000008b800000|  0%| F|  |TAMS 0x000000008b700000, 0x000000008b700000| Untracked 
|  98|0x000000008b800000, 0x000000008b800000, 0x000000008b900000|  0%| F|  |TAMS 0x000000008b800000, 0x000000008b800000| Untracked 
|  99|0x000000008b900000, 0x000000008b900000, 0x000000008ba00000|  0%| F|  |TAMS 0x000000008b900000, 0x000000008b900000| Untracked 
| 100|0x000000008ba00000, 0x000000008ba00000, 0x000000008bb00000|  0%| F|  |TAMS 0x000000008ba00000, 0x000000008ba00000| Untracked 
| 101|0x000000008bb00000, 0x000000008bb00000, 0x000000008bc00000|  0%| F|  |TAMS 0x000000008bb00000, 0x000000008bb00000| Untracked 
| 102|0x000000008bc00000, 0x000000008bc00000, 0x000000008bd00000|  0%| F|  |TAMS 0x000000008bc00000, 0x000000008bc00000| Untracked 
| 103|0x000000008bd00000, 0x000000008bd00000, 0x000000008be00000|  0%| F|  |TAMS 0x000000008bd00000, 0x000000008bd00000| Untracked 
| 104|0x000000008be00000, 0x000000008beb6c70, 0x000000008bf00000| 71%| S|CS|TAMS 0x000000008be00000, 0x000000008be00000| Complete 
| 105|0x000000008bf00000, 0x000000008bf00000, 0x000000008c000000|  0%| F|  |TAMS 0x000000008bf00000, 0x000000008bf00000| Untracked 
| 106|0x000000008c000000, 0x000000008c000000, 0x000000008c100000|  0%| F|  |TAMS 0x000000008c000000, 0x000000008c000000| Untracked 
| 107|0x000000008c100000, 0x000000008c100000, 0x000000008c200000|  0%| F|  |TAMS 0x000000008c100000, 0x000000008c100000| Untracked 
| 108|0x000000008c200000, 0x000000008c200000, 0x000000008c300000|  0%| F|  |TAMS 0x000000008c200000, 0x000000008c200000| Untracked 
| 109|0x000000008c300000, 0x000000008c300000, 0x000000008c400000|  0%| F|  |TAMS 0x000000008c300000, 0x000000008c300000| Untracked 
| 110|0x000000008c400000, 0x000000008c480800, 0x000000008c500000| 50%| E|  |TAMS 0x000000008c400000, 0x000000008c400000| Complete 
| 111|0x000000008c500000, 0x000000008c600000, 0x000000008c600000|100%| E|CS|TAMS 0x000000008c500000, 0x000000008c500000| Complete 
| 112|0x000000008c600000, 0x000000008c700000, 0x000000008c700000|100%| E|CS|TAMS 0x000000008c600000, 0x000000008c600000| Complete 
| 113|0x000000008c700000, 0x000000008c800000, 0x000000008c800000|100%| E|CS|TAMS 0x000000008c700000, 0x000000008c700000| Complete 
| 114|0x000000008c800000, 0x000000008c900000, 0x000000008c900000|100%| E|CS|TAMS 0x000000008c800000, 0x000000008c800000| Complete 
| 115|0x000000008c900000, 0x000000008ca00000, 0x000000008ca00000|100%| E|CS|TAMS 0x000000008c900000, 0x000000008c900000| Complete 
| 116|0x000000008ca00000, 0x000000008cb00000, 0x000000008cb00000|100%| E|CS|TAMS 0x000000008ca00000, 0x000000008ca00000| Complete 
| 117|0x000000008cb00000, 0x000000008cc00000, 0x000000008cc00000|100%| E|CS|TAMS 0x000000008cb00000, 0x000000008cb00000| Complete 
| 118|0x000000008cc00000, 0x000000008cd00000, 0x000000008cd00000|100%| E|CS|TAMS 0x000000008cc00000, 0x000000008cc00000| Complete 
| 119|0x000000008cd00000, 0x000000008ce00000, 0x000000008ce00000|100%| E|CS|TAMS 0x000000008cd00000, 0x000000008cd00000| Complete 
| 120|0x000000008ce00000, 0x000000008cf00000, 0x000000008cf00000|100%| E|CS|TAMS 0x000000008ce00000, 0x000000008ce00000| Complete 
| 121|0x000000008cf00000, 0x000000008d000000, 0x000000008d000000|100%| E|CS|TAMS 0x000000008cf00000, 0x000000008cf00000| Complete 
| 122|0x000000008d000000, 0x000000008d100000, 0x000000008d100000|100%| E|CS|TAMS 0x000000008d000000, 0x000000008d000000| Complete 
| 123|0x000000008d100000, 0x000000008d200000, 0x000000008d200000|100%| E|CS|TAMS 0x000000008d100000, 0x000000008d100000| Complete 

Card table byte_map: [0x00007fe634ca7000,0x00007fe63507c000] _byte_map_base: 0x00007fe63487c000

Marking Bits (Prev, Next): (CMBitMap*) 0x00007fe63005a6f8, (CMBitMap*) 0x00007fe63005a738
 Prev Bits: [0x00007fe6166d7000, 0x00007fe61857f000)
 Next Bits: [0x00007fe61482f000, 0x00007fe6166d7000)

Polling page: 0x00007fe63732e000

Metaspace:

Usage:
  Non-class:     10.46 MB capacity,    10.37 MB (>99%) used,    73.36 KB ( <1%) free+waste,    11.44 KB ( <1%) overhead. 
      Class:    800.00 KB capacity,   761.74 KB ( 95%) used,    34.01 KB (  4%) free+waste,     4.25 KB ( <1%) overhead. 
       Both:     11.24 MB capacity,    11.12 MB ( 99%) used,   107.37 KB ( <1%) free+waste,    15.69 KB ( <1%) overhead. 

Virtual space:
  Non-class space:       12.00 MB reserved,      10.75 MB ( 90%) committed 
      Class space:        1.00 GB reserved,     896.00 KB ( <1%) committed 
             Both:        1.01 GB reserved,      11.62 MB (  1%) committed 

Chunk freelists:
   Non-Class:  209.00 KB
       Class:  0 bytes
        Both:  209.00 KB

MaxMetaspaceSize: unlimited
CompressedClassSpaceSize: 1.00 GB

CodeHeap 'non-profiled nmethods': size=120032Kb used=317Kb max_used=317Kb free=119714Kb
 bounds [0x00007fe620047000, 0x00007fe6202b7000, 0x00007fe62757f000]
CodeHeap 'profiled nmethods': size=120028Kb used=1430Kb max_used=1430Kb free=118597Kb
 bounds [0x00007fe618b10000, 0x00007fe618d80000, 0x00007fe620047000]
CodeHeap 'non-nmethods': size=5700Kb used=1545Kb max_used=1565Kb free=4155Kb
 bounds [0x00007fe61857f000, 0x00007fe6187ef000, 0x00007fe618b10000]
 total_blobs=1761 nmethods=837 adapters=838
 compilation: enabled
              stopped_count=0, restarted_count=0
 full_count=0

Compilation events (20 events):
Event: 0.690 Thread 0x00007fe630188800  833       3       org.lwjgl.system.Checks::check (17 bytes)
Event: 0.691 Thread 0x00007fe630188800 nmethod 833 0x00007fe618c72e90 code [0x00007fe618c73060, 0x00007fe618c73380]
Event: 0.691 Thread 0x00007fe630188800  834       3       org.lwjgl.system.CheckIntrinsics::checkIndex (6 bytes)
Event: 0.691 Thread 0x00007fe630188800 nmethod 834 0x00007fe618c73510 code [0x00007fe618c73700, 0x00007fe618c73da0]
Event: 0.691 Thread 0x00007fe630188800  827       3       java.lang.reflect.Field::getLong (29 bytes)
Event: 0.691 Thread 0x00007fe630188800 nmethod 827 0x00007fe618c74010 code [0x00007fe618c74200, 0x00007fe618c74770]
Event: 0.692 Thread 0x00007fe630188800  836       3       java.util.zip.ZipEntry::<init> (74 bytes)
Event: 0.692 Thread 0x00007fe630188800 nmethod 836 0x00007fe618c74990 code [0x00007fe618c74b80, 0x00007fe618c750f0]
Event: 0.692 Thread 0x00007fe630188800  837       3       java.lang.invoke.MethodHandles$Lookup::lookupClassOrNull (27 bytes)
Event: 0.693 Thread 0x00007fe630188800 nmethod 837 0x00007fe618c75310 code [0x00007fe618c754a0, 0x00007fe618c75650]
Event: 0.699 Thread 0x00007fe630188800  839       3       java.lang.StringConcatHelper::newArray (26 bytes)
Event: 0.700 Thread 0x00007fe630188800 nmethod 839 0x00007fe618c75710 code [0x00007fe618c758c0, 0x00007fe618c75ae0]
Event: 0.705 Thread 0x00007fe630186800 nmethod 789 0x00007fe62008d990 code [0x00007fe62008dba0, 0x00007fe62008e5d8]
Event: 0.705 Thread 0x00007fe630186800  838       4       sun.misc.Unsafe::putByte (9 bytes)
Event: 0.705 Thread 0x00007fe630186800 nmethod 838 0x00007fe62008e910 code [0x00007fe62008ea80, 0x00007fe62008eaf8]
Event: 0.705 Thread 0x00007fe630186800  835       4       java.util.ArrayList::get (15 bytes)
Event: 0.706 Thread 0x00007fe630186800 nmethod 835 0x00007fe62008ec10 code [0x00007fe62008edc0, 0x00007fe62008eef8]
Event: 0.706 Thread 0x00007fe630186800  763       4       java.util.jar.JarFile::getEntry (22 bytes)
Event: 0.708 Thread 0x00007fe630186800 nmethod 763 0x00007fe62008f010 code [0x00007fe62008f1c0, 0x00007fe62008f388]
Event: 0.708 Thread 0x00007fe630186800  799   !   4       jdk.internal.loader.URLClassPath$JarLoader::getResource (65 bytes)

GC Heap History (4 events):
Event: 0.269 GC heap before
{Heap before GC invocations=0 (full 0):
 garbage-first heap   total 126976K, used 13312K [0x0000000085600000, 0x0000000100000000)
  region size 1024K, 13 young (13312K), 0 survivors (0K)
 Metaspace       used 7326K, capacity 7397K, committed 7680K, reserved 1056768K
  class space    used 627K, capacity 663K, committed 768K, reserved 1048576K
}
Event: 0.272 GC heap after
{Heap after GC invocations=1 (full 0):
 garbage-first heap   total 126976K, used 1616K [0x0000000085600000, 0x0000000100000000)
  region size 1024K, 2 young (2048K), 2 survivors (2048K)
 Metaspace       used 7326K, capacity 7397K, committed 7680K, reserved 1056768K
  class space    used 627K, capacity 663K, committed 768K, reserved 1048576K
}
Event: 0.589 GC heap before
{Heap before GC invocations=1 (full 0):
 garbage-first heap   total 126976K, used 19024K [0x0000000085600000, 0x0000000100000000)
  region size 1024K, 19 young (19456K), 2 survivors (2048K)
 Metaspace       used 9976K, capacity 10128K, committed 10496K, reserved 1058816K
  class space    used 704K, capacity 767K, committed 768K, reserved 1048576K
}
Event: 0.593 GC heap after
{Heap after GC invocations=2 (full 0):
 garbage-first heap   total 126976K, used 2321K [0x0000000085600000, 0x0000000100000000)
  region size 1024K, 1 young (1024K), 1 survivors (1024K)
 Metaspace       used 9976K, capacity 10128K, committed 10496K, reserved 1058816K
  class space    used 704K, capacity 767K, committed 768K, reserved 1048576K
}

Deoptimization events (20 events):
Event: 0.321 Thread 0x00007fe630019800 Uncommon trap: trap_request=0xffffffde fr.pc=0x00007fe62006e268 relative=0x00000000000003c8
Event: 0.321 Thread 0x00007fe630019800 Uncommon trap: reason=class_check action=maybe_recompile pc=0x00007fe62006e268 method=java.util.HashMap.getNode(ILjava/lang/Object;)Ljava/util/HashMap$Node; @ 59 c2
Event: 0.321 Thread 0x00007fe630019800 DEOPT PACKING pc=0x00007fe62006e268 sp=0x00007fe635b5d5d0
Event: 0.321 Thread 0x00007fe630019800 DEOPT UNPACKING pc=0x00007fe6185c7e25 sp=0x00007fe635b5d508 mode 2
Event: 0.419 Thread 0x00007fe630019800 Uncommon trap: trap_request=0xffffffde fr.pc=0x00007fe62006e268 relative=0x00000000000003c8
Event: 0.419 Thread 0x00007fe630019800 Uncommon trap: reason=class_check action=maybe_recompile pc=0x00007fe62006e268 method=java.util.HashMap.getNode(ILjava/lang/Object;)Ljava/util/HashMap$Node; @ 59 c2
Event: 0.419 Thread 0x00007fe630019800 DEOPT PACKING pc=0x00007fe62006e268 sp=0x00007fe635b5d8c0
Event: 0.419 Thread 0x00007fe630019800 DEOPT UNPACKING pc=0x00007fe6185c7e25 sp=0x00007fe635b5d7f8 mode 2
Event: 0.454 Thread 0x00007fe630019800 Uncommon trap: trap_request=0xffffff54 fr.pc=0x00007fe6200813e0 relative=0x0000000000000060
Event: 0.454 Thread 0x00007fe630019800 Uncommon trap: reason=speculate_null_assert action=make_not_entrant pc=0x00007fe6200813e0 method=sun.misc.Unsafe.putLong(Ljava/lang/Object;JJ)V @ 7 c2
Event: 0.454 Thread 0x00007fe630019800 DEOPT PACKING pc=0x00007fe6200813e0 sp=0x00007fe635b5e4e0
Event: 0.454 Thread 0x00007fe630019800 DEOPT UNPACKING pc=0x00007fe6185c7e25 sp=0x00007fe635b5e478 mode 2
Event: 0.454 Thread 0x00007fe630019800 Uncommon trap: trap_request=0xffffff45 fr.pc=0x00007fe62007aa90 relative=0x0000000000000970
Event: 0.454 Thread 0x00007fe630019800 Uncommon trap: reason=unstable_if action=reinterpret pc=0x00007fe62007aa90 method=java.util.jar.JarFile.getVersionedEntry(Ljava/lang/String;Ljava/util/jar/JarEntry;)Ljava/util/jar/JarEntry; @ 67 c2
Event: 0.454 Thread 0x00007fe630019800 DEOPT PACKING pc=0x00007fe62007aa90 sp=0x00007fe635b5d7f0
Event: 0.454 Thread 0x00007fe630019800 DEOPT UNPACKING pc=0x00007fe6185c7e25 sp=0x00007fe635b5d7d8 mode 2
Event: 0.459 Thread 0x00007fe630019800 Uncommon trap: trap_request=0xffffff54 fr.pc=0x00007fe620082e58 relative=0x0000000000000058
Event: 0.459 Thread 0x00007fe630019800 Uncommon trap: reason=speculate_null_assert action=make_not_entrant pc=0x00007fe620082e58 method=sun.misc.Unsafe.getLong(Ljava/lang/Object;J)J @ 5 c2
Event: 0.459 Thread 0x00007fe630019800 DEOPT PACKING pc=0x00007fe620082e58 sp=0x00007fe635b5e360
Event: 0.459 Thread 0x00007fe630019800 DEOPT UNPACKING pc=0x00007fe6185c7e25 sp=0x00007fe635b5e308 mode 2

Classes unloaded (0 events):
No events

Classes redefined (0 events):
No events

Internal exceptions (7 events):
Event: 0.247 Thread 0x00007fe630019800 Exception <a 'java/lang/NoSuchMethodError'{0x000000008c6d1c48}: 'void java.lang.invoke.DelegatingMethodHandle$Holder.delegate(java.lang.Object, java.lang.Object, int, java.lang.Object)'> (0x000000008c6d1c48) 
thrown [src/hotspot/share/interpreter/linkResolver.cpp, line 765]
Event: 0.248 Thread 0x00007fe630019800 Exception <a 'java/lang/NoSuchMethodError'{0x000000008c6d8948}: 'java.lang.Object java.lang.invoke.DirectMethodHandle$Holder.invokeStaticInit(java.lang.Object, java.lang.Object, java.lang.Object)'> (0x000000008c6d8948) 
thrown [src/hotspot/share/interpreter/linkResolver.cpp, line 765]
Event: 0.265 Thread 0x00007fe630019800 Exception <a 'sun/nio/fs/UnixException'{0x000000008c5d93a0}> (0x000000008c5d93a0) 
thrown [src/hotspot/share/prims/jni.cpp, line 599]
Event: 0.312 Thread 0x00007fe630019800 Exception <a 'sun/nio/fs/UnixException'{0x000000008cd35450}> (0x000000008cd35450) 
thrown [src/hotspot/share/prims/jni.cpp, line 599]
Event: 0.323 Thread 0x00007fe630019800 Exception <a 'sun/nio/fs/UnixException'{0x000000008cb0cfc8}> (0x000000008cb0cfc8) 
thrown [src/hotspot/share/prims/jni.cpp, line 599]
Event: 0.421 Thread 0x00007fe630019800 Exception <a 'sun/nio/fs/UnixException'{0x000000008ca87518}> (0x000000008ca87518) 
thrown [src/hotspot/share/prims/jni.cpp, line 599]
Event: 0.423 Thread 0x00007fe630019800 Exception <a 'sun/nio/fs/UnixException'{0x000000008cacec68}> (0x000000008cacec68) 
thrown [src/hotspot/share/prims/jni.cpp, line 599]

Events (20 events):
Event: 0.325 loading class jdk/internal/reflect/UnsafeQualifiedStaticIntegerFieldAccessorImpl done
Event: 0.327 Executing VM operation: HandshakeOneThread
Event: 0.327 Executing VM operation: HandshakeOneThread done
Event: 0.412 Executing VM operation: HandshakeOneThread
Event: 0.413 Executing VM operation: HandshakeOneThread done
Event: 0.413 Executing VM operation: HandshakeOneThread
Event: 0.413 Executing VM operation: HandshakeOneThread done
Event: 0.421 Loaded shared library /tmp/lwjglfranz/3.2.3-build-13/liblwjgl_opengl.so
Event: 0.432 loading class java/util/LinkedHashSet
Event: 0.432 loading class java/util/LinkedHashSet done
Event: 0.432 Executing VM operation: HandshakeAllThreads
Event: 0.432 Executing VM operation: HandshakeAllThreads done
Event: 0.465 Loaded shared library /tmp/lwjglfranz/3.2.3-build-13/liblwjgl.so
Event: 0.567 Loaded shared library /usr/lib/jvm/java-14-openjdk/lib/libzip.so
Event: 0.589 Executing VM operation: G1CollectForAllocation
Event: 0.593 Executing VM operation: G1CollectForAllocation done
Event: 0.662 loading class jdk/internal/reflect/UnsafeQualifiedLongFieldAccessorImpl
Event: 0.662 loading class jdk/internal/reflect/UnsafeQualifiedFieldAccessorImpl
Event: 0.663 loading class jdk/internal/reflect/UnsafeQualifiedFieldAccessorImpl done
Event: 0.663 loading class jdk/internal/reflect/UnsafeQualifiedLongFieldAccessorImpl done


Dynamic libraries:
85600000-8d200000 rw-p 00000000 00:00 0 
8d200000-100000000 ---p 00000000 00:00 0 
100000000-1000e0000 rw-p 00000000 00:00 0 
1000e0000-140000000 ---p 00000000 00:00 0 
55f8ade3d000-55f8ade3e000 r--p 00000000 08:03 5645854                    /usr/lib/jvm/java-14-openjdk/bin/java
55f8ade3e000-55f8ade3f000 r-xp 00001000 08:03 5645854                    /usr/lib/jvm/java-14-openjdk/bin/java
55f8ade3f000-55f8ade40000 r--p 00002000 08:03 5645854                    /usr/lib/jvm/java-14-openjdk/bin/java
55f8ade40000-55f8ade41000 r--p 00002000 08:03 5645854                    /usr/lib/jvm/java-14-openjdk/bin/java
55f8ade41000-55f8ade42000 rw-p 00003000 08:03 5645854                    /usr/lib/jvm/java-14-openjdk/bin/java
55f8ae615000-55f8ae636000 rw-p 00000000 00:00 0                          [heap]
7fe5a8000000-7fe5a8021000 rw-p 00000000 00:00 0 
7fe5a8021000-7fe5ac000000 ---p 00000000 00:00 0 
7fe5af627000-7fe5af6e7000 rw-p 00000000 00:00 0 
7fe5af6e7000-7fe5af827000 ---p 00000000 00:00 0 
7fe5af827000-7fe5afa27000 rw-p 00000000 00:00 0 
7fe5afa27000-7fe5afa7f000 r-xp 00000000 00:30 79                         /tmp/lwjglfranz/3.2.3-build-13/liblwjgl_opengl.so
7fe5afa7f000-7fe5afc7e000 ---p 00058000 00:30 79                         /tmp/lwjglfranz/3.2.3-build-13/liblwjgl_opengl.so
7fe5afc7e000-7fe5afc7f000 r--p 00057000 00:30 79                         /tmp/lwjglfranz/3.2.3-build-13/liblwjgl_opengl.so
7fe5afc7f000-7fe5afc80000 rw-p 00058000 00:30 79                         /tmp/lwjglfranz/3.2.3-build-13/liblwjgl_opengl.so
7fe5afc80000-7fe5afd80000 rw-s 10dcbc000 00:0d 11572                     anon_inode:i915.gem
7fe5afd80000-7fe5b0000000 rw-s 10e07b000 00:0d 11572                     anon_inode:i915.gem
7fe5b0000000-7fe5b0021000 rw-p 00000000 00:00 0 
7fe5b0021000-7fe5b4000000 ---p 00000000 00:00 0 
7fe5b4000000-7fe5b4021000 rw-p 00000000 00:00 0 
7fe5b4021000-7fe5b8000000 ---p 00000000 00:00 0 
7fe5b8000000-7fe5b8025000 rw-p 00000000 00:00 0 
7fe5b8025000-7fe5bc000000 ---p 00000000 00:00 0 
7fe5bc05e000-7fe5bc06e000 rw-s 10ddbc000 00:0d 11572                     anon_inode:i915.gem
7fe5bc06e000-7fe5bc072000 rw-s 103a7d000 00:0d 11572                     anon_inode:i915.gem
7fe5bc072000-7fe5bc0f2000 rw-s 105396000 00:0d 11572                     anon_inode:i915.gem
7fe5bc0f2000-7fe5bc102000 rw-s 103cdf000 00:0d 11572                     anon_inode:i915.gem
7fe5bc102000-7fe5bc103000 ---p 00000000 00:00 0 
7fe5bc103000-7fe5bc903000 rw-p 00000000 00:00 0 
7fe5bc903000-7fe5bc904000 ---p 00000000 00:00 0 
7fe5bc904000-7fe5bd104000 rw-p 00000000 00:00 0 
7fe5bd104000-7fe5bd105000 ---p 00000000 00:00 0 
7fe5bd105000-7fe5bd905000 rw-p 00000000 00:00 0 
7fe5bd905000-7fe5bd906000 ---p 00000000 00:00 0 
7fe5bd906000-7fe5be106000 rw-p 00000000 00:00 0 
7fe5be106000-7fe5be247000 rw-s 00000000 08:03 10747917                   /home/franz/.cache/mesa_shader_cache/index
7fe5be247000-7fe5bfd5d000 r--p 00000000 08:03 5521587                    /usr/lib/libicudata.so.67.1
7fe5bfd5d000-7fe5bfd5e000 r--p 01b15000 08:03 5521587                    /usr/lib/libicudata.so.67.1
7fe5bfd5e000-7fe5bfd61000 r--p 00000000 08:03 5518120                    /usr/lib/liblzma.so.5.2.5
7fe5bfd61000-7fe5bfd78000 r-xp 00003000 08:03 5518120                    /usr/lib/liblzma.so.5.2.5
7fe5bfd78000-7fe5bfd83000 r--p 0001a000 08:03 5518120                    /usr/lib/liblzma.so.5.2.5
7fe5bfd83000-7fe5bfd84000 ---p 00025000 08:03 5518120                    /usr/lib/liblzma.so.5.2.5
7fe5bfd84000-7fe5bfd85000 r--p 00025000 08:03 5518120                    /usr/lib/liblzma.so.5.2.5
7fe5bfd85000-7fe5bfd86000 rw-p 00026000 08:03 5518120                    /usr/lib/liblzma.so.5.2.5
7fe5bfd86000-7fe5bfdea000 r--p 00000000 08:03 5521607                    /usr/lib/libicuuc.so.67.1
7fe5bfdea000-7fe5bfed0000 r-xp 00064000 08:03 5521607                    /usr/lib/libicuuc.so.67.1
7fe5bfed0000-7fe5bff57000 r--p 0014a000 08:03 5521607                    /usr/lib/libicuuc.so.67.1
7fe5bff57000-7fe5bff58000 ---p 001d1000 08:03 5521607                    /usr/lib/libicuuc.so.67.1
7fe5bff58000-7fe5bff6a000 r--p 001d1000 08:03 5521607                    /usr/lib/libicuuc.so.67.1
7fe5bff6a000-7fe5bff6b000 rw-p 001e3000 08:03 5521607                    /usr/lib/libicuuc.so.67.1
7fe5bff6b000-7fe5bff6d000 rw-p 00000000 00:00 0 
7fe5bff6d000-7fe5bff9b000 r--p 00000000 08:03 5526779                    /usr/lib/libxml2.so.2.9.10
7fe5bff9b000-7fe5c0084000 r-xp 0002e000 08:03 5526779                    /usr/lib/libxml2.so.2.9.10
7fe5c0084000-7fe5c00cf000 r--p 00117000 08:03 5526779                    /usr/lib/libxml2.so.2.9.10
7fe5c00cf000-7fe5c00d8000 r--p 00161000 08:03 5526779                    /usr/lib/libxml2.so.2.9.10
7fe5c00d8000-7fe5c00d9000 rw-p 0016a000 08:03 5526779                    /usr/lib/libxml2.so.2.9.10
7fe5c00d9000-7fe5c00db000 rw-p 00000000 00:00 0 
7fe5c00db000-7fe5c00f2000 r--p 00000000 08:03 5509263                    /usr/lib/libncursesw.so.6.2
7fe5c00f2000-7fe5c012e000 r-xp 00017000 08:03 5509263                    /usr/lib/libncursesw.so.6.2
7fe5c012e000-7fe5c0146000 r--p 00053000 08:03 5509263                    /usr/lib/libncursesw.so.6.2
7fe5c0146000-7fe5c014b000 r--p 0006a000 08:03 5509263                    /usr/lib/libncursesw.so.6.2
7fe5c014b000-7fe5c014c000 rw-p 0006f000 08:03 5509263                    /usr/lib/libncursesw.so.6.2
7fe5c014c000-7fe5c0155000 r--p 00000000 08:03 5533630                    /usr/lib/libedit.so.0.0.63
7fe5c0155000-7fe5c0172000 r-xp 00009000 08:03 5533630                    /usr/lib/libedit.so.0.0.63
7fe5c0172000-7fe5c0180000 r--p 00026000 08:03 5533630                    /usr/lib/libedit.so.0.0.63
7fe5c0180000-7fe5c0181000 ---p 00034000 08:03 5533630                    /usr/lib/libedit.so.0.0.63
7fe5c0181000-7fe5c0183000 r--p 00034000 08:03 5533630                    /usr/lib/libedit.so.0.0.63
7fe5c0183000-7fe5c0184000 rw-p 00036000 08:03 5533630                    /usr/lib/libedit.so.0.0.63
7fe5c0184000-7fe5c0187000 rw-p 00000000 00:00 0 
7fe5c0187000-7fe5c0189000 r--p 00000000 08:03 5520516                    /usr/lib/libffi.so.7.1.0
7fe5c0189000-7fe5c018f000 r-xp 00002000 08:03 5520516                    /usr/lib/libffi.so.7.1.0
7fe5c018f000-7fe5c0191000 r--p 00008000 08:03 5520516                    /usr/lib/libffi.so.7.1.0
7fe5c0191000-7fe5c0192000 r--p 00009000 08:03 5520516                    /usr/lib/libffi.so.7.1.0
7fe5c0192000-7fe5c0193000 rw-p 0000a000 08:03 5520516                    /usr/lib/libffi.so.7.1.0
7fe5c0193000-7fe5c01a8000 r--p 00000000 08:03 5550937                    /usr/lib/libvulkan.so.1.2.164
7fe5c01a8000-7fe5c01da000 r-xp 00015000 08:03 5550937                    /usr/lib/libvulkan.so.1.2.164
7fe5c01da000-7fe5c01ee000 r--p 00047000 08:03 5550937                    /usr/lib/libvulkan.so.1.2.164
7fe5c01ee000-7fe5c01f1000 r--p 0005a000 08:03 5550937                    /usr/lib/libvulkan.so.1.2.164
7fe5c01f1000-7fe5c01f2000 rw-p 0005d000 08:03 5550937                    /usr/lib/libvulkan.so.1.2.164
7fe5c01f2000-7fe5c01f4000 r--p 00000000 08:03 5533858                    /usr/lib/libdrm_nouveau.so.2.0.0
7fe5c01f4000-7fe5c01f8000 r-xp 00002000 08:03 5533858                    /usr/lib/libdrm_nouveau.so.2.0.0
7fe5c01f8000-7fe5c01fa000 r--p 00006000 08:03 5533858                    /usr/lib/libdrm_nouveau.so.2.0.0
7fe5c01fa000-7fe5c01fb000 r--p 00007000 08:03 5533858                    /usr/lib/libdrm_nouveau.so.2.0.0
7fe5c01fb000-7fe5c01fc000 rw-p 00008000 08:03 5533858                    /usr/lib/libdrm_nouveau.so.2.0.0
7fe5c01fc000-7fe5c01ff000 r--p 00000000 08:03 5533679                    /usr/lib/libdrm_amdgpu.so.1.0.0
7fe5c01ff000-7fe5c0204000 r-xp 00003000 08:03 5533679                    /usr/lib/libdrm_amdgpu.so.1.0.0
7fe5c0204000-7fe5c0206000 r--p 00008000 08:03 5533679                    /usr/lib/libdrm_amdgpu.so.1.0.0
7fe5c0206000-7fe5c0207000 r--p 00009000 08:03 5533679                    /usr/lib/libdrm_amdgpu.so.1.0.0
7fe5c0207000-7fe5c0208000 rw-p 0000a000 08:03 5533679                    /usr/lib/libdrm_amdgpu.so.1.0.0
7fe5c0208000-7fe5c020b000 r--p 00000000 08:03 5546694                    /usr/lib/libelf-0.181.so
7fe5c020b000-7fe5c021b000 r-xp 00003000 08:03 5546694                    /usr/lib/libelf-0.181.so
7fe5c021b000-7fe5c021f000 r--p 00013000 08:03 5546694                    /usr/lib/libelf-0.181.so
7fe5c021f000-7fe5c0220000 ---p 00017000 08:03 5546694                    /usr/lib/libelf-0.181.so
7fe5c0220000-7fe5c0221000 r--p 00017000 08:03 5546694                    /usr/lib/libelf-0.181.so
7fe5c0221000-7fe5c0222000 rw-p 00018000 08:03 5546694                    /usr/lib/libelf-0.181.so
7fe5c0222000-7fe5c0224000 r--p 00000000 08:03 5533861                    /usr/lib/libdrm_radeon.so.1.0.1
7fe5c0224000-7fe5c022b000 r-xp 00002000 08:03 5533861                    /usr/lib/libdrm_radeon.so.1.0.1
7fe5c022b000-7fe5c022f000 r--p 00009000 08:03 5533861                    /usr/lib/libdrm_radeon.so.1.0.1
7fe5c022f000-7fe5c0230000 r--p 0000c000 08:03 5533861                    /usr/lib/libdrm_radeon.so.1.0.1
7fe5c0230000-7fe5c0231000 rw-p 0000d000 08:03 5533861                    /usr/lib/libdrm_radeon.so.1.0.1
7fe5c0231000-7fe5c0234000 r--p 00000000 08:03 5535097                    /usr/lib/libsensors.so.5.0.0
7fe5c0234000-7fe5c023b000 r-xp 00003000 08:03 5535097                    /usr/lib/libsensors.so.5.0.0
7fe5c023b000-7fe5c0240000 r--p 0000a000 08:03 5535097                    /usr/lib/libsensors.so.5.0.0
7fe5c0240000-7fe5c0241000 ---p 0000f000 08:03 5535097                    /usr/lib/libsensors.so.5.0.0
7fe5c0241000-7fe5c0242000 r--p 0000f000 08:03 5535097                    /usr/lib/libsensors.so.5.0.0
7fe5c0242000-7fe5c0243000 rw-p 00010000 08:03 5535097                    /usr/lib/libsensors.so.5.0.0
7fe5c0243000-7fe5c0248000 r--p 00000000 08:03 5522060                    /usr/lib/libzstd.so.1.4.5
7fe5c0248000-7fe5c0301000 r-xp 00005000 08:03 5522060                    /usr/lib/libzstd.so.1.4.5
7fe5c0301000-7fe5c0313000 r--p 000be000 08:03 5522060                    /usr/lib/libzstd.so.1.4.5
7fe5c0313000-7fe5c0314000 r--p 000cf000 08:03 5522060                    /usr/lib/libzstd.so.1.4.5
7fe5c0314000-7fe5c0315000 rw-p 000d0000 08:03 5522060                    /usr/lib/libzstd.so.1.4.5
7fe5c0315000-7fe5c0b6d000 r--p 00000000 08:03 5537882                    /usr/lib/libLLVM-11.so
7fe5c0b6d000-7fe5c3ccc000 r-xp 00858000 08:03 5537882                    /usr/lib/libLLVM-11.so
7fe5c3ccc000-7fe5c58b4000 r--p 039b7000 08:03 5537882                    /usr/lib/libLLVM-11.so
7fe5c58b4000-7fe5c58b5000 ---p 0559f000 08:03 5537882                    /usr/lib/libLLVM-11.so
7fe5c58b5000-7fe5c5cfc000 r--p 0559f000 08:03 5537882                    /usr/lib/libLLVM-11.so
7fe5c5cfc000-7fe5c5d06000 rw-p 059e6000 08:03 5537882                    /usr/lib/libLLVM-11.so
7fe5c5d06000-7fe5c5d74000 rw-p 00000000 00:00 0 
7fe5c5d74000-7fe5c5e88000 r--p 00000000 08:03 5904121                    /usr/lib/dri/iris_dri.so
7fe5c5e88000-7fe5c6d61000 r-xp 00114000 08:03 5904121                    /usr/lib/dri/iris_dri.so
7fe5c6d61000-7fe5c7180000 r--p 00fed000 08:03 5904121                    /usr/lib/dri/iris_dri.so
7fe5c7180000-7fe5c7278000 r--p 0140b000 08:03 5904121                    /usr/lib/dri/iris_dri.so
7fe5c7278000-7fe5c730c000 rw-p 01503000 08:03 5904121                    /usr/lib/dri/iris_dri.so
7fe5c730c000-7fe5c7542000 rw-p 00000000 00:00 0 
7fe5c7542000-7fe5c7543000 r--p 00000000 08:03 5533687                    /usr/lib/libxshmfence.so.1.0.0
7fe5c7543000-7fe5c7544000 r-xp 00001000 08:03 5533687                    /usr/lib/libxshmfence.so.1.0.0
7fe5c7544000-7fe5c7545000 r--p 00002000 08:03 5533687                    /usr/lib/libxshmfence.so.1.0.0
7fe5c7545000-7fe5c7546000 r--p 00002000 08:03 5533687                    /usr/lib/libxshmfence.so.1.0.0
7fe5c7546000-7fe5c7547000 rw-p 00003000 08:03 5533687                    /usr/lib/libxshmfence.so.1.0.0
7fe5c7547000-7fe5c754a000 r--p 00000000 08:03 5529965                    /usr/lib/libxcb-sync.so.1.0.0
7fe5c754a000-7fe5c754d000 r-xp 00003000 08:03 5529965                    /usr/lib/libxcb-sync.so.1.0.0
7fe5c754d000-7fe5c754e000 r--p 00006000 08:03 5529965                    /usr/lib/libxcb-sync.so.1.0.0
7fe5c754e000-7fe5c754f000 ---p 00007000 08:03 5529965                    /usr/lib/libxcb-sync.so.1.0.0
7fe5c754f000-7fe5c7550000 r--p 00007000 08:03 5529965                    /usr/lib/libxcb-sync.so.1.0.0
7fe5c7550000-7fe5c7551000 rw-p 00008000 08:03 5529965                    /usr/lib/libxcb-sync.so.1.0.0
7fe5c7551000-7fe5c7552000 r--p 00000000 08:03 5526792                    /usr/lib/libxcb-present.so.0.0.0
7fe5c7552000-7fe5c7553000 r-xp 00001000 08:03 5526792                    /usr/lib/libxcb-present.so.0.0.0
7fe5c7553000-7fe5c7554000 r--p 00002000 08:03 5526792                    /usr/lib/libxcb-present.so.0.0.0
7fe5c7554000-7fe5c7555000 r--p 00002000 08:03 5526792                    /usr/lib/libxcb-present.so.0.0.0
7fe5c7555000-7fe5c7556000 rw-p 00003000 08:03 5526792                    /usr/lib/libxcb-present.so.0.0.0
7fe5c7556000-7fe5c7558000 r--p 00000000 08:03 5526786                    /usr/lib/libxcb-dri3.so.0.0.0
7fe5c7558000-7fe5c7559000 r-xp 00002000 08:03 5526786                    /usr/lib/libxcb-dri3.so.0.0.0
7fe5c7559000-7fe5c755a000 r--p 00003000 08:03 5526786                    /usr/lib/libxcb-dri3.so.0.0.0
7fe5c755a000-7fe5c755b000 r--p 00003000 08:03 5526786                    /usr/lib/libxcb-dri3.so.0.0.0
7fe5c755b000-7fe5c755c000 rw-p 00004000 08:03 5526786                    /usr/lib/libxcb-dri3.so.0.0.0
7fe5c755c000-7fe5c7560000 r--p 00000000 08:03 5536577                    /usr/lib/libexpat.so.1.6.12
7fe5c7560000-7fe5c757d000 r-xp 00004000 08:03 5536577                    /usr/lib/libexpat.so.1.6.12
7fe5c757d000-7fe5c7587000 r--p 00021000 08:03 5536577                    /usr/lib/libexpat.so.1.6.12
7fe5c7587000-7fe5c7588000 ---p 0002b000 08:03 5536577                    /usr/lib/libexpat.so.1.6.12
7fe5c7588000-7fe5c758a000 r--p 0002b000 08:03 5536577                    /usr/lib/libexpat.so.1.6.12
7fe5c758a000-7fe5c758b000 rw-p 0002d000 08:03 5536577                    /usr/lib/libexpat.so.1.6.12
7fe5c758b000-7fe5c758c000 r--p 00000000 08:03 5528091                    /usr/lib/libxcb-shm.so.0.0.0
7fe5c758c000-7fe5c758d000 r-xp 00001000 08:03 5528091                    /usr/lib/libxcb-shm.so.0.0.0
7fe5c758d000-7fe5c758e000 r--p 00002000 08:03 5528091                    /usr/lib/libxcb-shm.so.0.0.0
7fe5c758e000-7fe5c758f000 r--p 00002000 08:03 5528091                    /usr/lib/libxcb-shm.so.0.0.0
7fe5c758f000-7fe5c7590000 rw-p 00003000 08:03 5528091                    /usr/lib/libxcb-shm.so.0.0.0
7fe5c7590000-7fe5c7591000 r--p 00000000 08:03 5546340                    /usr/lib/libXdamage.so.1.1.0
7fe5c7591000-7fe5c7592000 r-xp 00001000 08:03 5546340                    /usr/lib/libXdamage.so.1.1.0
7fe5c7592000-7fe5c7593000 r--p 00002000 08:03 5546340                    /usr/lib/libXdamage.so.1.1.0
7fe5c7593000-7fe5c7594000 r--p 00002000 08:03 5546340                    /usr/lib/libXdamage.so.1.1.0
7fe5c7594000-7fe5c7595000 rw-p 00003000 08:03 5546340                    /usr/lib/libXdamage.so.1.1.0
7fe5c7595000-7fe5c7597000 r--p 00000000 08:03 5526783                    /usr/lib/libxcb-dri2.so.0.0.0
7fe5c7597000-7fe5c7599000 r-xp 00002000 08:03 5526783                    /usr/lib/libxcb-dri2.so.0.0.0
7fe5c7599000-7fe5c759a000 r--p 00004000 08:03 5526783                    /usr/lib/libxcb-dri2.so.0.0.0
7fe5c759a000-7fe5c759b000 r--p 00004000 08:03 5526783                    /usr/lib/libxcb-dri2.so.0.0.0
7fe5c759b000-7fe5c759c000 rw-p 00005000 08:03 5526783                    /usr/lib/libxcb-dri2.so.0.0.0
7fe5c759c000-7fe5c75a8000 r--p 00000000 08:03 5551048                    /usr/lib/libglapi.so.0.0.0
7fe5c75a8000-7fe5c75b6000 r-xp 0000c000 08:03 5551048                    /usr/lib/libglapi.so.0.0.0
7fe5c75b6000-7fe5c75cf000 r--p 0001a000 08:03 5551048                    /usr/lib/libglapi.so.0.0.0
7fe5c75cf000-7fe5c75d0000 ---p 00033000 08:03 5551048                    /usr/lib/libglapi.so.0.0.0
7fe5c75d0000-7fe5c75d4000 r--p 00033000 08:03 5551048                    /usr/lib/libglapi.so.0.0.0
7fe5c75d4000-7fe5c75d5000 rw-p 00037000 08:03 5551048                    /usr/lib/libglapi.so.0.0.0
7fe5c75d5000-7fe5c75d6000 rw-p 00000000 00:00 0 
7fe5c75d6000-7fe5c75ef000 r--p 00000000 08:03 5551037                    /usr/lib/libGLX_mesa.so.0.0.0
7fe5c75ef000-7fe5c7636000 r-xp 00019000 08:03 5551037                    /usr/lib/libGLX_mesa.so.0.0.0
7fe5c7636000-7fe5c764e000 r--p 00060000 08:03 5551037                    /usr/lib/libGLX_mesa.so.0.0.0
7fe5c764e000-7fe5c764f000 ---p 00078000 08:03 5551037                    /usr/lib/libGLX_mesa.so.0.0.0
7fe5c764f000-7fe5c7652000 r--p 00078000 08:03 5551037                    /usr/lib/libGLX_mesa.so.0.0.0
7fe5c7652000-7fe5c7653000 rw-p 0007b000 08:03 5551037                    /usr/lib/libGLX_mesa.so.0.0.0
7fe5c7653000-7fe5c7693000 r--p 00000000 08:03 5540529                    /usr/lib/libGLdispatch.so.0.0.0
7fe5c7693000-7fe5c76d1000 r-xp 00040000 08:03 5540529                    /usr/lib/libGLdispatch.so.0.0.0
7fe5c76d1000-7fe5c76e4000 r--p 0007e000 08:03 5540529                    /usr/lib/libGLdispatch.so.0.0.0
7fe5c76e4000-7fe5c76e5000 ---p 00091000 08:03 5540529                    /usr/lib/libGLdispatch.so.0.0.0
7fe5c76e5000-7fe5c7701000 r--p 00091000 08:03 5540529                    /usr/lib/libGLdispatch.so.0.0.0
7fe5c7701000-7fe5c7702000 rw-p 000ad000 08:03 5540529                    /usr/lib/libGLdispatch.so.0.0.0
7fe5c7702000-7fe5c770a000 rw-p 00000000 00:00 0 
7fe5c770a000-7fe5c777e000 rw-p 00000000 00:00 0 
7fe5c777e000-7fe5c7782000 rw-s 11622a000 00:0d 11572                     anon_inode:i915.gem
7fe5c7782000-7fe5c778e000 r--p 00000000 08:03 5526789                    /usr/lib/libxcb-glx.so.0.0.0
7fe5c778e000-7fe5c7797000 r-xp 0000c000 08:03 5526789                    /usr/lib/libxcb-glx.so.0.0.0
7fe5c7797000-7fe5c779c000 r--p 00015000 08:03 5526789                    /usr/lib/libxcb-glx.so.0.0.0
7fe5c779c000-7fe5c779d000 ---p 0001a000 08:03 5526789                    /usr/lib/libxcb-glx.so.0.0.0
7fe5c779d000-7fe5c779f000 r--p 0001a000 08:03 5526789                    /usr/lib/libxcb-glx.so.0.0.0
7fe5c779f000-7fe5c77a0000 rw-p 0001c000 08:03 5526789                    /usr/lib/libxcb-glx.so.0.0.0
7fe5c77a0000-7fe5c77a3000 r--p 00000000 08:03 5540430                    /usr/lib/libGLX.so.0.0.0
7fe5c77a3000-7fe5c77bd000 r-xp 00003000 08:03 5540430                    /usr/lib/libGLX.so.0.0.0
7fe5c77bd000-7fe5c77c0000 r--p 0001d000 08:03 5540430                    /usr/lib/libGLX.so.0.0.0
7fe5c77c0000-7fe5c77c1000 ---p 00020000 08:03 5540430                    /usr/lib/libGLX.so.0.0.0
7fe5c77c1000-7fe5c77c2000 r--p 00020000 08:03 5540430                    /usr/lib/libGLX.so.0.0.0
7fe5c77c2000-7fe5c77c3000 rw-p 00021000 08:03 5540430                    /usr/lib/libGLX.so.0.0.0
7fe5c77c3000-7fe5c77d3000 rw-p 00000000 00:00 0 
7fe5c77d3000-7fe5c7815000 r--p 00000000 08:03 5536825                    /usr/lib/libGL.so.1.7.0
7fe5c7815000-7fe5c7834000 r-xp 00042000 08:03 5536825                    /usr/lib/libGL.so.1.7.0
7fe5c7834000-7fe5c7849000 r--p 00061000 08:03 5536825                    /usr/lib/libGL.so.1.7.0
7fe5c7849000-7fe5c7857000 r--p 00075000 08:03 5536825                    /usr/lib/libGL.so.1.7.0
7fe5c7857000-7fe5c7858000 rw-p 00083000 08:03 5536825                    /usr/lib/libGL.so.1.7.0
7fe5c7858000-7fe5c7859000 rw-p 00000000 00:00 0 
7fe5c7859000-7fe5c7875000 r--p 00000000 08:03 5532687                    /usr/lib/libX11.so.6.4.0
7fe5c7875000-7fe5c78ff000 r-xp 0001c000 08:03 5532687                    /usr/lib/libX11.so.6.4.0
7fe5c78ff000-7fe5c7993000 r--p 000a6000 08:03 5532687                    /usr/lib/libX11.so.6.4.0
7fe5c7993000-7fe5c7996000 r--p 00139000 08:03 5532687                    /usr/lib/libX11.so.6.4.0
7fe5c7996000-7fe5c799a000 rw-p 0013c000 08:03 5532687                    /usr/lib/libX11.so.6.4.0
7fe5c799a000-7fe5c79dd000 r-xp 00000000 00:30 78                         /tmp/lwjglfranz/3.2.3-build-13/libglfw.so
7fe5c79dd000-7fe5c7bdc000 ---p 00043000 00:30 78                         /tmp/lwjglfranz/3.2.3-build-13/libglfw.so
7fe5c7bdc000-7fe5c7bdd000 r--p 00042000 00:30 78                         /tmp/lwjglfranz/3.2.3-build-13/libglfw.so
7fe5c7bdd000-7fe5c7bdf000 rw-p 00043000 00:30 78                         /tmp/lwjglfranz/3.2.3-build-13/libglfw.so
7fe5c7bdf000-7fe5c7c00000 rw-p 00000000 00:00 0 
7fe5c7c00000-7fe5c8611000 rw-p 00000000 00:00 0 
7fe5c8611000-7fe5cc000000 ---p 00000000 00:00 0 
7fe5cc000000-7fe5cc021000 rw-p 00000000 00:00 0 
7fe5cc021000-7fe5d0000000 ---p 00000000 00:00 0 
7fe5d0000000-7fe5d0021000 rw-p 00000000 00:00 0 
7fe5d0021000-7fe5d4000000 ---p 00000000 00:00 0 
7fe5d4000000-7fe5d4021000 rw-p 00000000 00:00 0 
7fe5d4021000-7fe5d8000000 ---p 00000000 00:00 0 
7fe5d8000000-7fe5d8021000 rw-p 00000000 00:00 0 
7fe5d8021000-7fe5dc000000 ---p 00000000 00:00 0 
7fe5dc000000-7fe5dc021000 rw-p 00000000 00:00 0 
7fe5dc021000-7fe5e0000000 ---p 00000000 00:00 0 
7fe5e0000000-7fe5e03dc000 rw-p 00000000 00:00 0 
7fe5e03dc000-7fe5e4000000 ---p 00000000 00:00 0 
7fe5e4000000-7fe5e43d8000 rw-p 00000000 00:00 0 
7fe5e43d8000-7fe5e8000000 ---p 00000000 00:00 0 
7fe5e8000000-7fe5e8021000 rw-p 00000000 00:00 0 
7fe5e8021000-7fe5ec000000 ---p 00000000 00:00 0 
7fe5ec000000-7fe5ec021000 rw-p 00000000 00:00 0 
7fe5ec021000-7fe5f0000000 ---p 00000000 00:00 0 
7fe5f0000000-7fe5f0021000 rw-p 00000000 00:00 0 
7fe5f0021000-7fe5f4000000 ---p 00000000 00:00 0 
7fe5f4000000-7fe5f4021000 rw-p 00000000 00:00 0 
7fe5f4021000-7fe5f8000000 ---p 00000000 00:00 0 
7fe5f8000000-7fe5f8021000 rw-p 00000000 00:00 0 
7fe5f8021000-7fe5fc000000 ---p 00000000 00:00 0 
7fe5fc000000-7fe5fc031000 rw-p 00000000 00:00 0 
7fe5fc031000-7fe600000000 ---p 00000000 00:00 0 
7fe600000000-7fe600021000 rw-p 00000000 00:00 0 
7fe600021000-7fe604000000 ---p 00000000 00:00 0 
7fe604000000-7fe604400000 rw-p 00000000 00:00 0 
7fe604403000-7fe604408000 r--p 00000000 08:03 5533667                    /usr/lib/libdrm.so.2.4.0
7fe604408000-7fe604412000 r-xp 00005000 08:03 5533667                    /usr/lib/libdrm.so.2.4.0
7fe604412000-7fe604416000 r--p 0000f000 08:03 5533667                    /usr/lib/libdrm.so.2.4.0
7fe604416000-7fe604417000 r--p 00012000 08:03 5533667                    /usr/lib/libdrm.so.2.4.0
7fe604417000-7fe604418000 rw-p 00013000 08:03 5533667                    /usr/lib/libdrm.so.2.4.0
7fe604418000-7fe604419000 r--p 00000000 08:03 5532682                    /usr/lib/libX11-xcb.so.1.0.0
7fe604419000-7fe60441a000 r-xp 00001000 08:03 5532682                    /usr/lib/libX11-xcb.so.1.0.0
7fe60441a000-7fe60441b000 r--p 00002000 08:03 5532682                    /usr/lib/libX11-xcb.so.1.0.0
7fe60441b000-7fe60441c000 r--p 00002000 08:03 5532682                    /usr/lib/libX11-xcb.so.1.0.0
7fe60441c000-7fe60441d000 rw-p 00003000 08:03 5532682                    /usr/lib/libX11-xcb.so.1.0.0
7fe60441d000-7fe60441f000 r--p 00000000 08:03 5534293                    /usr/lib/libXfixes.so.3.1.0
7fe60441f000-7fe604422000 r-xp 00002000 08:03 5534293                    /usr/lib/libXfixes.so.3.1.0
7fe604422000-7fe604423000 r--p 00005000 08:03 5534293                    /usr/lib/libXfixes.so.3.1.0
7fe604423000-7fe604424000 ---p 00006000 08:03 5534293                    /usr/lib/libXfixes.so.3.1.0
7fe604424000-7fe604425000 r--p 00006000 08:03 5534293                    /usr/lib/libXfixes.so.3.1.0
7fe604425000-7fe604426000 rw-p 00007000 08:03 5534293                    /usr/lib/libXfixes.so.3.1.0
7fe604426000-7fe604429000 r--p 00000000 08:03 5534485                    /usr/lib/libXcursor.so.1.0.2
7fe604429000-7fe60442e000 r-xp 00003000 08:03 5534485                    /usr/lib/libXcursor.so.1.0.2
7fe60442e000-7fe604430000 r--p 00008000 08:03 5534485                    /usr/lib/libXcursor.so.1.0.2
7fe604430000-7fe604431000 r--p 00009000 08:03 5534485                    /usr/lib/libXcursor.so.1.0.2
7fe604431000-7fe604432000 rw-p 0000a000 08:03 5534485                    /usr/lib/libXcursor.so.1.0.2
7fe604432000-7fe604434000 r--p 00000000 08:03 5546327                    /usr/lib/libXrender.so.1.3.0
7fe604434000-7fe60443b000 r-xp 00002000 08:03 5546327                    /usr/lib/libXrender.so.1.3.0
7fe60443b000-7fe60443d000 r--p 00009000 08:03 5546327                    /usr/lib/libXrender.so.1.3.0
7fe60443d000-7fe60443e000 r--p 0000a000 08:03 5546327                    /usr/lib/libXrender.so.1.3.0
7fe60443e000-7fe60443f000 rw-p 0000b000 08:03 5546327                    /usr/lib/libXrender.so.1.3.0
7fe60443f000-7fe604441000 r--p 00000000 08:03 5534532                    /usr/lib/libXrandr.so.2.2.0
7fe604441000-7fe604448000 r-xp 00002000 08:03 5534532                    /usr/lib/libXrandr.so.2.2.0
7fe604448000-7fe60444a000 r--p 00009000 08:03 5534532                    /usr/lib/libXrandr.so.2.2.0
7fe60444a000-7fe60444b000 r--p 0000a000 08:03 5534532                    /usr/lib/libXrandr.so.2.2.0
7fe60444b000-7fe60444c000 rw-p 0000b000 08:03 5534532                    /usr/lib/libXrandr.so.2.2.0
7fe60444c000-7fe60444f000 r--p 00000000 08:03 5534216                    /usr/lib/libXi.so.6.1.0
7fe60444f000-7fe60445a000 r-xp 00003000 08:03 5534216                    /usr/lib/libXi.so.6.1.0
7fe60445a000-7fe60445d000 r--p 0000e000 08:03 5534216                    /usr/lib/libXi.so.6.1.0
7fe60445d000-7fe60445e000 r--p 00010000 08:03 5534216                    /usr/lib/libXi.so.6.1.0
7fe60445e000-7fe60445f000 rw-p 00011000 08:03 5534216                    /usr/lib/libXi.so.6.1.0
7fe60445f000-7fe604463000 r--p 00000000 08:03 5533760                    /usr/lib/libXext.so.6.4.0
7fe604463000-7fe60446e000 r-xp 00004000 08:03 5533760                    /usr/lib/libXext.so.6.4.0
7fe60446e000-7fe604472000 r--p 0000f000 08:03 5533760                    /usr/lib/libXext.so.6.4.0
7fe604472000-7fe604473000 r--p 00012000 08:03 5533760                    /usr/lib/libXext.so.6.4.0
7fe604473000-7fe604474000 rw-p 00013000 08:03 5533760                    /usr/lib/libXext.so.6.4.0
7fe604474000-7fe604480000 r--p 00000000 08:03 5530325                    /usr/lib/libxcb.so.1.1.0
7fe604480000-7fe604493000 r-xp 0000c000 08:03 5530325                    /usr/lib/libxcb.so.1.1.0
7fe604493000-7fe60449c000 r--p 0001f000 08:03 5530325                    /usr/lib/libxcb.so.1.1.0
7fe60449c000-7fe60449d000 r--p 00027000 08:03 5530325                    /usr/lib/libxcb.so.1.1.0
7fe60449d000-7fe60449e000 rw-p 00028000 08:03 5530325                    /usr/lib/libxcb.so.1.1.0
7fe60449f000-7fe6044a1000 rw-s 10d72e000 00:0d 11572                     anon_inode:i915.gem
7fe6044a1000-7fe6044b1000 rw-s 10f9bc000 00:0d 11572                     anon_inode:i915.gem
7fe6044b1000-7fe6044b5000 rw-s 116226000 00:0d 11572                     anon_inode:i915.gem
7fe6044b5000-7fe6044c5000 rw-s 106a6c000 00:0d 11572                     anon_inode:i915.gem
7fe6044c5000-7fe6044d5000 rw-s 1107b2000 00:0d 11572                     anon_inode:i915.gem
7fe6044d5000-7fe604528000 r-xp 00000000 00:30 77                         /tmp/lwjglfranz/3.2.3-build-13/libjemalloc.so
7fe604528000-7fe604728000 ---p 00053000 00:30 77                         /tmp/lwjglfranz/3.2.3-build-13/libjemalloc.so
7fe604728000-7fe60472d000 r--p 00053000 00:30 77                         /tmp/lwjglfranz/3.2.3-build-13/libjemalloc.so
7fe60472d000-7fe60472e000 rw-p 00058000 00:30 77                         /tmp/lwjglfranz/3.2.3-build-13/libjemalloc.so
7fe60472e000-7fe604941000 rw-p 00000000 00:00 0 
7fe604941000-7fe604942000 ---p 00000000 00:00 0 
7fe604942000-7fe604a43000 rw-p 00000000 00:00 0 
7fe604a43000-7fe604a94000 r-xp 00000000 00:30 76                         /tmp/lwjglfranz/3.2.3-build-13/liblwjgl.so
7fe604a94000-7fe604c93000 ---p 00051000 00:30 76                         /tmp/lwjglfranz/3.2.3-build-13/liblwjgl.so
7fe604c93000-7fe604c94000 r--p 00050000 00:30 76                         /tmp/lwjglfranz/3.2.3-build-13/liblwjgl.so
7fe604c94000-7fe604c95000 rw-p 00051000 00:30 76                         /tmp/lwjglfranz/3.2.3-build-13/liblwjgl.so
7fe604c95000-7fe604c99000 ---p 00000000 00:00 0 
7fe604c99000-7fe604dc7000 rw-p 00000000 00:00 0 
7fe604dc7000-7fe604dcb000 ---p 00000000 00:00 0 
7fe604dcb000-7fe604ec8000 rw-p 00000000 00:00 0 
7fe604ec8000-7fe604ec9000 ---p 00000000 00:00 0 
7fe604ec9000-7fe604fca000 rw-p 00000000 00:00 0 
7fe604fca000-7fe604fce000 ---p 00000000 00:00 0 
7fe604fce000-7fe6050cb000 rw-p 00000000 00:00 0 
7fe6050cb000-7fe6050cf000 ---p 00000000 00:00 0 
7fe6050cf000-7fe6051cc000 rw-p 00000000 00:00 0 
7fe6051cc000-7fe6051d0000 ---p 00000000 00:00 0 
7fe6051d0000-7fe6052cd000 rw-p 00000000 00:00 0 
7fe6052cd000-7fe605800000 r--p 00000000 08:03 5597548                    /usr/lib/locale/locale-archive
7fe605800000-7fe608000000 rw-p 00000000 00:00 0 
7fe608000000-7fe608021000 rw-p 00000000 00:00 0 
7fe608021000-7fe60c000000 ---p 00000000 00:00 0 
7fe60c000000-7fe60c021000 rw-p 00000000 00:00 0 
7fe60c021000-7fe610000000 ---p 00000000 00:00 0 
7fe610000000-7fe610021000 rw-p 00000000 00:00 0 
7fe610021000-7fe614000000 ---p 00000000 00:00 0 
7fe614000000-7fe614001000 rw-s 10c6ec000 00:0d 11572                     anon_inode:i915.gem
7fe614001000-7fe614002000 rw-s 00000000 00:01 167739                     /memfd:xshmfence (deleted)
7fe614002000-7fe614003000 r-xp 00000000 00:00 0 
7fe614003000-7fe614004000 r--p 00000000 08:03 5534522                    /usr/lib/libXinerama.so.1.0.0
7fe614004000-7fe614005000 r-xp 00001000 08:03 5534522                    /usr/lib/libXinerama.so.1.0.0
7fe614005000-7fe614006000 r--p 00002000 08:03 5534522                    /usr/lib/libXinerama.so.1.0.0
7fe614006000-7fe614007000 r--p 00002000 08:03 5534522                    /usr/lib/libXinerama.so.1.0.0
7fe614007000-7fe614008000 rw-p 00003000 08:03 5534522                    /usr/lib/libXinerama.so.1.0.0
7fe614008000-7fe614009000 r--p 00000000 08:03 5534967                    /usr/lib/libXxf86vm.so.1.0.0
7fe614009000-7fe61400c000 r-xp 00001000 08:03 5534967                    /usr/lib/libXxf86vm.so.1.0.0
7fe61400c000-7fe61400d000 r--p 00004000 08:03 5534967                    /usr/lib/libXxf86vm.so.1.0.0
7fe61400d000-7fe61400e000 r--p 00004000 08:03 5534967                    /usr/lib/libXxf86vm.so.1.0.0
7fe61400e000-7fe61400f000 rw-p 00005000 08:03 5534967                    /usr/lib/libXxf86vm.so.1.0.0
7fe61400f000-7fe614011000 r--p 00000000 08:03 5540027                    /usr/lib/libXdmcp.so.6.0.0
7fe614011000-7fe614013000 r-xp 00002000 08:03 5540027                    /usr/lib/libXdmcp.so.6.0.0
7fe614013000-7fe614015000 r--p 00004000 08:03 5540027                    /usr/lib/libXdmcp.so.6.0.0
7fe614015000-7fe614016000 r--p 00005000 08:03 5540027                    /usr/lib/libXdmcp.so.6.0.0
7fe614016000-7fe614017000 rw-p 00006000 08:03 5540027                    /usr/lib/libXdmcp.so.6.0.0
7fe614017000-7fe614018000 r--p 00000000 08:03 5530289                    /usr/lib/libXau.so.6.0.0
7fe614018000-7fe614019000 r-xp 00001000 08:03 5530289                    /usr/lib/libXau.so.6.0.0
7fe614019000-7fe61401a000 r--p 00002000 08:03 5530289                    /usr/lib/libXau.so.6.0.0
7fe61401a000-7fe61401b000 r--p 00002000 08:03 5530289                    /usr/lib/libXau.so.6.0.0
7fe61401b000-7fe61401c000 rw-p 00003000 08:03 5530289                    /usr/lib/libXau.so.6.0.0
7fe61401c000-7fe614020000 r--p 00000000 08:03 5647009                    /usr/lib/jvm/java-14-openjdk/lib/libnet.so
7fe614020000-7fe61402e000 r-xp 00004000 08:03 5647009                    /usr/lib/jvm/java-14-openjdk/lib/libnet.so
7fe61402e000-7fe614032000 r--p 00012000 08:03 5647009                    /usr/lib/jvm/java-14-openjdk/lib/libnet.so
7fe614032000-7fe614033000 r--p 00015000 08:03 5647009                    /usr/lib/jvm/java-14-openjdk/lib/libnet.so
7fe614033000-7fe614034000 rw-p 00016000 08:03 5647009                    /usr/lib/jvm/java-14-openjdk/lib/libnet.so
7fe614034000-7fe61403b000 r--p 00000000 08:03 5647012                    /usr/lib/jvm/java-14-openjdk/lib/libnio.so
7fe61403b000-7fe614043000 r-xp 00007000 08:03 5647012                    /usr/lib/jvm/java-14-openjdk/lib/libnio.so
7fe614043000-7fe614047000 r--p 0000f000 08:03 5647012                    /usr/lib/jvm/java-14-openjdk/lib/libnio.so
7fe614047000-7fe614048000 ---p 00013000 08:03 5647012                    /usr/lib/jvm/java-14-openjdk/lib/libnio.so
7fe614048000-7fe614049000 r--p 00013000 08:03 5647012                    /usr/lib/jvm/java-14-openjdk/lib/libnio.so
7fe614049000-7fe61404a000 rw-p 00014000 08:03 5647012                    /usr/lib/jvm/java-14-openjdk/lib/libnio.so
7fe61404a000-7fe61404e000 ---p 00000000 00:00 0 
7fe61404e000-7fe61414b000 rw-p 00000000 00:00 0 
7fe61414b000-7fe61414f000 ---p 00000000 00:00 0 
7fe61414f000-7fe61424c000 rw-p 00000000 00:00 0 
7fe61424c000-7fe614250000 ---p 00000000 00:00 0 
7fe614250000-7fe61434d000 rw-p 00000000 00:00 0 
7fe61434d000-7fe614351000 ---p 00000000 00:00 0 
7fe614351000-7fe61444e000 rw-p 00000000 00:00 0 
7fe61444e000-7fe614452000 ---p 00000000 00:00 0 
7fe614452000-7fe61454f000 rw-p 00000000 00:00 0 
7fe61454f000-7fe614550000 ---p 00000000 00:00 0 
7fe614550000-7fe61472d000 rw-p 00000000 00:00 0 
7fe61472d000-7fe61472e000 ---p 00000000 00:00 0 
7fe61472e000-7fe614a1f000 rw-p 00000000 00:00 0 
7fe614a1f000-7fe6166d7000 ---p 00000000 00:00 0 
7fe6166d7000-7fe6168c7000 rw-p 00000000 00:00 0 
7fe6168c7000-7fe61857f000 ---p 00000000 00:00 0 
7fe61857f000-7fe6187ef000 rwxp 00000000 00:00 0 
7fe6187ef000-7fe618b10000 ---p 00000000 00:00 0 
7fe618b10000-7fe618d80000 rwxp 00000000 00:00 0 
7fe618d80000-7fe620047000 ---p 00000000 00:00 0 
7fe620047000-7fe6202b7000 rwxp 00000000 00:00 0 
7fe6202b7000-7fe62757f000 ---p 00000000 00:00 0 
7fe62757f000-7fe630000000 r--s 00000000 08:03 5647026                    /usr/lib/jvm/java-14-openjdk/lib/modules
7fe630000000-7fe63119d000 rw-p 00000000 00:00 0 
7fe63119d000-7fe634000000 ---p 00000000 00:00 0 
7fe634000000-7fe634001000 rw-s 00000000 00:01 167738                     /memfd:xshmfence (deleted)
7fe634001000-7fe634084000 rw-p 00000000 00:00 0 
7fe634084000-7fe634085000 ---p 00000000 00:00 0 
7fe634085000-7fe63458a000 rw-p 00000000 00:00 0 
7fe63458a000-7fe63458b000 ---p 00000000 00:00 0 
7fe63458b000-7fe63468c000 rw-p 00000000 00:00 0 
7fe63468c000-7fe63468d000 ---p 00000000 00:00 0 
7fe63468d000-7fe63478e000 rw-p 00000000 00:00 0 
7fe63478e000-7fe63478f000 ---p 00000000 00:00 0 
7fe63478f000-7fe634910000 rw-p 00000000 00:00 0 
7fe634910000-7fe634ca7000 ---p 00000000 00:00 0 
7fe634ca7000-7fe634ce5000 rw-p 00000000 00:00 0 
7fe634ce5000-7fe63507c000 ---p 00000000 00:00 0 
7fe63507c000-7fe6350ba000 rw-p 00000000 00:00 0 
7fe6350ba000-7fe635451000 ---p 00000000 00:00 0 
7fe635451000-7fe63585a000 rw-p 00000000 00:00 0 
7fe63585a000-7fe635940000 ---p 00000000 00:00 0 
7fe635940000-7fe635945000 rw-p 00000000 00:00 0 
7fe635945000-7fe635a2b000 ---p 00000000 00:00 0 
7fe635a2b000-7fe635a30000 rw-p 00000000 00:00 0 
7fe635a30000-7fe635a37000 ---p 00000000 00:00 0 
7fe635a37000-7fe635a44000 r--p 00000000 08:03 5646082                    /usr/lib/jvm/java-14-openjdk/lib/libjava.so
7fe635a44000-7fe635a56000 r-xp 0000d000 08:03 5646082                    /usr/lib/jvm/java-14-openjdk/lib/libjava.so
7fe635a56000-7fe635a5c000 r--p 0001f000 08:03 5646082                    /usr/lib/jvm/java-14-openjdk/lib/libjava.so
7fe635a5c000-7fe635a5d000 r--p 00024000 08:03 5646082                    /usr/lib/jvm/java-14-openjdk/lib/libjava.so
7fe635a5d000-7fe635a5e000 rw-p 00025000 08:03 5646082                    /usr/lib/jvm/java-14-openjdk/lib/libjava.so
7fe635a5e000-7fe635a5f000 rw-p 00000000 00:00 0 
7fe635a5f000-7fe635a63000 ---p 00000000 00:00 0 
7fe635a63000-7fe635b60000 rw-p 00000000 00:00 0 
7fe635b60000-7fe635b63000 r--p 00000000 08:03 5509186                    /usr/lib/libgcc_s.so.1
7fe635b63000-7fe635b74000 r-xp 00003000 08:03 5509186                    /usr/lib/libgcc_s.so.1
7fe635b74000-7fe635b78000 r--p 00014000 08:03 5509186                    /usr/lib/libgcc_s.so.1
7fe635b78000-7fe635b79000 r--p 00017000 08:03 5509186                    /usr/lib/libgcc_s.so.1
7fe635b79000-7fe635b7a000 rw-p 00018000 08:03 5509186                    /usr/lib/libgcc_s.so.1
7fe635b7a000-7fe635b89000 r--p 00000000 08:03 5508539                    /usr/lib/libm-2.32.so
7fe635b89000-7fe635c25000 r-xp 0000f000 08:03 5508539                    /usr/lib/libm-2.32.so
7fe635c25000-7fe635cbe000 r--p 000ab000 08:03 5508539                    /usr/lib/libm-2.32.so
7fe635cbe000-7fe635cbf000 r--p 00143000 08:03 5508539                    /usr/lib/libm-2.32.so
7fe635cbf000-7fe635cc0000 rw-p 00144000 08:03 5508539                    /usr/lib/libm-2.32.so
7fe635cc0000-7fe635d56000 r--p 00000000 08:03 5536922                    /usr/lib/libstdc++.so.6.0.28
7fe635d56000-7fe635e42000 r-xp 00096000 08:03 5536922                    /usr/lib/libstdc++.so.6.0.28
7fe635e42000-7fe635e8b000 r--p 00182000 08:03 5536922                    /usr/lib/libstdc++.so.6.0.28
7fe635e8b000-7fe635e8c000 ---p 001cb000 08:03 5536922                    /usr/lib/libstdc++.so.6.0.28
7fe635e8c000-7fe635e99000 r--p 001cb000 08:03 5536922                    /usr/lib/libstdc++.so.6.0.28
7fe635e99000-7fe635e9a000 rw-p 001d8000 08:03 5536922                    /usr/lib/libstdc++.so.6.0.28
7fe635e9a000-7fe635e9d000 rw-p 00000000 00:00 0 
7fe635e9d000-7fe6360ca000 r--p 00000000 08:03 5647036                    /usr/lib/jvm/java-14-openjdk/lib/server/libjvm.so
7fe6360ca000-7fe636d36000 r-xp 0022d000 08:03 5647036                    /usr/lib/jvm/java-14-openjdk/lib/server/libjvm.so
7fe636d36000-7fe636f94000 r--p 00e99000 08:03 5647036                    /usr/lib/jvm/java-14-openjdk/lib/server/libjvm.so
7fe636f94000-7fe636f95000 ---p 010f7000 08:03 5647036                    /usr/lib/jvm/java-14-openjdk/lib/server/libjvm.so
7fe636f95000-7fe63703c000 r--p 010f7000 08:03 5647036                    /usr/lib/jvm/java-14-openjdk/lib/server/libjvm.so
7fe63703c000-7fe637075000 rw-p 0119e000 08:03 5647036                    /usr/lib/jvm/java-14-openjdk/lib/server/libjvm.so
7fe637075000-7fe6370f8000 rw-p 00000000 00:00 0 
7fe6370f8000-7fe6370ff000 r--p 00000000 08:03 5508595                    /usr/lib/libpthread-2.32.so
7fe6370ff000-7fe63710f000 r-xp 00007000 08:03 5508595                    /usr/lib/libpthread-2.32.so
7fe63710f000-7fe637114000 r--p 00017000 08:03 5508595                    /usr/lib/libpthread-2.32.so
7fe637114000-7fe637115000 r--p 0001b000 08:03 5508595                    /usr/lib/libpthread-2.32.so
7fe637115000-7fe637116000 rw-p 0001c000 08:03 5508595                    /usr/lib/libpthread-2.32.so
7fe637116000-7fe63711a000 rw-p 00000000 00:00 0 
7fe63711a000-7fe63711b000 r--p 00000000 08:03 5508523                    /usr/lib/libdl-2.32.so
7fe63711b000-7fe63711d000 r-xp 00001000 08:03 5508523                    /usr/lib/libdl-2.32.so
7fe63711d000-7fe63711e000 r--p 00003000 08:03 5508523                    /usr/lib/libdl-2.32.so
7fe63711e000-7fe63711f000 r--p 00003000 08:03 5508523                    /usr/lib/libdl-2.32.so
7fe63711f000-7fe637120000 rw-p 00004000 08:03 5508523                    /usr/lib/libdl-2.32.so
7fe637120000-7fe637123000 r--p 00000000 08:03 5518548                    /usr/lib/libz.so.1.2.11
7fe637123000-7fe637131000 r-xp 00003000 08:03 5518548                    /usr/lib/libz.so.1.2.11
7fe637131000-7fe637137000 r--p 00011000 08:03 5518548                    /usr/lib/libz.so.1.2.11
7fe637137000-7fe637138000 ---p 00017000 08:03 5518548                    /usr/lib/libz.so.1.2.11
7fe637138000-7fe637139000 r--p 00017000 08:03 5518548                    /usr/lib/libz.so.1.2.11
7fe637139000-7fe63713a000 rw-p 00018000 08:03 5518548                    /usr/lib/libz.so.1.2.11
7fe63713a000-7fe637160000 r--p 00000000 08:03 5508476                    /usr/lib/libc-2.32.so
7fe637160000-7fe6372ad000 r-xp 00026000 08:03 5508476                    /usr/lib/libc-2.32.so
7fe6372ad000-7fe6372f9000 r--p 00173000 08:03 5508476                    /usr/lib/libc-2.32.so
7fe6372f9000-7fe6372fc000 r--p 001be000 08:03 5508476                    /usr/lib/libc-2.32.so
7fe6372fc000-7fe6372ff000 rw-p 001c1000 08:03 5508476                    /usr/lib/libc-2.32.so
7fe6372ff000-7fe637303000 rw-p 00000000 00:00 0 
7fe637303000-7fe637304000 rwxp 00000000 00:00 0 
7fe637304000-7fe637305000 rw-s 10d7d8000 00:0d 11572                     anon_inode:i915.gem
7fe637305000-7fe637306000 rw-s 108ac9000 00:0d 11572                     anon_inode:i915.gem
7fe637306000-7fe637307000 rw-s 105d6a000 00:0d 11572                     anon_inode:i915.gem
7fe637307000-7fe637308000 r-xp 00000000 00:00 0 
7fe637308000-7fe63730a000 r--p 00000000 08:03 5647025                    /usr/lib/jvm/java-14-openjdk/lib/libzip.so
7fe63730a000-7fe63730e000 r-xp 00002000 08:03 5647025                    /usr/lib/jvm/java-14-openjdk/lib/libzip.so
7fe63730e000-7fe637310000 r--p 00006000 08:03 5647025                    /usr/lib/jvm/java-14-openjdk/lib/libzip.so
7fe637310000-7fe637311000 r--p 00007000 08:03 5647025                    /usr/lib/jvm/java-14-openjdk/lib/libzip.so
7fe637311000-7fe637312000 rw-p 00008000 08:03 5647025                    /usr/lib/jvm/java-14-openjdk/lib/libzip.so
7fe637312000-7fe63731a000 rw-s 00000000 00:30 1268                       /tmp/hsperfdata_franz/21658
7fe63731a000-7fe63731d000 r--p 00000000 08:03 5508585                    /usr/lib/libnss_files-2.32.so
7fe63731d000-7fe637324000 r-xp 00003000 08:03 5508585                    /usr/lib/libnss_files-2.32.so
7fe637324000-7fe637326000 r--p 0000a000 08:03 5508585                    /usr/lib/libnss_files-2.32.so
7fe637326000-7fe637327000 r--p 0000b000 08:03 5508585                    /usr/lib/libnss_files-2.32.so
7fe637327000-7fe637328000 rw-p 0000c000 08:03 5508585                    /usr/lib/libnss_files-2.32.so
7fe637328000-7fe63732e000 rw-p 00000000 00:00 0 
7fe63732e000-7fe63732f000 ---p 00000000 00:00 0 
7fe63732f000-7fe637330000 r--p 00000000 00:00 0 
7fe637330000-7fe637331000 ---p 00000000 00:00 0 
7fe637331000-7fe637333000 r--p 00000000 08:03 5646993                    /usr/lib/jvm/java-14-openjdk/lib/libjimage.so
7fe637333000-7fe637336000 r-xp 00002000 08:03 5646993                    /usr/lib/jvm/java-14-openjdk/lib/libjimage.so
7fe637336000-7fe637337000 r--p 00005000 08:03 5646993                    /usr/lib/jvm/java-14-openjdk/lib/libjimage.so
7fe637337000-7fe637338000 ---p 00006000 08:03 5646993                    /usr/lib/jvm/java-14-openjdk/lib/libjimage.so
7fe637338000-7fe637339000 r--p 00006000 08:03 5646993                    /usr/lib/jvm/java-14-openjdk/lib/libjimage.so
7fe637339000-7fe63733a000 rw-p 00007000 08:03 5646993                    /usr/lib/jvm/java-14-openjdk/lib/libjimage.so
7fe63733a000-7fe63733d000 r--p 00000000 08:03 5646995                    /usr/lib/jvm/java-14-openjdk/lib/libjli.so
7fe63733d000-7fe637347000 r-xp 00003000 08:03 5646995                    /usr/lib/jvm/java-14-openjdk/lib/libjli.so
7fe637347000-7fe63734a000 r--p 0000d000 08:03 5646995                    /usr/lib/jvm/java-14-openjdk/lib/libjli.so
7fe63734a000-7fe63734b000 ---p 00010000 08:03 5646995                    /usr/lib/jvm/java-14-openjdk/lib/libjli.so
7fe63734b000-7fe63734c000 r--p 00010000 08:03 5646995                    /usr/lib/jvm/java-14-openjdk/lib/libjli.so
7fe63734c000-7fe63734d000 rw-p 00011000 08:03 5646995                    /usr/lib/jvm/java-14-openjdk/lib/libjli.so
7fe63734d000-7fe63734f000 rw-p 00000000 00:00 0 
7fe63734f000-7fe637351000 r--p 00000000 08:03 5508418                    /usr/lib/ld-2.32.so
7fe637351000-7fe637372000 r-xp 00002000 08:03 5508418                    /usr/lib/ld-2.32.so
7fe637372000-7fe63737b000 r--p 00023000 08:03 5508418                    /usr/lib/ld-2.32.so
7fe63737b000-7fe63737c000 r--p 0002b000 08:03 5508418                    /usr/lib/ld-2.32.so
7fe63737c000-7fe63737e000 rw-p 0002c000 08:03 5508418                    /usr/lib/ld-2.32.so
7ffefde8c000-7ffefdeaf000 rw-p 00000000 00:00 0                          [stack]
7ffefdffa000-7ffefdffe000 r--p 00000000 00:00 0                          [vvar]
7ffefdffe000-7ffefe000000 r-xp 00000000 00:00 0                          [vdso]
ffffffffff600000-ffffffffff601000 --xp 00000000 00:00 0                  [vsyscall]


VM Arguments:
jvm_args: -Dfile.encoding=UTF-8 -Duser.country=US -Duser.language=en -Duser.variant 
java_command: openGLTutorial.Peano2D
java_class_path (initial): /home/franz/uni/geometriacomputazionale/lwjgl/build/classes/java/main:/home/franz/uni/geometriacomputazionale/lwjgl/build/resources/main:/home/franz/.gradle/caches/modules-2/files-2.1/org.lwjgl/lwjgl-assimp/3.2.3/f62aa07a20afbdd3097efc296c4841e0d29700eb/lwjgl-assimp-3.2.3.jar:/home/franz/.gradle/caches/modules-2/files-2.1/org.lwjgl/lwjgl-assimp/3.2.3/9ecc218db17c49f2819a5a80dee7efea65a9ac4f/lwjgl-assimp-3.2.3-natives-linux.jar:/home/franz/.gradle/caches/modules-2/files-2.1/org.lwjgl/lwjgl-bgfx/3.2.3/433883c4040fa8df47244dffa1d42c96ce2143de/lwjgl-bgfx-3.2.3.jar:/home/franz/.gradle/caches/modules-2/files-2.1/org.lwjgl/lwjgl-bgfx/3.2.3/b30a656e8833ab98cc9434686c17390dbfa12531/lwjgl-bgfx-3.2.3-natives-linux.jar:/home/franz/.gradle/caches/modules-2/files-2.1/org.lwjgl/lwjgl-cuda/3.2.3/fb91f3aaa29e69eee7f1314a63d3e3068ad138e4/lwjgl-cuda-3.2.3.jar:/home/franz/.gradle/caches/modules-2/files-2.1/org.lwjgl/lwjgl-egl/3.2.3/45ad689a4346fac69d4e8696fa02aaa98f0ea196/lwjgl-egl-3.2.3.jar:/home/franz/.gradle/caches/modules-2/files-2.1/org.lwjgl/lwjgl-glfw/3.2.3/5e520d5c290c8b012545a8d34fa5db5ab051ea53/lwjgl-glfw-3.2.3.jar:/home/franz/.gradle/caches/modules-2/files-2.1/org.lwjgl/lwjgl-glfw/3.2.3/62b044d9b0a057444bef2ab70b9afc288ec09dba/lwjgl-glfw-3.2.3-natives-linux.jar:/home/franz/.gradle/caches/modules-2/files-2.1/org.lwjgl/lwjgl-jawt/3.2.3/b93ceb43c55c28651e178af42e1f344e1e9d8bf3/lwjgl-jawt-3.2.3.jar:/home/franz/.gradle/caches/modules-2/files-2.1/org.lwjgl/lwjgl-jemalloc/3.2.3/b6fd0932171ba3f2eaa4547beddca3a3e645342d/lwjgl-jemalloc-3.2.3.jar:/home/franz/.gradle/caches/modules-2/files-2.1/org.lwjgl/lwjgl-jemalloc/3.2.3/8d2dca364c11781de596fbcdee6782752e318cfb/lwjgl-jemalloc-3.2.3-natives-linux.jar:/home/franz/.gradle/caches/modules-2/files-2.1/org.lwjgl/lwjgl-libdivide/3.2.3/58c515f934b8b3fd64897d436a9aaea518ac180a/lwjgl-libdivide-3.2.3.jar:/home/franz/.gradle/caches/modules-2/files-2.1/org.lwjgl/lwjgl-libdivide/3.2.3/ad8330a8227d52a9fe3350ca8ebf47f6b17
Launcher Type: SUN_STANDARD

[Global flags]
     intx CICompilerCount                          = 3                                         {product} {ergonomic}
     uint ConcGCThreads                            = 1                                         {product} {ergonomic}
     uint G1ConcRefinementThreads                  = 4                                         {product} {ergonomic}
   size_t G1HeapRegionSize                         = 1048576                                   {product} {ergonomic}
    uintx GCDrainStackTargetSize                   = 64                                        {product} {ergonomic}
   size_t InitialHeapSize                          = 130023424                                 {product} {ergonomic}
   size_t MarkStackSize                            = 4194304                                   {product} {ergonomic}
   size_t MaxHeapSize                              = 2057306112                                {product} {ergonomic}
   size_t MaxNewSize                               = 1234173952                                {product} {ergonomic}
   size_t MinHeapDeltaBytes                        = 1048576                                   {product} {ergonomic}
   size_t MinHeapSize                              = 8388608                                   {product} {ergonomic}
    uintx NonNMethodCodeHeapSize                   = 5832780                                {pd product} {ergonomic}
    uintx NonProfiledCodeHeapSize                  = 122912730                              {pd product} {ergonomic}
    uintx ProfiledCodeHeapSize                     = 122912730                              {pd product} {ergonomic}
    uintx ReservedCodeCacheSize                    = 251658240                              {pd product} {ergonomic}
     bool SegmentedCodeCache                       = true                                      {product} {ergonomic}
   size_t SoftMaxHeapSize                          = 2057306112                             {manageable} {ergonomic}
     bool UseCompressedClassPointers               = true                                 {lp64_product} {ergonomic}
     bool UseCompressedOops                        = true                                 {lp64_product} {ergonomic}
     bool UseG1GC                                  = true                                      {product} {ergonomic}

Logging:
Log output configuration:
 #0: stdout all=warning uptime,level,tags
 #1: stderr all=off uptime,level,tags

Environment Variables:
PATH=/usr/local/sbin:/usr/local/bin:/usr/bin:/usr/lib/jvm/default/bin:/usr/bin/site_perl:/usr/bin/vendor_perl:/usr/bin/core_perl
SHELL=/bin/bash
DISPLAY=:0

Signal Handlers:
SIGSEGV: [libjvm.so+0xe28980], sa_mask[0]=11111111011111111101111111111110, sa_flags=SA_RESTART|SA_SIGINFO
SIGBUS: [libjvm.so+0xe28980], sa_mask[0]=11111111011111111101111111111110, sa_flags=SA_RESTART|SA_SIGINFO
SIGFPE: [libjvm.so+0xe28980], sa_mask[0]=11111111011111111101111111111110, sa_flags=SA_RESTART|SA_SIGINFO
SIGPIPE: [libjvm.so+0xb86c20], sa_mask[0]=11111111011111111101111111111110, sa_flags=SA_RESTART|SA_SIGINFO
SIGXFSZ: [libjvm.so+0xb86c20], sa_mask[0]=11111111011111111101111111111110, sa_flags=SA_RESTART|SA_SIGINFO
SIGILL: [libjvm.so+0xe28980], sa_mask[0]=11111111011111111101111111111110, sa_flags=SA_RESTART|SA_SIGINFO
SIGUSR2: [libjvm.so+0xb86ab0], sa_mask[0]=00100000000000000000000000000000, sa_flags=SA_RESTART|SA_SIGINFO
SIGHUP: [libjvm.so+0xb87330], sa_mask[0]=11111111011111111101111111111110, sa_flags=SA_RESTART|SA_SIGINFO
SIGINT: [libjvm.so+0xb87330], sa_mask[0]=11111111011111111101111111111110, sa_flags=SA_RESTART|SA_SIGINFO
SIGTERM: [libjvm.so+0xb87330], sa_mask[0]=11111111011111111101111111111110, sa_flags=SA_RESTART|SA_SIGINFO
SIGQUIT: [libjvm.so+0xb87330], sa_mask[0]=11111111011111111101111111111110, sa_flags=SA_RESTART|SA_SIGINFO


---------------  S Y S T E M  ---------------

OS:LSB_VERSION=1.4
DISTRIB_ID=Arch
DISTRIB_RELEASE=rolling
DISTRIB_DESCRIPTION="Arch Linux"
uname:Linux 5.9.14-arch1-1 #1 SMP PREEMPT Sat, 12 Dec 2020 14:37:12 +0000 x86_64
OS uptime: 0 days 12:22 hours
libc:glibc 2.32 NPTL 2.32 
rlimit: STACK 8192k, CORE infinity, NPROC 31311, NOFILE 524288, AS infinity, DATA infinity, FSIZE infinity
load average:2.37 2.56 2.37

/proc/meminfo:
MemTotal:        8029432 kB
MemFree:          624624 kB
MemAvailable:    1669364 kB
Buffers:          159684 kB
Cached:          2126524 kB
SwapCached:           20 kB
Active:          1054088 kB
Inactive:        5523964 kB
Active(anon):      81712 kB
Inactive(anon):  5124108 kB
Active(file):     972376 kB
Inactive(file):   399856 kB
Unevictable:      468348 kB
Mlocked:               0 kB
SwapTotal:       8388604 kB
SwapFree:        8387068 kB
Dirty:              2060 kB
Writeback:             0 kB
AnonPages:       4760280 kB
Mapped:          1023048 kB
Shmem:            922380 kB
KReclaimable:      97080 kB
Slab:             168852 kB
SReclaimable:      97080 kB
SUnreclaim:        71772 kB
KernelStack:       14912 kB
PageTables:        40136 kB
NFS_Unstable:          0 kB
Bounce:                0 kB
WritebackTmp:          0 kB
CommitLimit:    12403320 kB
Committed_AS:   10832192 kB
VmallocTotal:   34359738367 kB
VmallocUsed:       70920 kB
VmallocChunk:          0 kB
Percpu:             2160 kB
HardwareCorrupted:     0 kB
AnonHugePages:         0 kB
ShmemHugePages:        0 kB
ShmemPmdMapped:        0 kB
FileHugePages:         0 kB
FilePmdMapped:         0 kB
HugePages_Total:       0
HugePages_Free:        0
HugePages_Rsvd:        0
HugePages_Surp:        0
Hugepagesize:       2048 kB
Hugetlb:               0 kB
DirectMap4k:      304540 kB
DirectMap2M:     7964672 kB
DirectMap1G:           0 kB


/proc/sys/kernel/threads-max (system-wide limit on the number of threads):
62623


/proc/sys/vm/max_map_count (maximum number of memory map areas a process may have):
65530


/proc/sys/kernel/pid_max (system-wide limit on number of process identifiers):
4194304



container (cgroup) information:
container_type: cgroupv1
cpu_cpuset_cpus: 0-3
cpu_memory_nodes: 0
active_processor_count: 4
cpu_quota: no quota
cpu_period: 100000
cpu_shares: no shares
memory_limit_in_bytes: unlimited
memory_and_swap_limit_in_bytes: unlimited
memory_soft_limit_in_bytes: unlimited
memory_usage_in_bytes: 7054598144
memory_max_usage_in_bytes: 7568187392

Steal ticks since vm start: 0
Steal ticks percentage since vm start:  0.000

CPU:total 4 (initial active 4) (2 cores per cpu, 2 threads per core) family 6 model 142 stepping 9, cmov, cx8, fxsr, mmx, sse, sse2, sse3, ssse3, sse4.1, sse4.2, popcnt, avx, avx2, aes, clmul, erms, 3dnowpref, lzcnt, ht, tsc, tscinvbit, bmi1, bmi2, adx, fma
CPU Model and flags from /proc/cpuinfo:
model name	: Intel(R) Core(TM) i7-7500U CPU @ 2.70GHz
flags		: fpu vme de pse tsc msr pae mce cx8 apic sep mtrr pge mca cmov pat pse36 clflush dts acpi mmx fxsr sse sse2 ss ht tm pbe syscall nx pdpe1gb rdtscp lm constant_tsc art arch_perfmon pebs bts rep_good nopl xtopology nonstop_tsc cpuid aperfmperf pni pclmulqdq dtes64 monitor ds_cpl vmx est tm2 ssse3 sdbg fma cx16 xtpr pdcm pcid sse4_1 sse4_2 x2apic movbe popcnt tsc_deadline_timer aes xsave avx f16c rdrand lahf_lm abm 3dnowprefetch cpuid_fault epb invpcid_single pti tpr_shadow vnmi flexpriority ept vpid ept_ad fsgsbase tsc_adjust bmi1 avx2 smep bmi2 erms invpcid mpx rdseed adx smap clflushopt intel_pt xsaveopt xsavec xgetbv1 xsaves dtherm ida arat pln pts hwp hwp_notify hwp_act_window hwp_epp

Memory: 4k page, physical 8029432k(624624k free), swap 8388604k(8387068k free)

vm_info: OpenJDK 64-Bit Server VM (14.0.2+12) for linux-amd64 JRE (14.0.2+12), built on Jul 16 2020 20:46:47 by "builduser" with gcc 10.1.0

END.
